This file contains any messages produced by compilers while
running configure, to aid debugging if configure makes a mistake.

It was created by ViennaRNA configure 2.0.4, which was
generated by GNU Autoconf 2.68.  Invocation command line was

  $ ./configure 

## --------- ##
## Platform. ##
## --------- ##

hostname = zewail
uname -m = x86_64
uname -r = 3.1.10-1.9-default
uname -s = Linux
uname -v = #1 SMP Thu Apr 5 18:48:38 UTC 2012 (4a97ec8)

/usr/bin/uname -p = unknown
/bin/uname -X     = unknown

/bin/arch              = x86_64
/usr/bin/arch -k       = unknown
/usr/convex/getsysinfo = unknown
/usr/bin/hostinfo      = unknown
/bin/machine           = unknown
/usr/bin/oslevel       = unknown
/bin/universe          = unknown

PATH: /cs/local/bin
PATH: /cs/local/generic/bin
PATH: /cs/local/bin/pbm+
PATH: /bin
PATH: /usr/ucb
PATH: /usr/bin
PATH: /ubc/cs/home/j/jeffrp/bin
PATH: /ubc/cs/home/j/jeffrp/bin/ix64linux
PATH: /ubc/cs/home/j/jeffrp/perl5/bin
PATH: /usr/lib64/mpi/gcc/openmpi/bin
PATH: /usr/local/bin
PATH: /usr/bin/X11
PATH: /usr/X11R6/bin
PATH: /usr/games
PATH: /opt/kde3/bin
PATH: /usr/lib/mit/bin
PATH: /usr/lib/mit/sbin
PATH: /usr/lib/qt3/bin
PATH: /usr/sbin
PATH: /usr/lib/lp/postscript
PATH: /home/o/oracle/bin
PATH: /ubc/cs/research/irmtraud/people/jeffrp/bin
PATH: /ubc/cs/research/irmtraud/people/jujubix/bin/src/R-2.13.2/bin


## ----------- ##
## Core tests. ##
## ----------- ##

configure:2264: loading site script /usr/share/site/x86_64-unknown-linux-gnu
| #!/bin/sh
| # Site script for configure. It is resourced via \$CONFIG_SITE environment varaible.
| 
| # If user did not specify libdir, guess the correct target:
| # Use lib64 for 64 bit targets, keep the default for the rest.
| if test "$libdir" = '${exec_prefix}/lib' ; then
| 
| 	# We are trying to guess 32-bit target compilation. It's not as easy as
| 	# it sounds, as there is possible several intermediate combinations.
| 	ac_config_site_32bit_target=NONE
| 
| 	# User defined -m32 in CFLAGS or CXXFLAGS:
| 	# (It's sufficient for 32-bit, but alone may cause mis-behavior of some checks.)
| 	case "$CFLAGS" in
| 		*-m32*)
| 			ac_config_site_32bit_target=YES
| 			;;
| 	esac
| 	case "$CXXFLAGS" in
| 		*-m32*)
| 			ac_config_site_32bit_target=YES
| 			;;
| 	esac
| 
| 	# User explicitly specified counterpart --host:
| 	# (If cross toolchain is installed, generates 32-bit, else generates native.)
| 	case "$host" in
| 			*i[3456]86-* | ppc-* | s390-* )
| 			ac_config_site_32bit_target=YES
| 			;;
| 	esac
| 
| 	# Running with linux32:
| 	# (Changes detected platform, but not the toolchain target.)
| 	case "`/bin/uname -i`" in
| 		x86_64 | ppc64 | s390x )
| 			;;
| 		* )
| 			ac_config_site_32bit_target=YES
| 			;;
| 	esac
| 
| 	if test "x$ac_config_site_32bit_target" = xNONE; then
| 		libdir='${exec_prefix}/lib64'
| 	fi
| fi
| 
| # If user did not specify libexecdir, guess the correct target:
| # Nor FHS nor openSUSE allow prefix/libexec. Let's default to prefix/lib.
| 
| libexecdir='${exec_prefix}/lib'
| 
| # Continue with the standard behavior of configure defined in AC_SITE_LOAD:
| if test "x$prefix" != xNONE; then
| 	ac_site_file1=$prefix/share/config.site
| 	ac_site_file2=$prefix/etc/config.site
| else
| 	ac_site_file1=$ac_default_prefix/share/config.site
| 	ac_site_file2=$ac_default_prefix/etc/config.site
| fi
| for ac_site_file in "$ac_site_file1" "$ac_site_file2"
| do
| 	test "x$ac_site_file" = xNONE && continue
| 	if test /dev/null != "$ac_site_file" && test -r "$ac_site_file"; then
| 		{ $as_echo "/usr/share/site/x86_64-unknown-linux-gnu:${as_lineno-$LINENO}: loading site script $ac_site_file" >&5
| $as_echo "/usr/share/site/x86_64-unknown-linux-gnu: loading site script $ac_site_file" >&6;}
| 		sed 's/^/| /' "$ac_site_file" >&5
| 		. "$ac_site_file" \
| 			|| { { $as_echo "/usr/share/site/x86_64-unknown-linux-gnu:${as_lineno-$LINENO}: error: in \`$ac_pwd':" >&5
| $as_echo "/usr/share/site/x86_64-unknown-linux-gnu: error: in \`$ac_pwd':" >&2;}
| as_fn_error $? "failed to load site script $ac_site_file
| See \`config.log' for more details" "$LINENO" 5; }
| 	fi
| done
configure:2483: checking for a BSD-compatible install
configure:2551: result: /usr/bin/install -c
configure:2562: checking whether build environment is sane
configure:2612: result: yes
configure:2753: checking for a thread-safe mkdir -p
configure:2792: result: /bin/mkdir -p
configure:2805: checking for gawk
configure:2821: found /bin/gawk
configure:2832: result: gawk
configure:2843: checking whether make sets $(MAKE)
configure:2865: result: yes
configure:2949: checking if malloc debugging is wanted
configure:2967: result: no
configure:2983: checking build system type
configure:2997: result: x86_64-unknown-linux-gnu
configure:3017: checking host system type
configure:3030: result: x86_64-unknown-linux-gnu
configure:3109: checking for g++
configure:3125: found /usr/bin/g++
configure:3136: result: g++
configure:3163: checking for C++ compiler version
configure:3172: g++ --version >&5
g++ (SUSE Linux) 4.6.2
Copyright (C) 2011 Free Software Foundation, Inc.
This is free software; see the source for copying conditions.  There is NO
warranty; not even for MERCHANTABILITY or FITNESS FOR A PARTICULAR PURPOSE.

configure:3183: $? = 0
configure:3172: g++ -v >&5
Using built-in specs.
COLLECT_GCC=g++
COLLECT_LTO_WRAPPER=/usr/lib64/gcc/x86_64-suse-linux/4.6/lto-wrapper
Target: x86_64-suse-linux
Configured with: ../configure --prefix=/usr --infodir=/usr/share/info --mandir=/usr/share/man --libdir=/usr/lib64 --libexecdir=/usr/lib64 --enable-languages=c,c++,objc,fortran,obj-c++,java,ada --enable-checking=release --with-gxx-include-dir=/usr/include/c++/4.6 --enable-ssp --disable-libssp --disable-plugin --with-bugurl=http://bugs.opensuse.org/ --with-pkgversion='SUSE Linux' --disable-libgcj --disable-libmudflap --with-slibdir=/lib64 --with-system-zlib --enable-__cxa_atexit --enable-libstdcxx-allocator=new --disable-libstdcxx-pch --enable-version-specific-runtime-libs --program-suffix=-4.6 --enable-linux-futex --without-system-libunwind --with-arch-32=i586 --with-tune=generic --build=x86_64-suse-linux
Thread model: posix
gcc version 4.6.2 (SUSE Linux) 
configure:3183: $? = 0
configure:3172: g++ -V >&5
g++: error: unrecognized option '-V'
g++: fatal error: no input files
compilation terminated.
configure:3183: $? = 1
configure:3172: g++ -qversion >&5
g++: error: unrecognized option '-qversion'
g++: fatal error: no input files
compilation terminated.
configure:3183: $? = 1
configure:3203: checking whether the C++ compiler works
configure:3225: g++    conftest.cpp  >&5
configure:3229: $? = 0
configure:3277: result: yes
configure:3280: checking for C++ compiler default output file name
configure:3282: result: a.out
configure:3288: checking for suffix of executables
configure:3295: g++ -o conftest    conftest.cpp  >&5
configure:3299: $? = 0
configure:3321: result: 
configure:3343: checking whether we are cross compiling
configure:3351: g++ -o conftest    conftest.cpp  >&5
configure:3355: $? = 0
configure:3362: ./conftest
configure:3366: $? = 0
configure:3381: result: no
configure:3386: checking for suffix of object files
configure:3408: g++ -c   conftest.cpp >&5
configure:3412: $? = 0
configure:3433: result: o
configure:3437: checking whether we are using the GNU C++ compiler
configure:3456: g++ -c   conftest.cpp >&5
configure:3456: $? = 0
configure:3465: result: yes
configure:3474: checking whether g++ accepts -g
configure:3494: g++ -c -g  conftest.cpp >&5
configure:3494: $? = 0
configure:3535: result: yes
configure:3569: checking for style of include used by make
configure:3597: result: GNU
configure:3622: checking dependency style of g++
configure:3732: result: gcc3
configure:3752: checking how to run the C++ preprocessor
configure:3779: g++ -E  conftest.cpp
configure:3779: $? = 0
configure:3793: g++ -E  conftest.cpp
conftest.cpp:11:28: fatal error: ac_nonexistent.h: No such file or directory
compilation terminated.
configure:3793: $? = 1
configure: failed program was:
| /* confdefs.h */
| #define PACKAGE_NAME "ViennaRNA"
| #define PACKAGE_TARNAME "ViennaRNA"
| #define PACKAGE_VERSION "2.0.4"
| #define PACKAGE_STRING "ViennaRNA 2.0.4"
| #define PACKAGE_BUGREPORT "rna@tbi.univie.ac.at"
| #define PACKAGE_URL "http://www.tbi.univie.ac.a/~ivo/RNA"
| #define PACKAGE "ViennaRNA"
| #define VERSION "2.0.4"
| /* end confdefs.h.  */
| #include <ac_nonexistent.h>
configure:3818: result: g++ -E
configure:3838: g++ -E  conftest.cpp
configure:3838: $? = 0
configure:3852: g++ -E  conftest.cpp
conftest.cpp:11:28: fatal error: ac_nonexistent.h: No such file or directory
compilation terminated.
configure:3852: $? = 1
configure: failed program was:
| /* confdefs.h */
| #define PACKAGE_NAME "ViennaRNA"
| #define PACKAGE_TARNAME "ViennaRNA"
| #define PACKAGE_VERSION "2.0.4"
| #define PACKAGE_STRING "ViennaRNA 2.0.4"
| #define PACKAGE_BUGREPORT "rna@tbi.univie.ac.at"
| #define PACKAGE_URL "http://www.tbi.univie.ac.a/~ivo/RNA"
| #define PACKAGE "ViennaRNA"
| #define VERSION "2.0.4"
| /* end confdefs.h.  */
| #include <ac_nonexistent.h>
configure:3928: checking for gcc
configure:3944: found /usr/bin/gcc
configure:3955: result: gcc
configure:4184: checking for C compiler version
configure:4193: gcc --version >&5
gcc (SUSE Linux) 4.6.2
Copyright (C) 2011 Free Software Foundation, Inc.
This is free software; see the source for copying conditions.  There is NO
warranty; not even for MERCHANTABILITY or FITNESS FOR A PARTICULAR PURPOSE.

configure:4204: $? = 0
configure:4193: gcc -v >&5
Using built-in specs.
COLLECT_GCC=gcc
COLLECT_LTO_WRAPPER=/usr/lib64/gcc/x86_64-suse-linux/4.6/lto-wrapper
Target: x86_64-suse-linux
Configured with: ../configure --prefix=/usr --infodir=/usr/share/info --mandir=/usr/share/man --libdir=/usr/lib64 --libexecdir=/usr/lib64 --enable-languages=c,c++,objc,fortran,obj-c++,java,ada --enable-checking=release --with-gxx-include-dir=/usr/include/c++/4.6 --enable-ssp --disable-libssp --disable-plugin --with-bugurl=http://bugs.opensuse.org/ --with-pkgversion='SUSE Linux' --disable-libgcj --disable-libmudflap --with-slibdir=/lib64 --with-system-zlib --enable-__cxa_atexit --enable-libstdcxx-allocator=new --disable-libstdcxx-pch --enable-version-specific-runtime-libs --program-suffix=-4.6 --enable-linux-futex --without-system-libunwind --with-arch-32=i586 --with-tune=generic --build=x86_64-suse-linux
Thread model: posix
gcc version 4.6.2 (SUSE Linux) 
configure:4204: $? = 0
configure:4193: gcc -V >&5
gcc: error: unrecognized option '-V'
gcc: fatal error: no input files
compilation terminated.
configure:4204: $? = 1
configure:4193: gcc -qversion >&5
gcc: error: unrecognized option '-qversion'
gcc: fatal error: no input files
compilation terminated.
configure:4204: $? = 1
configure:4208: checking whether we are using the GNU C compiler
configure:4227: gcc -c   conftest.c >&5
configure:4227: $? = 0
configure:4236: result: yes
configure:4245: checking whether gcc accepts -g
configure:4265: gcc -c -g  conftest.c >&5
configure:4265: $? = 0
configure:4306: result: yes
configure:4323: checking for gcc option to accept ISO C89
configure:4387: gcc  -c -g -O2  conftest.c >&5
configure:4387: $? = 0
configure:4400: result: none needed
configure:4422: checking dependency style of gcc
configure:4532: result: gcc3
configure:4552: checking how to run the C preprocessor
configure:4583: gcc -E  conftest.c
configure:4583: $? = 0
configure:4597: gcc -E  conftest.c
conftest.c:11:28: fatal error: ac_nonexistent.h: No such file or directory
compilation terminated.
configure:4597: $? = 1
configure: failed program was:
| /* confdefs.h */
| #define PACKAGE_NAME "ViennaRNA"
| #define PACKAGE_TARNAME "ViennaRNA"
| #define PACKAGE_VERSION "2.0.4"
| #define PACKAGE_STRING "ViennaRNA 2.0.4"
| #define PACKAGE_BUGREPORT "rna@tbi.univie.ac.at"
| #define PACKAGE_URL "http://www.tbi.univie.ac.a/~ivo/RNA"
| #define PACKAGE "ViennaRNA"
| #define VERSION "2.0.4"
| /* end confdefs.h.  */
| #include <ac_nonexistent.h>
configure:4622: result: gcc -E
configure:4642: gcc -E  conftest.c
configure:4642: $? = 0
configure:4656: gcc -E  conftest.c
conftest.c:11:28: fatal error: ac_nonexistent.h: No such file or directory
compilation terminated.
configure:4656: $? = 1
configure: failed program was:
| /* confdefs.h */
| #define PACKAGE_NAME "ViennaRNA"
| #define PACKAGE_TARNAME "ViennaRNA"
| #define PACKAGE_VERSION "2.0.4"
| #define PACKAGE_STRING "ViennaRNA 2.0.4"
| #define PACKAGE_BUGREPORT "rna@tbi.univie.ac.at"
| #define PACKAGE_URL "http://www.tbi.univie.ac.a/~ivo/RNA"
| #define PACKAGE "ViennaRNA"
| #define VERSION "2.0.4"
| /* end confdefs.h.  */
| #include <ac_nonexistent.h>
configure:4687: checking whether gcc accepts -fpic
configure:4703: gcc -c -fpic  conftest.c >&5
configure:4703: $? = 0
configure:4710: result: yes
configure:4774: checking for ranlib
configure:4790: found /usr/bin/ranlib
configure:4801: result: ranlib
configure:4823: checking whether make sets $(MAKE)
configure:4845: result: yes
configure:4854: checking for grep that handles long lines and -e
configure:4912: result: /bin/grep
configure:4918: checking whether gcc and cc understand -c and -o together
configure:4949: gcc -c conftest.c -o conftest2.o >&5
configure:4953: $? = 0
configure:4959: gcc -c conftest.c -o conftest2.o >&5
configure:4963: $? = 0
configure:4974: cc -c conftest.c >&5
configure:4978: $? = 0
configure:4986: cc -c conftest.c -o conftest2.o >&5
configure:4990: $? = 0
configure:4996: cc -c conftest.c -o conftest2.o >&5
configure:5000: $? = 0
configure:5018: result: yes
configure:5054: checking for gcc option to support OpenMP
configure:5069: gcc -o conftest -g -O2   conftest.c  >&5
conftest.c:14:2: error: unknown type name 'choke'
In file included from conftest.c:16:0:
/usr/lib64/gcc/x86_64-suse-linux/4.6/include/omp.h:34:1: error: expected '=', ',', ';', 'asm' or '__attribute__' before 'typedef'
configure:5069: $? = 1
configure: failed program was:
| /* confdefs.h */
| #define PACKAGE_NAME "ViennaRNA"
| #define PACKAGE_TARNAME "ViennaRNA"
| #define PACKAGE_VERSION "2.0.4"
| #define PACKAGE_STRING "ViennaRNA 2.0.4"
| #define PACKAGE_BUGREPORT "rna@tbi.univie.ac.at"
| #define PACKAGE_URL "http://www.tbi.univie.ac.a/~ivo/RNA"
| #define PACKAGE "ViennaRNA"
| #define VERSION "2.0.4"
| #define UNUSED __attribute__ ((unused))
| /* end confdefs.h.  */
| 
| #ifndef _OPENMP
|  choke me
| #endif
| #include <omp.h>
| int main () { return omp_get_num_threads (); }
| 
configure:5086: gcc -o conftest -g -O2 -fopenmp   conftest.c  >&5
configure:5086: $? = 0
configure:5100: result: -fopenmp
configure:5113: checking for exp in -lm
configure:5138: gcc -o conftest -g -O2   conftest.c -lm   >&5
conftest.c:19:6: warning: conflicting types for built-in function 'exp' [enabled by default]
configure:5138: $? = 0
configure:5147: result: yes
configure:5160: checking for egrep
configure:5222: result: /bin/grep -E
configure:5227: checking for ANSI C header files
configure:5247: gcc -c -g -O2  conftest.c >&5
configure:5247: $? = 0
configure:5320: gcc -o conftest -g -O2   conftest.c -lm  >&5
configure:5320: $? = 0
configure:5320: ./conftest
configure:5320: $? = 0
configure:5331: result: yes
configure:5344: checking for sys/types.h
configure:5344: gcc -c -g -O2  conftest.c >&5
configure:5344: $? = 0
configure:5344: result: yes
configure:5344: checking for sys/stat.h
configure:5344: gcc -c -g -O2  conftest.c >&5
configure:5344: $? = 0
configure:5344: result: yes
configure:5344: checking for stdlib.h
configure:5344: gcc -c -g -O2  conftest.c >&5
configure:5344: $? = 0
configure:5344: result: yes
configure:5344: checking for string.h
configure:5344: gcc -c -g -O2  conftest.c >&5
configure:5344: $? = 0
configure:5344: result: yes
configure:5344: checking for memory.h
configure:5344: gcc -c -g -O2  conftest.c >&5
configure:5344: $? = 0
configure:5344: result: yes
configure:5344: checking for strings.h
configure:5344: gcc -c -g -O2  conftest.c >&5
configure:5344: $? = 0
configure:5344: result: yes
configure:5344: checking for inttypes.h
configure:5344: gcc -c -g -O2  conftest.c >&5
configure:5344: $? = 0
configure:5344: result: yes
configure:5344: checking for stdint.h
configure:5344: gcc -c -g -O2  conftest.c >&5
configure:5344: $? = 0
configure:5344: result: yes
configure:5344: checking for unistd.h
configure:5344: gcc -c -g -O2  conftest.c >&5
configure:5344: $? = 0
configure:5344: result: yes
configure:5356: checking for stdbool.h that conforms to C99
configure:5423: gcc -c -g -O2  conftest.c >&5
configure:5423: $? = 0
configure:5430: result: yes
configure:5432: checking for _Bool
configure:5432: gcc -c -g -O2  conftest.c >&5
configure:5432: $? = 0
configure:5432: gcc -c -g -O2  conftest.c >&5
conftest.c: In function 'main':
conftest.c:59:20: error: expected expression before ')' token
configure:5432: $? = 1
configure: failed program was:
| /* confdefs.h */
| #define PACKAGE_NAME "ViennaRNA"
| #define PACKAGE_TARNAME "ViennaRNA"
| #define PACKAGE_VERSION "2.0.4"
| #define PACKAGE_STRING "ViennaRNA 2.0.4"
| #define PACKAGE_BUGREPORT "rna@tbi.univie.ac.at"
| #define PACKAGE_URL "http://www.tbi.univie.ac.a/~ivo/RNA"
| #define PACKAGE "ViennaRNA"
| #define VERSION "2.0.4"
| #define UNUSED __attribute__ ((unused))
| #define HAVE_LIBM 1
| #define STDC_HEADERS 1
| #define HAVE_SYS_TYPES_H 1
| #define HAVE_SYS_STAT_H 1
| #define HAVE_STDLIB_H 1
| #define HAVE_STRING_H 1
| #define HAVE_MEMORY_H 1
| #define HAVE_STRINGS_H 1
| #define HAVE_INTTYPES_H 1
| #define HAVE_STDINT_H 1
| #define HAVE_UNISTD_H 1
| /* end confdefs.h.  */
| #include <stdio.h>
| #ifdef HAVE_SYS_TYPES_H
| # include <sys/types.h>
| #endif
| #ifdef HAVE_SYS_STAT_H
| # include <sys/stat.h>
| #endif
| #ifdef STDC_HEADERS
| # include <stdlib.h>
| # include <stddef.h>
| #else
| # ifdef HAVE_STDLIB_H
| #  include <stdlib.h>
| # endif
| #endif
| #ifdef HAVE_STRING_H
| # if !defined STDC_HEADERS && defined HAVE_MEMORY_H
| #  include <memory.h>
| # endif
| # include <string.h>
| #endif
| #ifdef HAVE_STRINGS_H
| # include <strings.h>
| #endif
| #ifdef HAVE_INTTYPES_H
| # include <inttypes.h>
| #endif
| #ifdef HAVE_STDINT_H
| # include <stdint.h>
| #endif
| #ifdef HAVE_UNISTD_H
| # include <unistd.h>
| #endif
| int
| main ()
| {
| if (sizeof ((_Bool)))
| 	    return 0;
|   ;
|   return 0;
| }
configure:5432: result: yes
configure:5451: checking malloc.h usability
configure:5451: gcc -c -g -O2  conftest.c >&5
configure:5451: $? = 0
configure:5451: result: yes
configure:5451: checking malloc.h presence
configure:5451: gcc -E  conftest.c
configure:5451: $? = 0
configure:5451: result: yes
configure:5451: checking for malloc.h
configure:5451: result: yes
configure:5451: checking float.h usability
configure:5451: gcc -c -g -O2  conftest.c >&5
configure:5451: $? = 0
configure:5451: result: yes
configure:5451: checking float.h presence
configure:5451: gcc -E  conftest.c
configure:5451: $? = 0
configure:5451: result: yes
configure:5451: checking for float.h
configure:5451: result: yes
configure:5451: checking limits.h usability
configure:5451: gcc -c -g -O2  conftest.c >&5
configure:5451: $? = 0
configure:5451: result: yes
configure:5451: checking limits.h presence
configure:5451: gcc -E  conftest.c
configure:5451: $? = 0
configure:5451: result: yes
configure:5451: checking for limits.h
configure:5451: result: yes
configure:5451: checking for stdlib.h
configure:5451: result: yes
configure:5451: checking for string.h
configure:5451: result: yes
configure:5451: checking for strings.h
configure:5451: result: yes
configure:5451: checking for unistd.h
configure:5451: result: yes
configure:5451: checking for unistd.h
configure:5451: result: yes
configure:5451: checking math.h usability
configure:5451: gcc -c -g -O2  conftest.c >&5
configure:5451: $? = 0
configure:5451: result: yes
configure:5451: checking math.h presence
configure:5451: gcc -E  conftest.c
configure:5451: $? = 0
configure:5451: result: yes
configure:5451: checking for math.h
configure:5451: result: yes
configure:5464: checking for stdlib.h
configure:5464: result: yes
configure:5474: checking for GNU libc compatible malloc
configure:5498: gcc -o conftest -g -O2   conftest.c -lm  >&5
configure:5498: $? = 0
configure:5498: ./conftest
configure:5498: $? = 0
configure:5508: result: yes
configure:5531: checking for stdlib.h
configure:5531: result: yes
configure:5541: checking for GNU libc compatible realloc
configure:5565: gcc -o conftest -g -O2   conftest.c -lm  >&5
configure:5565: $? = 0
configure:5565: ./conftest
configure:5565: $? = 0
configure:5575: result: yes
configure:5596: checking for working strtod
configure:5637: gcc -o conftest -g -O2   conftest.c -lm  >&5
configure:5637: $? = 0
configure:5637: ./conftest
configure:5637: $? = 0
configure:5647: result: yes
configure:5712: checking for floor
configure:5712: gcc -o conftest -g -O2   conftest.c -lm  >&5
conftest.c:61:6: warning: conflicting types for built-in function 'floor' [enabled by default]
configure:5712: $? = 0
configure:5712: result: yes
configure:5712: checking for strdup
configure:5712: gcc -o conftest -g -O2   conftest.c -lm  >&5
conftest.c:62:6: warning: conflicting types for built-in function 'strdup' [enabled by default]
configure:5712: $? = 0
configure:5712: result: yes
configure:5712: checking for strstr
configure:5712: gcc -o conftest -g -O2   conftest.c -lm  >&5
conftest.c:63:6: warning: conflicting types for built-in function 'strstr' [enabled by default]
configure:5712: $? = 0
configure:5712: result: yes
configure:5712: checking for strchr
configure:5712: gcc -o conftest -g -O2   conftest.c -lm  >&5
conftest.c:64:6: warning: conflicting types for built-in function 'strchr' [enabled by default]
configure:5712: $? = 0
configure:5712: result: yes
configure:5712: checking for strrchr
configure:5712: gcc -o conftest -g -O2   conftest.c -lm  >&5
conftest.c:65:6: warning: conflicting types for built-in function 'strrchr' [enabled by default]
configure:5712: $? = 0
configure:5712: result: yes
configure:5712: checking for strstr
configure:5712: result: yes
configure:5712: checking for strtol
configure:5712: gcc -o conftest -g -O2   conftest.c -lm  >&5
configure:5712: $? = 0
configure:5712: result: yes
configure:5712: checking for strtoul
configure:5712: gcc -o conftest -g -O2   conftest.c -lm  >&5
configure:5712: $? = 0
configure:5712: result: yes
configure:5712: checking for pow
configure:5712: gcc -o conftest -g -O2   conftest.c -lm  >&5
conftest.c:69:6: warning: conflicting types for built-in function 'pow' [enabled by default]
configure:5712: $? = 0
configure:5712: result: yes
configure:5712: checking for rint
configure:5712: gcc -o conftest -g -O2   conftest.c -lm  >&5
conftest.c:70:6: warning: conflicting types for built-in function 'rint' [enabled by default]
configure:5712: $? = 0
configure:5712: result: yes
configure:5712: checking for sqrt
configure:5712: gcc -o conftest -g -O2   conftest.c -lm  >&5
conftest.c:71:6: warning: conflicting types for built-in function 'sqrt' [enabled by default]
configure:5712: $? = 0
configure:5712: result: yes
configure:5712: checking for erand48
configure:5712: gcc -o conftest -g -O2   conftest.c -lm  >&5
configure:5712: $? = 0
configure:5712: result: yes
configure:5712: checking for memset
configure:5712: gcc -o conftest -g -O2   conftest.c -lm  >&5
conftest.c:73:6: warning: conflicting types for built-in function 'memset' [enabled by default]
configure:5712: $? = 0
configure:5712: result: yes
configure:5712: checking for memmove
configure:5712: gcc -o conftest -g -O2   conftest.c -lm  >&5
conftest.c:74:6: warning: conflicting types for built-in function 'memmove' [enabled by default]
configure:5712: $? = 0
configure:5712: result: yes
configure:5712: checking for erand48
configure:5712: result: yes
configure:5722: checking for an ANSI C-conforming const
configure:5787: gcc -c -g -O2  conftest.c >&5
configure:5787: $? = 0
configure:5794: result: yes
configure:5802: checking for size_t
configure:5802: gcc -c -g -O2  conftest.c >&5
configure:5802: $? = 0
configure:5802: gcc -c -g -O2  conftest.c >&5
conftest.c: In function 'main':
conftest.c:89:21: error: expected expression before ')' token
configure:5802: $? = 1
configure: failed program was:
| /* confdefs.h */
| #define PACKAGE_NAME "ViennaRNA"
| #define PACKAGE_TARNAME "ViennaRNA"
| #define PACKAGE_VERSION "2.0.4"
| #define PACKAGE_STRING "ViennaRNA 2.0.4"
| #define PACKAGE_BUGREPORT "rna@tbi.univie.ac.at"
| #define PACKAGE_URL "http://www.tbi.univie.ac.a/~ivo/RNA"
| #define PACKAGE "ViennaRNA"
| #define VERSION "2.0.4"
| #define UNUSED __attribute__ ((unused))
| #define HAVE_LIBM 1
| #define STDC_HEADERS 1
| #define HAVE_SYS_TYPES_H 1
| #define HAVE_SYS_STAT_H 1
| #define HAVE_STDLIB_H 1
| #define HAVE_STRING_H 1
| #define HAVE_MEMORY_H 1
| #define HAVE_STRINGS_H 1
| #define HAVE_INTTYPES_H 1
| #define HAVE_STDINT_H 1
| #define HAVE_UNISTD_H 1
| #define HAVE__BOOL 1
| #define HAVE_STDBOOL_H 1
| #define HAVE_MALLOC_H 1
| #define HAVE_FLOAT_H 1
| #define HAVE_LIMITS_H 1
| #define HAVE_STDLIB_H 1
| #define HAVE_STRING_H 1
| #define HAVE_STRINGS_H 1
| #define HAVE_UNISTD_H 1
| #define HAVE_UNISTD_H 1
| #define HAVE_MATH_H 1
| #define HAVE_STDLIB_H 1
| #define HAVE_MALLOC 1
| #define HAVE_STDLIB_H 1
| #define HAVE_REALLOC 1
| #define HAVE_FLOOR 1
| #define HAVE_STRDUP 1
| #define HAVE_STRSTR 1
| #define HAVE_STRCHR 1
| #define HAVE_STRRCHR 1
| #define HAVE_STRSTR 1
| #define HAVE_STRTOL 1
| #define HAVE_STRTOUL 1
| #define HAVE_POW 1
| #define HAVE_RINT 1
| #define HAVE_SQRT 1
| #define HAVE_ERAND48 1
| #define HAVE_MEMSET 1
| #define HAVE_MEMMOVE 1
| #define HAVE_ERAND48 1
| /* end confdefs.h.  */
| #include <stdio.h>
| #ifdef HAVE_SYS_TYPES_H
| # include <sys/types.h>
| #endif
| #ifdef HAVE_SYS_STAT_H
| # include <sys/stat.h>
| #endif
| #ifdef STDC_HEADERS
| # include <stdlib.h>
| # include <stddef.h>
| #else
| # ifdef HAVE_STDLIB_H
| #  include <stdlib.h>
| # endif
| #endif
| #ifdef HAVE_STRING_H
| # if !defined STDC_HEADERS && defined HAVE_MEMORY_H
| #  include <memory.h>
| # endif
| # include <string.h>
| #endif
| #ifdef HAVE_STRINGS_H
| # include <strings.h>
| #endif
| #ifdef HAVE_INTTYPES_H
| # include <inttypes.h>
| #endif
| #ifdef HAVE_STDINT_H
| # include <stdint.h>
| #endif
| #ifdef HAVE_UNISTD_H
| # include <unistd.h>
| #endif
| int
| main ()
| {
| if (sizeof ((size_t)))
| 	    return 0;
|   ;
|   return 0;
| }
configure:5802: result: yes
configure:5813: checking for inline
configure:5829: gcc -c -g -O2  conftest.c >&5
configure:5829: $? = 0
configure:5837: result: inline
configure:5884: checking for Perl/Makefile.am
configure:5887: result: yes
configure:5922: checking for Kinfold/Makefile.am
configure:5925: result: yes
configure:5960: checking for RNAforester/Makefile.am
configure:5963: result: yes
configure:6036: checking for libsvm-2.91/svm.cpp
configure:6039: result: yes
configure:6036: checking for libsvm-2.91/svm.h
configure:6039: result: yes
configure:6175: checking for perl
configure:6193: found /usr/bin/perl
configure:6205: result: /usr/bin/perl
configure:6227: checking whether float precision is used for partition function arrays instead of double precision
configure:6234: result: no
configure:6337: checking for doxygen
configure:6355: found /usr/bin/doxygen
configure:6368: result: /usr/bin/doxygen
configure:6378: checking for pdflatex
configure:6396: found /usr/bin/pdflatex
configure:6409: result: /usr/bin/pdflatex
configure:6419: checking for latex
configure:6437: found /usr/bin/latex
configure:6450: result: /usr/bin/latex
configure:6460: checking for makeindex
configure:6478: found /usr/bin/makeindex
configure:6491: result: /usr/bin/makeindex
configure:6501: checking for dot
configure:6519: found /usr/bin/dot
configure:6532: result: /usr/bin/dot
configure:6542: checking for egrep
configure:6560: found /bin/egrep
configure:6573: result: /bin/egrep
configure:6583: checking for perl
configure:6601: found /usr/bin/perl
configure:6614: result: /usr/bin/perl
configure:6663: WARNING: due to a bug in older versions of doxygen, latex will be used for reference manual generation even if pdflatex is available
configure:7026: creating ./config.status

## ---------------------- ##
## Running config.status. ##
## ---------------------- ##

This file was extended by ViennaRNA config.status 2.0.4, which was
generated by GNU Autoconf 2.68.  Invocation command line was

  CONFIG_FILES    = 
  CONFIG_HEADERS  = 
  CONFIG_LINKS    = 
  CONFIG_COMMANDS = 
  $ ./config.status 

on zewail

config.status:970: creating Perl/Makefile
config.status:970: creating Perl/Makefile.PL
config.status:970: creating doxygen.conf
config.status:970: creating Makefile
config.status:970: creating ViennaRNA.spec
config.status:970: creating RNAlib2.pc
config.status:970: creating Utils/Makefile
config.status:970: creating Progs/Makefile
config.status:970: creating lib/Makefile
config.status:970: creating man/Makefile
config.status:970: creating H/Makefile
config.status:970: creating man/cmdlopt.sh
config.status:970: creating config.h
config.status:1151: config.h is unchanged
config.status:1199: executing depfiles commands
configure:8436: === configuring in Perl (/ubc/cs/research/irmtraud/people/jeffrp/eclipse_projects/Vienna2/Perl)
configure:8485: WARNING: no configuration information is in Perl
configure:8436: === configuring in Kinfold (/ubc/cs/research/irmtraud/people/jeffrp/eclipse_projects/Vienna2/Kinfold)
configure:8499: running /bin/sh ./configure --disable-option-checking '--prefix=/usr/local'  --cache-file=/dev/null --srcdir=.
configure:8436: === configuring in RNAforester (/ubc/cs/research/irmtraud/people/jeffrp/eclipse_projects/Vienna2/RNAforester)
configure:8499: running /bin/sh ./configure --disable-option-checking '--prefix=/usr/local'  --cache-file=/dev/null --srcdir=.
configure:8553:
Configure successful with the following options:

  Perl Extension:       yes
  Analyse{Dists,Seqs}:  no
  Kinfold:              yes
  RNAforester:          yes
  SVM:                  yes
  Documentation:        yes
    (HTML):             yes
    (PDF):              yes
-
Files will be installed in the following directories:

  Executables:    /usr/local/bin
  Libraries:      /usr/local/lib64
  Header files:   /usr/local/include
  Extra Data:     /usr/local/share
  Man pages:      /usr/local/share/man
  Documentation:  /usr/local/share/doc/ViennaRNA
    (HTML):       /usr/local/share/doc/ViennaRNA/html
    (PDF):        /usr/local/share/doc/ViennaRNA


## ---------------- ##
## Cache variables. ##
## ---------------- ##

ac_cv_build=x86_64-unknown-linux-gnu
ac_cv_c_compiler_gnu=yes
ac_cv_c_const=yes
ac_cv_c_inline=inline
ac_cv_cxx_compiler_gnu=yes
ac_cv_env_CCC_set=
ac_cv_env_CCC_value=
ac_cv_env_CC_set=
ac_cv_env_CC_value=
ac_cv_env_CFLAGS_set=
ac_cv_env_CFLAGS_value=
ac_cv_env_CPPFLAGS_set=
ac_cv_env_CPPFLAGS_value=
ac_cv_env_CPP_set=
ac_cv_env_CPP_value=
ac_cv_env_CXXCPP_set=
ac_cv_env_CXXCPP_value=
ac_cv_env_CXXFLAGS_set=
ac_cv_env_CXXFLAGS_value=
ac_cv_env_CXX_set=
ac_cv_env_CXX_value=
ac_cv_env_FPIC_set=
ac_cv_env_FPIC_value=
ac_cv_env_LDFLAGS_set=
ac_cv_env_LDFLAGS_value=
ac_cv_env_LIBS_set=
ac_cv_env_LIBS_value=
ac_cv_env_PERLPREFIX_set=
ac_cv_env_PERLPREFIX_value=
ac_cv_env_build_alias_set=
ac_cv_env_build_alias_value=
ac_cv_env_host_alias_set=
ac_cv_env_host_alias_value=
ac_cv_env_target_alias_set=
ac_cv_env_target_alias_value=
ac_cv_func_erand48=yes
ac_cv_func_floor=yes
ac_cv_func_malloc_0_nonnull=yes
ac_cv_func_memmove=yes
ac_cv_func_memset=yes
ac_cv_func_pow=yes
ac_cv_func_realloc_0_nonnull=yes
ac_cv_func_rint=yes
ac_cv_func_sqrt=yes
ac_cv_func_strchr=yes
ac_cv_func_strdup=yes
ac_cv_func_strrchr=yes
ac_cv_func_strstr=yes
ac_cv_func_strtod=yes
ac_cv_func_strtol=yes
ac_cv_func_strtoul=yes
ac_cv_header_float_h=yes
ac_cv_header_inttypes_h=yes
ac_cv_header_limits_h=yes
ac_cv_header_malloc_h=yes
ac_cv_header_math_h=yes
ac_cv_header_memory_h=yes
ac_cv_header_stdbool_h=yes
ac_cv_header_stdc=yes
ac_cv_header_stdint_h=yes
ac_cv_header_stdlib_h=yes
ac_cv_header_string_h=yes
ac_cv_header_strings_h=yes
ac_cv_header_sys_stat_h=yes
ac_cv_header_sys_types_h=yes
ac_cv_header_unistd_h=yes
ac_cv_host=x86_64-unknown-linux-gnu
ac_cv_lib_m_exp=yes
ac_cv_objext=o
ac_cv_path_EGREP='/bin/grep -E'
ac_cv_path_GREP=/bin/grep
ac_cv_path_PerlCmd=/usr/bin/perl
ac_cv_path_dot=/usr/bin/dot
ac_cv_path_doxygen=/usr/bin/doxygen
ac_cv_path_egrep=/bin/egrep
ac_cv_path_install='/usr/bin/install -c'
ac_cv_path_latex=/usr/bin/latex
ac_cv_path_makeindex=/usr/bin/makeindex
ac_cv_path_mkdir=/bin/mkdir
ac_cv_path_pdflatex=/usr/bin/pdflatex
ac_cv_path_perl=/usr/bin/perl
ac_cv_prog_AWK=gawk
ac_cv_prog_CPP='gcc -E'
ac_cv_prog_CXXCPP='g++ -E'
ac_cv_prog_ac_ct_CC=gcc
ac_cv_prog_ac_ct_CXX=g++
ac_cv_prog_ac_ct_RANLIB=ranlib
ac_cv_prog_c_openmp=-fopenmp
ac_cv_prog_cc_c89=
ac_cv_prog_cc_fpic=yes
ac_cv_prog_cc_g=yes
ac_cv_prog_cc_gcc_c_o=yes
ac_cv_prog_cxx_g=yes
ac_cv_prog_make_make_set=yes
ac_cv_type__Bool=yes
ac_cv_type_size_t=yes
am_cv_CC_dependencies_compiler_type=gcc3
am_cv_CXX_dependencies_compiler_type=gcc3

## ----------------- ##
## Output variables. ##
## ----------------- ##

ACLOCAL='${SHELL} /ubc/cs/research/irmtraud/people/jeffrp/eclipse_projects/Vienna2/missing --run aclocal-1.11'
AMDEPBACKSLASH='\'
AMDEP_FALSE='#'
AMDEP_TRUE=''
AMTAR='${SHELL} /ubc/cs/research/irmtraud/people/jeffrp/eclipse_projects/Vienna2/missing --run tar'
AM_BACKSLASH='\'
AM_DEFAULT_VERBOSITY='0'
AUTOCONF='${SHELL} /ubc/cs/research/irmtraud/people/jeffrp/eclipse_projects/Vienna2/missing --run autoconf'
AUTOHEADER='${SHELL} /ubc/cs/research/irmtraud/people/jeffrp/eclipse_projects/Vienna2/missing --run autoheader'
AUTOMAKE='${SHELL} /ubc/cs/research/irmtraud/people/jeffrp/eclipse_projects/Vienna2/missing --run automake-1.11'
AWK='gawk'
CC='gcc'
CCDEPMODE='depmode=gcc3'
CFLAGS='-g -O2'
CPP='gcc -E'
CPPFLAGS=''
CXX='g++'
CXXCPP='g++ -E'
CXXDEPMODE='depmode=gcc3'
CXXFLAGS='-g -O2'
CXXLD='g++'
CYGPATH_W='echo'
DEFS='-DHAVE_CONFIG_H'
DEPDIR='.deps'
DOXYGEN_CMD_LATEX='/usr/bin/latex'
DOXYGEN_CMD_MAKEINDEX='/usr/bin/makeindex'
DOXYGEN_CONF='doxygen.conf'
DOXYGEN_DOCDIR='doc'
DOXYGEN_GENERATE_HTML='YES'
DOXYGEN_GENERATE_LATEX='YES'
DOXYGEN_HAVE_DOT='YES'
DOXYGEN_PROJECT_NAME='RNAlib-2.0.4'
DOXYGEN_SRCDIR='.'
DOXYGEN_WITH_PDFLATEX='YES'
ECHO_C=''
ECHO_N='-n'
ECHO_T=''
EGREP='/bin/grep -E'
EXEEXT=''
FPIC='-fpic'
GREP='/bin/grep'
INSTALL_DATA='${INSTALL} -m 644'
INSTALL_PROGRAM='${INSTALL}'
INSTALL_SCRIPT='${INSTALL}'
INSTALL_STRIP_PROGRAM='$(install_sh) -c -s'
ISODATE='2012-05-22'
LDFLAGS=''
LIBOBJS=''
LIBS='-lm '
LIBSVM_DIR='libsvm-2.91'
LTLIBOBJS=''
MAKEINFO='${SHELL} /ubc/cs/research/irmtraud/people/jeffrp/eclipse_projects/Vienna2/missing --run makeinfo'
MAKE_CLUSTER_FALSE=''
MAKE_CLUSTER_TRUE='#'
MAKE_FORESTER_FALSE='#'
MAKE_FORESTER_TRUE=''
MAKE_KINFOLD_FALSE='#'
MAKE_KINFOLD_TRUE=''
MAKE_PERL_EXT_FALSE='#'
MAKE_PERL_EXT_TRUE=''
MKDIR_P='/bin/mkdir -p'
OBJEXT='o'
OPENMP_CFLAGS='-fopenmp'
PACKAGE='ViennaRNA'
PACKAGE_BUGREPORT='rna@tbi.univie.ac.at'
PACKAGE_NAME='ViennaRNA'
PACKAGE_STRING='ViennaRNA 2.0.4'
PACKAGE_TARNAME='ViennaRNA'
PACKAGE_URL='http://www.tbi.univie.ac.a/~ivo/RNA'
PACKAGE_VERSION='2.0.4'
PATH_SEPARATOR=':'
PERLPREFIX=''
POW_LIB=''
PerlCmd='/usr/bin/perl'
RANLIB='ranlib'
REFERENCE_MANUAL_PDF_NAME='doc/RNAlib-2.0.4.pdf'
REFERENCE_MANUAL_TAGFILE='doc/RNAlib-2.0.4.tag'
SET_MAKE=''
SHELL='/bin/sh'
STRIP=''
VERSION='2.0.4'
WITH_LARGE_PF_FALSE='#'
WITH_LARGE_PF_TRUE=''
WITH_LIBSVM_FALSE='#'
WITH_LIBSVM_TRUE=''
WITH_REFERENCE_MANUAL_BUILD_FALSE='#'
WITH_REFERENCE_MANUAL_BUILD_TRUE=''
WITH_REFERENCE_MANUAL_FALSE='#'
WITH_REFERENCE_MANUAL_HTML_FALSE='#'
WITH_REFERENCE_MANUAL_HTML_TRUE=''
WITH_REFERENCE_MANUAL_PDF_FALSE='#'
WITH_REFERENCE_MANUAL_PDF_TRUE=''
WITH_REFERENCE_MANUAL_TRUE=''
ac_ct_CC='gcc'
ac_ct_CXX='g++'
am__EXEEXT_FALSE=''
am__EXEEXT_TRUE='#'
am__fastdepCC_FALSE='#'
am__fastdepCC_TRUE=''
am__fastdepCXX_FALSE='#'
am__fastdepCXX_TRUE=''
am__include='include'
am__isrc=''
am__leading_dot='.'
am__quote=''
am__tar='${AMTAR} chof - "$$tardir"'
am__untar='${AMTAR} xf -'
bindir='${exec_prefix}/bin'
build='x86_64-unknown-linux-gnu'
build_alias=''
build_cpu='x86_64'
build_os='linux-gnu'
build_vendor='unknown'
datadir='${datarootdir}'
datarootdir='${prefix}/share'
docdir='${datarootdir}/doc/${PACKAGE_TARNAME}'
dot='/usr/bin/dot'
doxygen='/usr/bin/doxygen'
dvidir='${docdir}'
egrep='/bin/egrep'
exec_prefix='${prefix}'
host='x86_64-unknown-linux-gnu'
host_alias=''
host_cpu='x86_64'
host_os='linux-gnu'
host_vendor='unknown'
htmldir='${docdir}'
includedir='${prefix}/include'
infodir='${datarootdir}/info'
install_sh='${SHELL} /ubc/cs/research/irmtraud/people/jeffrp/eclipse_projects/Vienna2/install-sh'
latex='/usr/bin/latex'
libdir='${exec_prefix}/lib64'
libexecdir='${exec_prefix}/lib'
localedir='${datarootdir}/locale'
localstatedir='${prefix}/var'
makeindex='/usr/bin/makeindex'
mandir='${datarootdir}/man'
mkdir_p='/bin/mkdir -p'
oldincludedir='/usr/include'
pdfdir='${docdir}'
pdflatex='no'
perl='/usr/bin/perl'
prefix='/usr/local'
program_transform_name='s,x,x,'
psdir='${docdir}'
sbindir='${exec_prefix}/sbin'
sharedstatedir='${prefix}/com'
subdirs=' Perl Kinfold RNAforester'
sysconfdir='${prefix}/etc'
target_alias=''

## ----------- ##
## confdefs.h. ##
## ----------- ##

/* confdefs.h */
#define PACKAGE_NAME "ViennaRNA"
#define PACKAGE_TARNAME "ViennaRNA"
#define PACKAGE_VERSION "2.0.4"
#define PACKAGE_STRING "ViennaRNA 2.0.4"
#define PACKAGE_BUGREPORT "rna@tbi.univie.ac.at"
#define PACKAGE_URL "http://www.tbi.univie.ac.a/~ivo/RNA"
#define PACKAGE "ViennaRNA"
#define VERSION "2.0.4"
#define UNUSED __attribute__ ((unused))
#define HAVE_LIBM 1
#define STDC_HEADERS 1
#define HAVE_SYS_TYPES_H 1
#define HAVE_SYS_STAT_H 1
#define HAVE_STDLIB_H 1
#define HAVE_STRING_H 1
#define HAVE_MEMORY_H 1
#define HAVE_STRINGS_H 1
#define HAVE_INTTYPES_H 1
#define HAVE_STDINT_H 1
#define HAVE_UNISTD_H 1
#define HAVE__BOOL 1
#define HAVE_STDBOOL_H 1
#define HAVE_MALLOC_H 1
#define HAVE_FLOAT_H 1
#define HAVE_LIMITS_H 1
#define HAVE_STDLIB_H 1
#define HAVE_STRING_H 1
#define HAVE_STRINGS_H 1
#define HAVE_UNISTD_H 1
#define HAVE_UNISTD_H 1
#define HAVE_MATH_H 1
#define HAVE_STDLIB_H 1
#define HAVE_MALLOC 1
#define HAVE_STDLIB_H 1
#define HAVE_REALLOC 1
#define HAVE_FLOOR 1
#define HAVE_STRDUP 1
#define HAVE_STRSTR 1
#define HAVE_STRCHR 1
#define HAVE_STRRCHR 1
#define HAVE_STRSTR 1
#define HAVE_STRTOL 1
#define HAVE_STRTOUL 1
#define HAVE_POW 1
#define HAVE_RINT 1
#define HAVE_SQRT 1
#define HAVE_ERAND48 1
#define HAVE_MEMSET 1
#define HAVE_MEMMOVE 1
#define HAVE_ERAND48 1

configure: exit 0
