This is pdfTeX, Version 3.1415926-1.40.10 (TeX Live 2009/openSUSE) (format=pdflatex 2010.8.11)  22 MAY 2012 15:38
entering extended mode
 %&-line parsing enabled.
**refman.tex
(./refman.tex
LaTeX2e <2009/09/24>
Babel <v3.8l> and hyphenation patterns for english, usenglishmax, dumylang, noh
yphenation, german-x-2009-06-19, ngerman-x-2009-06-19, ancientgreek, ibycus, ar
abic, basque, bulgarian, catalan, pinyin, coptic, croatian, czech, danish, dutc
h, esperanto, estonian, farsi, finnish, french, galician, german, ngerman, mono
greek, greek, hungarian, icelandic, indonesian, interlingua, irish, italian, ku
rmanji, latin, latvian, lithuanian, mongolian, mongolian2a, bokmal, nynorsk, po
lish, portuguese, romanian, russian, sanskrit, serbian, slovak, slovenian, span
ish, swedish, turkish, ukenglish, ukrainian, uppersorbian, welsh, loaded.

(/usr/share/texmf/tex/latex/base/book.cls
Document Class: book 2007/10/19 v1.4h Standard LaTeX document class
(/usr/share/texmf/tex/latex/base/bk10.clo
File: bk10.clo 2007/10/19 v1.4h Standard LaTeX file (size option)
)
\c@part=\count79
\c@chapter=\count80
\c@section=\count81
\c@subsection=\count82
\c@subsubsection=\count83
\c@paragraph=\count84
\c@subparagraph=\count85
\c@figure=\count86
\c@table=\count87
\abovecaptionskip=\skip41
\belowcaptionskip=\skip42
\bibindent=\dimen102
) (/usr/share/texmf/tex/latex/base/makeidx.sty
Package: makeidx 2000/03/29 v1.0m Standard LaTeX package
) (/usr/share/texmf/tex/latex/graphics/graphicx.sty
Package: graphicx 1999/02/16 v1.0f Enhanced LaTeX Graphics (DPC,SPQR)
(/usr/share/texmf/tex/latex/graphics/keyval.sty
Package: keyval 1999/03/16 v1.13 key=value parser (DPC)
\KV@toks@=\toks14
) (/usr/share/texmf/tex/latex/graphics/graphics.sty
Package: graphics 2009/02/05 v1.0o Standard LaTeX Graphics (DPC,SPQR)
(/usr/share/texmf/tex/latex/graphics/trig.sty
Package: trig 1999/03/16 v1.09 sin cos tan (DPC)
) (/usr/share/texmf/tex/latex/latexconfig/graphics.cfg
File: graphics.cfg 2009/08/28 v1.8 graphics configuration of TeX Live
)
Package graphics Info: Driver file: pdftex.def on input line 91.
(/usr/share/texmf/tex/latex/pdftex-def/pdftex.def
File: pdftex.def 2009/08/25 v0.04m Graphics/color for pdfTeX
\Gread@gobject=\count88
))
\Gin@req@height=\dimen103
\Gin@req@width=\dimen104
) (/usr/share/texmf/tex/latex/tools/multicol.sty
Package: multicol 2008/12/05 v1.6h multicolumn formatting (FMi)
\c@tracingmulticols=\count89
\mult@box=\box26
\multicol@leftmargin=\dimen105
\c@unbalance=\count90
\c@collectmore=\count91
\doublecol@number=\count92
\multicoltolerance=\count93
\multicolpretolerance=\count94
\full@width=\dimen106
\page@free=\dimen107
\premulticols=\dimen108
\postmulticols=\dimen109
\multicolsep=\skip43
\multicolbaselineskip=\skip44
\partial@page=\box27
\last@line=\box28
\mult@rightbox=\box29
\mult@grightbox=\box30
\mult@gfirstbox=\box31
\mult@firstbox=\box32
\@tempa=\box33
\@tempa=\box34
\@tempa=\box35
\@tempa=\box36
\@tempa=\box37
\@tempa=\box38
\@tempa=\box39
\@tempa=\box40
\@tempa=\box41
\@tempa=\box42
\@tempa=\box43
\@tempa=\box44
\@tempa=\box45
\@tempa=\box46
\@tempa=\box47
\@tempa=\box48
\@tempa=\box49
\c@columnbadness=\count95
\c@finalcolumnbadness=\count96
\last@try=\dimen110
\multicolovershoot=\dimen111
\multicolundershoot=\dimen112
\mult@nat@firstbox=\box50
\colbreak@box=\box51
) (/usr/share/texmf/tex/latex/float/float.sty
Package: float 2001/11/08 v1.3d Float enhancements (AL)
\c@float@type=\count97
\float@exts=\toks15
\float@box=\box52
\@float@everytoks=\toks16
\@floatcapt=\box53
) (/usr/share/texmf/tex/latex/listings/listings.sty
\lst@mode=\count98
\lst@gtempboxa=\box54
\lst@token=\toks17
\lst@length=\count99
\lst@currlwidth=\dimen113
\lst@column=\count100
\lst@pos=\count101
\lst@lostspace=\dimen114
\lst@width=\dimen115
\lst@newlines=\count102
\lst@lineno=\count103
\lst@maxwidth=\dimen116
(/usr/share/texmf/tex/latex/listings/lstmisc.sty
File: lstmisc.sty 2007/02/22 1.4 (Carsten Heinz)
\c@lstnumber=\count104
\lst@skipnumbers=\count105
\lst@framebox=\box55
) (/usr/share/texmf/tex/latex/listings/listings.cfg
File: listings.cfg 2007/02/22 1.4 listings configuration
))
Package: listings 2007/02/22 1.4 (Carsten Heinz)
(/usr/share/texmf/tex/latex/graphics/color.sty
Package: color 2005/11/14 v1.0j Standard LaTeX Color (DPC)
(/usr/share/texmf/tex/latex/latexconfig/color.cfg
File: color.cfg 2007/01/18 v1.5 color configuration of teTeX/TeXLive
)
Package color Info: Driver file: pdftex.def on input line 130.
) (/usr/share/texmf/tex/latex/base/textcomp.sty
Package: textcomp 2005/09/27 v1.99g Standard LaTeX package
Package textcomp Info: Sub-encoding information:
(textcomp)               5 = only ISO-Adobe without \textcurrency
(textcomp)               4 = 5 + \texteuro
(textcomp)               3 = 4 + \textohm
(textcomp)               2 = 3 + \textestimated + \textcurrency
(textcomp)               1 = TS1 - \textcircled - \t
(textcomp)               0 = TS1 (full)
(textcomp)             Font families with sub-encoding setting implement
(textcomp)             only a restricted character set as indicated.
(textcomp)             Family '?' is the default used for unknown fonts.
(textcomp)             See the documentation for details.
Package textcomp Info: Setting ? sub-encoding to TS1/1 on input line 71.
(/usr/share/texmf/tex/latex/base/ts1enc.def
File: ts1enc.def 2001/06/05 v3.0e (jk/car/fm) Standard LaTeX file
)
LaTeX Info: Redefining \oldstylenums on input line 266.
Package textcomp Info: Setting cmr sub-encoding to TS1/0 on input line 281.
Package textcomp Info: Setting cmss sub-encoding to TS1/0 on input line 282.
Package textcomp Info: Setting cmtt sub-encoding to TS1/0 on input line 283.
Package textcomp Info: Setting cmvtt sub-encoding to TS1/0 on input line 284.
Package textcomp Info: Setting cmbr sub-encoding to TS1/0 on input line 285.
Package textcomp Info: Setting cmtl sub-encoding to TS1/0 on input line 286.
Package textcomp Info: Setting ccr sub-encoding to TS1/0 on input line 287.
Package textcomp Info: Setting ptm sub-encoding to TS1/4 on input line 288.
Package textcomp Info: Setting pcr sub-encoding to TS1/4 on input line 289.
Package textcomp Info: Setting phv sub-encoding to TS1/4 on input line 290.
Package textcomp Info: Setting ppl sub-encoding to TS1/3 on input line 291.
Package textcomp Info: Setting pag sub-encoding to TS1/4 on input line 292.
Package textcomp Info: Setting pbk sub-encoding to TS1/4 on input line 293.
Package textcomp Info: Setting pnc sub-encoding to TS1/4 on input line 294.
Package textcomp Info: Setting pzc sub-encoding to TS1/4 on input line 295.
Package textcomp Info: Setting bch sub-encoding to TS1/4 on input line 296.
Package textcomp Info: Setting put sub-encoding to TS1/5 on input line 297.
Package textcomp Info: Setting uag sub-encoding to TS1/5 on input line 298.
Package textcomp Info: Setting ugq sub-encoding to TS1/5 on input line 299.
Package textcomp Info: Setting ul8 sub-encoding to TS1/4 on input line 300.
Package textcomp Info: Setting ul9 sub-encoding to TS1/4 on input line 301.
Package textcomp Info: Setting augie sub-encoding to TS1/5 on input line 302.
Package textcomp Info: Setting dayrom sub-encoding to TS1/3 on input line 303.
Package textcomp Info: Setting dayroms sub-encoding to TS1/3 on input line 304.

Package textcomp Info: Setting pxr sub-encoding to TS1/0 on input line 305.
Package textcomp Info: Setting pxss sub-encoding to TS1/0 on input line 306.
Package textcomp Info: Setting pxtt sub-encoding to TS1/0 on input line 307.
Package textcomp Info: Setting txr sub-encoding to TS1/0 on input line 308.
Package textcomp Info: Setting txss sub-encoding to TS1/0 on input line 309.
Package textcomp Info: Setting txtt sub-encoding to TS1/0 on input line 310.
Package textcomp Info: Setting futs sub-encoding to TS1/4 on input line 311.
Package textcomp Info: Setting futx sub-encoding to TS1/4 on input line 312.
Package textcomp Info: Setting futj sub-encoding to TS1/4 on input line 313.
Package textcomp Info: Setting hlh sub-encoding to TS1/3 on input line 314.
Package textcomp Info: Setting hls sub-encoding to TS1/3 on input line 315.
Package textcomp Info: Setting hlst sub-encoding to TS1/3 on input line 316.
Package textcomp Info: Setting hlct sub-encoding to TS1/5 on input line 317.
Package textcomp Info: Setting hlx sub-encoding to TS1/5 on input line 318.
Package textcomp Info: Setting hlce sub-encoding to TS1/5 on input line 319.
Package textcomp Info: Setting hlcn sub-encoding to TS1/5 on input line 320.
Package textcomp Info: Setting hlcw sub-encoding to TS1/5 on input line 321.
Package textcomp Info: Setting hlcf sub-encoding to TS1/5 on input line 322.
Package textcomp Info: Setting pplx sub-encoding to TS1/3 on input line 323.
Package textcomp Info: Setting pplj sub-encoding to TS1/3 on input line 324.
Package textcomp Info: Setting ptmx sub-encoding to TS1/4 on input line 325.
Package textcomp Info: Setting ptmj sub-encoding to TS1/4 on input line 326.
) (/usr/share/texmf/tex/latex/base/alltt.sty
Package: alltt 1997/06/16 v2.0g defines alltt environment
) (/usr/share/texmf/tex/latex/psnfss/times.sty
Package: times 2005/04/12 PSNFSS-v9.2a (SPQR) 
) (/usr/share/texmf/tex/generic/oberdiek/ifpdf.sty
Package: ifpdf 2009/04/10 v2.0 Provides the ifpdf switch (HO)
Package ifpdf Info: pdfTeX in pdf mode detected.
) (/usr/share/texmf/tex/latex/hyperref/hyperref.sty
Package: hyperref 2009/10/09 v6.79a Hypertext links for LaTeX
(/usr/share/texmf/tex/generic/oberdiek/ifvtex.sty
Package: ifvtex 2008/11/04 v1.4 Switches for detecting VTeX and its modes (HO)
Package ifvtex Info: VTeX not detected.
) (/usr/share/texmf/tex/generic/ifxetex/ifxetex.sty
Package: ifxetex 2009/01/23 v0.5 Provides ifxetex conditional
) (/usr/share/texmf/tex/latex/oberdiek/hycolor.sty
Package: hycolor 2009/10/02 v1.5 Code for color options of hyperref/bookmark (H
O)
(/usr/share/texmf/tex/latex/oberdiek/xcolor-patch.sty
Package: xcolor-patch 2009/10/02 xcolor patch
))
\@linkdim=\dimen117
\Hy@linkcounter=\count106
\Hy@pagecounter=\count107
(/usr/share/texmf/tex/latex/hyperref/pd1enc.def
File: pd1enc.def 2009/10/09 v6.79a Hyperref: PDFDocEncoding definition (HO)
) (/usr/share/texmf/tex/generic/oberdiek/etexcmds.sty
Package: etexcmds 2007/12/12 v1.2 Prefix for e-TeX command names (HO)
(/usr/share/texmf/tex/generic/oberdiek/infwarerr.sty
Package: infwarerr 2007/09/09 v1.2 Providing info/warning/message (HO)
)
Package etexcmds Info: Could not find \expanded.
(etexcmds)             That can mean that you are not using pdfTeX 1.50 or
(etexcmds)             that some package has redefined \expanded.
(etexcmds)             In the latter case, load this package earlier.
) (/usr/share/texmf/tex/latex/latexconfig/hyperref.cfg
File: hyperref.cfg 2002/06/06 v1.2 hyperref configuration of TeXLive
) (/usr/share/texmf/tex/latex/oberdiek/kvoptions.sty
Package: kvoptions 2009/08/13 v3.4 Keyval support for LaTeX options (HO)
(/usr/share/texmf/tex/generic/oberdiek/kvsetkeys.sty
Package: kvsetkeys 2009/07/30 v1.5 Key value parser with default handler suppor
t (HO)
))
Package hyperref Info: Option `colorlinks' set `true' on input line 2864.
Package hyperref Info: Option `unicode' set `true' on input line 2864.
(/usr/share/texmf/tex/latex/hyperref/puenc.def
File: puenc.def 2009/10/09 v6.79a Hyperref: PDF Unicode definition (HO)
)
Package hyperref Info: Hyper figures OFF on input line 2975.
Package hyperref Info: Link nesting OFF on input line 2980.
Package hyperref Info: Hyper index ON on input line 2983.
Package hyperref Info: Plain pages OFF on input line 2990.
Package hyperref Info: Backreferencing ON on input line 2993.
Implicit mode ON; LaTeX internals redefined
Package hyperref Info: Bookmarks ON on input line 3191.
(/usr/share/texmf/tex/latex/hyperref/backref.sty
Package: backref 2006/09/05 v1.28 Bibliographical back referencing
) (/usr/share/texmf/tex/latex/ltxmisc/url.sty
\Urlmuskip=\muskip10
Package: url 2006/04/12  ver 3.3  Verb mode for urls, etc.
)
LaTeX Info: Redefining \url on input line 3428.
(/usr/share/texmf/tex/generic/oberdiek/bitset.sty
Package: bitset 2007/09/28 v1.0 Data type bit set (HO)
(/usr/share/texmf/tex/generic/oberdiek/intcalc.sty
Package: intcalc 2007/09/27 v1.1 Expandable integer calculations (HO)
) (/usr/share/texmf/tex/generic/oberdiek/bigintcalc.sty
Package: bigintcalc 2007/11/11 v1.1 Expandable big integer calculations (HO)
(/usr/share/texmf/tex/generic/oberdiek/pdftexcmds.sty
Package: pdftexcmds 2009/09/23 v0.6 LuaTeX support for pdfTeX utility functions
 (HO)
(/usr/share/texmf/tex/generic/oberdiek/ifluatex.sty
Package: ifluatex 2009/04/17 v1.2 Provides the ifluatex switch (HO)
Package ifluatex Info: LuaTeX not detected.
) (/usr/share/texmf/tex/generic/oberdiek/ltxcmds.sty
Package: ltxcmds 2009/08/05 v1.0 Some LaTeX kernel commands for general use (HO
)
)
Package pdftexcmds Info: LuaTeX not detected.
Package pdftexcmds Info: \pdf@primitive is available.
Package pdftexcmds Info: \pdf@ifprimitive is available.
)))
\Fld@menulength=\count108
\Field@Width=\dimen118
\Fld@charsize=\dimen119
\Field@toks=\toks18
Package hyperref Info: Hyper figures OFF on input line 4377.
Package hyperref Info: Link nesting OFF on input line 4382.
Package hyperref Info: Hyper index ON on input line 4385.
Package hyperref Info: backreferencing ON on input line 4390.
Package hyperref Info: Link coloring ON on input line 4395.
Package hyperref Info: Link coloring with OCG OFF on input line 4402.
Package hyperref Info: PDF/A mode OFF on input line 4407.
(/usr/share/texmf/tex/generic/oberdiek/atbegshi.sty
Package: atbegshi 2008/07/31 v1.9 At begin shipout hook (HO)
)
\Hy@abspage=\count109
\c@Item=\count110
\c@Hfootnote=\count111
)
*hyperref using driver hpdftex*
(/usr/share/texmf/tex/latex/hyperref/hpdftex.def
File: hpdftex.def 2009/10/09 v6.79a Hyperref driver for pdfTeX
\Fld@listcount=\count112
) (/usr/share/texmf/tex/latex/base/inputenc.sty
Package: inputenc 2008/03/30 v1.1d Input encoding file
\inpenc@prehook=\toks19
\inpenc@posthook=\toks20
(/usr/share/texmf/tex/latex/base/utf8.def
File: utf8.def 2008/04/05 v1.1m UTF-8 support for inputenc
Now handling font encoding OML ...
... no UTF-8 mapping file for font encoding OML
Now handling font encoding T1 ...
... processing UTF-8 mapping file for font encoding T1
(/usr/share/texmf/tex/latex/base/t1enc.dfu
File: t1enc.dfu 2008/04/05 v1.1m UTF-8 support for inputenc
   defining Unicode char U+00A1 (decimal 161)
   defining Unicode char U+00A3 (decimal 163)
   defining Unicode char U+00AB (decimal 171)
   defining Unicode char U+00BB (decimal 187)
   defining Unicode char U+00BF (decimal 191)
   defining Unicode char U+00C0 (decimal 192)
   defining Unicode char U+00C1 (decimal 193)
   defining Unicode char U+00C2 (decimal 194)
   defining Unicode char U+00C3 (decimal 195)
   defining Unicode char U+00C4 (decimal 196)
   defining Unicode char U+00C5 (decimal 197)
   defining Unicode char U+00C6 (decimal 198)
   defining Unicode char U+00C7 (decimal 199)
   defining Unicode char U+00C8 (decimal 200)
   defining Unicode char U+00C9 (decimal 201)
   defining Unicode char U+00CA (decimal 202)
   defining Unicode char U+00CB (decimal 203)
   defining Unicode char U+00CC (decimal 204)
   defining Unicode char U+00CD (decimal 205)
   defining Unicode char U+00CE (decimal 206)
   defining Unicode char U+00CF (decimal 207)
   defining Unicode char U+00D0 (decimal 208)
   defining Unicode char U+00D1 (decimal 209)
   defining Unicode char U+00D2 (decimal 210)
   defining Unicode char U+00D3 (decimal 211)
   defining Unicode char U+00D4 (decimal 212)
   defining Unicode char U+00D5 (decimal 213)
   defining Unicode char U+00D6 (decimal 214)
   defining Unicode char U+00D8 (decimal 216)
   defining Unicode char U+00D9 (decimal 217)
   defining Unicode char U+00DA (decimal 218)
   defining Unicode char U+00DB (decimal 219)
   defining Unicode char U+00DC (decimal 220)
   defining Unicode char U+00DD (decimal 221)
   defining Unicode char U+00DE (decimal 222)
   defining Unicode char U+00DF (decimal 223)
   defining Unicode char U+00E0 (decimal 224)
   defining Unicode char U+00E1 (decimal 225)
   defining Unicode char U+00E2 (decimal 226)
   defining Unicode char U+00E3 (decimal 227)
   defining Unicode char U+00E4 (decimal 228)
   defining Unicode char U+00E5 (decimal 229)
   defining Unicode char U+00E6 (decimal 230)
   defining Unicode char U+00E7 (decimal 231)
   defining Unicode char U+00E8 (decimal 232)
   defining Unicode char U+00E9 (decimal 233)
   defining Unicode char U+00EA (decimal 234)
   defining Unicode char U+00EB (decimal 235)
   defining Unicode char U+00EC (decimal 236)
   defining Unicode char U+00ED (decimal 237)
   defining Unicode char U+00EE (decimal 238)
   defining Unicode char U+00EF (decimal 239)
   defining Unicode char U+00F0 (decimal 240)
   defining Unicode char U+00F1 (decimal 241)
   defining Unicode char U+00F2 (decimal 242)
   defining Unicode char U+00F3 (decimal 243)
   defining Unicode char U+00F4 (decimal 244)
   defining Unicode char U+00F5 (decimal 245)
   defining Unicode char U+00F6 (decimal 246)
   defining Unicode char U+00F8 (decimal 248)
   defining Unicode char U+00F9 (decimal 249)
   defining Unicode char U+00FA (decimal 250)
   defining Unicode char U+00FB (decimal 251)
   defining Unicode char U+00FC (decimal 252)
   defining Unicode char U+00FD (decimal 253)
   defining Unicode char U+00FE (decimal 254)
   defining Unicode char U+00FF (decimal 255)
   defining Unicode char U+0102 (decimal 258)
   defining Unicode char U+0103 (decimal 259)
   defining Unicode char U+0104 (decimal 260)
   defining Unicode char U+0105 (decimal 261)
   defining Unicode char U+0106 (decimal 262)
   defining Unicode char U+0107 (decimal 263)
   defining Unicode char U+010C (decimal 268)
   defining Unicode char U+010D (decimal 269)
   defining Unicode char U+010E (decimal 270)
   defining Unicode char U+010F (decimal 271)
   defining Unicode char U+0110 (decimal 272)
   defining Unicode char U+0111 (decimal 273)
   defining Unicode char U+0118 (decimal 280)
   defining Unicode char U+0119 (decimal 281)
   defining Unicode char U+011A (decimal 282)
   defining Unicode char U+011B (decimal 283)
   defining Unicode char U+011E (decimal 286)
   defining Unicode char U+011F (decimal 287)
   defining Unicode char U+0130 (decimal 304)
   defining Unicode char U+0131 (decimal 305)
   defining Unicode char U+0132 (decimal 306)
   defining Unicode char U+0133 (decimal 307)
   defining Unicode char U+0139 (decimal 313)
   defining Unicode char U+013A (decimal 314)
   defining Unicode char U+013D (decimal 317)
   defining Unicode char U+013E (decimal 318)
   defining Unicode char U+0141 (decimal 321)
   defining Unicode char U+0142 (decimal 322)
   defining Unicode char U+0143 (decimal 323)
   defining Unicode char U+0144 (decimal 324)
   defining Unicode char U+0147 (decimal 327)
   defining Unicode char U+0148 (decimal 328)
   defining Unicode char U+014A (decimal 330)
   defining Unicode char U+014B (decimal 331)
   defining Unicode char U+0150 (decimal 336)
   defining Unicode char U+0151 (decimal 337)
   defining Unicode char U+0152 (decimal 338)
   defining Unicode char U+0153 (decimal 339)
   defining Unicode char U+0154 (decimal 340)
   defining Unicode char U+0155 (decimal 341)
   defining Unicode char U+0158 (decimal 344)
   defining Unicode char U+0159 (decimal 345)
   defining Unicode char U+015A (decimal 346)
   defining Unicode char U+015B (decimal 347)
   defining Unicode char U+015E (decimal 350)
   defining Unicode char U+015F (decimal 351)
   defining Unicode char U+0160 (decimal 352)
   defining Unicode char U+0161 (decimal 353)
   defining Unicode char U+0162 (decimal 354)
   defining Unicode char U+0163 (decimal 355)
   defining Unicode char U+0164 (decimal 356)
   defining Unicode char U+0165 (decimal 357)
   defining Unicode char U+016E (decimal 366)
   defining Unicode char U+016F (decimal 367)
   defining Unicode char U+0170 (decimal 368)
   defining Unicode char U+0171 (decimal 369)
   defining Unicode char U+0178 (decimal 376)
   defining Unicode char U+0179 (decimal 377)
   defining Unicode char U+017A (decimal 378)
   defining Unicode char U+017B (decimal 379)
   defining Unicode char U+017C (decimal 380)
   defining Unicode char U+017D (decimal 381)
   defining Unicode char U+017E (decimal 382)
   defining Unicode char U+200C (decimal 8204)
   defining Unicode char U+2013 (decimal 8211)
   defining Unicode char U+2014 (decimal 8212)
   defining Unicode char U+2018 (decimal 8216)
   defining Unicode char U+2019 (decimal 8217)
   defining Unicode char U+201A (decimal 8218)
   defining Unicode char U+201C (decimal 8220)
   defining Unicode char U+201D (decimal 8221)
   defining Unicode char U+201E (decimal 8222)
   defining Unicode char U+2030 (decimal 8240)
   defining Unicode char U+2031 (decimal 8241)
   defining Unicode char U+2039 (decimal 8249)
   defining Unicode char U+203A (decimal 8250)
   defining Unicode char U+2423 (decimal 9251)
)
Now handling font encoding OT1 ...
... processing UTF-8 mapping file for font encoding OT1
(/usr/share/texmf/tex/latex/base/ot1enc.dfu
File: ot1enc.dfu 2008/04/05 v1.1m UTF-8 support for inputenc
   defining Unicode char U+00A1 (decimal 161)
   defining Unicode char U+00A3 (decimal 163)
   defining Unicode char U+00B8 (decimal 184)
   defining Unicode char U+00BF (decimal 191)
   defining Unicode char U+00C5 (decimal 197)
   defining Unicode char U+00C6 (decimal 198)
   defining Unicode char U+00D8 (decimal 216)
   defining Unicode char U+00DF (decimal 223)
   defining Unicode char U+00E6 (decimal 230)
   defining Unicode char U+00EC (decimal 236)
   defining Unicode char U+00ED (decimal 237)
   defining Unicode char U+00EE (decimal 238)
   defining Unicode char U+00EF (decimal 239)
   defining Unicode char U+00F8 (decimal 248)
   defining Unicode char U+0131 (decimal 305)
   defining Unicode char U+0141 (decimal 321)
   defining Unicode char U+0142 (decimal 322)
   defining Unicode char U+0152 (decimal 338)
   defining Unicode char U+0153 (decimal 339)
   defining Unicode char U+2013 (decimal 8211)
   defining Unicode char U+2014 (decimal 8212)
   defining Unicode char U+2018 (decimal 8216)
   defining Unicode char U+2019 (decimal 8217)
   defining Unicode char U+201C (decimal 8220)
   defining Unicode char U+201D (decimal 8221)
)
Now handling font encoding OMS ...
... processing UTF-8 mapping file for font encoding OMS
(/usr/share/texmf/tex/latex/base/omsenc.dfu
File: omsenc.dfu 2008/04/05 v1.1m UTF-8 support for inputenc
   defining Unicode char U+00A7 (decimal 167)
   defining Unicode char U+00B6 (decimal 182)
   defining Unicode char U+00B7 (decimal 183)
   defining Unicode char U+2020 (decimal 8224)
   defining Unicode char U+2021 (decimal 8225)
   defining Unicode char U+2022 (decimal 8226)
)
Now handling font encoding OMX ...
... no UTF-8 mapping file for font encoding OMX
Now handling font encoding U ...
... no UTF-8 mapping file for font encoding U
Now handling font encoding TS1 ...
... processing UTF-8 mapping file for font encoding TS1
(/usr/share/texmf/tex/latex/base/ts1enc.dfu
File: ts1enc.dfu 2008/04/05 v1.1m UTF-8 support for inputenc
   defining Unicode char U+00A2 (decimal 162)
   defining Unicode char U+00A3 (decimal 163)
   defining Unicode char U+00A4 (decimal 164)
   defining Unicode char U+00A5 (decimal 165)
   defining Unicode char U+00A6 (decimal 166)
   defining Unicode char U+00A7 (decimal 167)
   defining Unicode char U+00A8 (decimal 168)
   defining Unicode char U+00A9 (decimal 169)
   defining Unicode char U+00AA (decimal 170)
   defining Unicode char U+00AC (decimal 172)
   defining Unicode char U+00AE (decimal 174)
   defining Unicode char U+00AF (decimal 175)
   defining Unicode char U+00B0 (decimal 176)
   defining Unicode char U+00B1 (decimal 177)
   defining Unicode char U+00B2 (decimal 178)
   defining Unicode char U+00B3 (decimal 179)
   defining Unicode char U+00B4 (decimal 180)
   defining Unicode char U+00B5 (decimal 181)
   defining Unicode char U+00B6 (decimal 182)
   defining Unicode char U+00B7 (decimal 183)
   defining Unicode char U+00B9 (decimal 185)
   defining Unicode char U+00BA (decimal 186)
   defining Unicode char U+00BC (decimal 188)
   defining Unicode char U+00BD (decimal 189)
   defining Unicode char U+00BE (decimal 190)
   defining Unicode char U+00D7 (decimal 215)
   defining Unicode char U+00F7 (decimal 247)
   defining Unicode char U+0192 (decimal 402)
   defining Unicode char U+02C7 (decimal 711)
   defining Unicode char U+02D8 (decimal 728)
   defining Unicode char U+02DD (decimal 733)
   defining Unicode char U+0E3F (decimal 3647)
   defining Unicode char U+2016 (decimal 8214)
   defining Unicode char U+2020 (decimal 8224)
   defining Unicode char U+2021 (decimal 8225)
   defining Unicode char U+2022 (decimal 8226)
   defining Unicode char U+2030 (decimal 8240)
   defining Unicode char U+2031 (decimal 8241)
   defining Unicode char U+203B (decimal 8251)
   defining Unicode char U+203D (decimal 8253)
   defining Unicode char U+2044 (decimal 8260)
   defining Unicode char U+204E (decimal 8270)
   defining Unicode char U+2052 (decimal 8274)
   defining Unicode char U+20A1 (decimal 8353)
   defining Unicode char U+20A4 (decimal 8356)
   defining Unicode char U+20A6 (decimal 8358)
   defining Unicode char U+20A9 (decimal 8361)
   defining Unicode char U+20AB (decimal 8363)
   defining Unicode char U+20AC (decimal 8364)
   defining Unicode char U+20B1 (decimal 8369)
   defining Unicode char U+2103 (decimal 8451)
   defining Unicode char U+2116 (decimal 8470)
   defining Unicode char U+2117 (decimal 8471)
   defining Unicode char U+211E (decimal 8478)
   defining Unicode char U+2120 (decimal 8480)
   defining Unicode char U+2122 (decimal 8482)
   defining Unicode char U+2126 (decimal 8486)
   defining Unicode char U+2127 (decimal 8487)
   defining Unicode char U+212E (decimal 8494)
   defining Unicode char U+2190 (decimal 8592)
   defining Unicode char U+2191 (decimal 8593)
   defining Unicode char U+2192 (decimal 8594)
   defining Unicode char U+2193 (decimal 8595)
   defining Unicode char U+2329 (decimal 9001)
   defining Unicode char U+232A (decimal 9002)
   defining Unicode char U+2422 (decimal 9250)
   defining Unicode char U+25E6 (decimal 9702)
   defining Unicode char U+25EF (decimal 9711)
   defining Unicode char U+266A (decimal 9834)
)
Now handling font encoding PD1 ...
... no UTF-8 mapping file for font encoding PD1
Now handling font encoding PU ...
... no UTF-8 mapping file for font encoding PU
   defining Unicode char U+00A9 (decimal 169)
   defining Unicode char U+00AA (decimal 170)
   defining Unicode char U+00AE (decimal 174)
   defining Unicode char U+00BA (decimal 186)
   defining Unicode char U+02C6 (decimal 710)
   defining Unicode char U+02DC (decimal 732)
   defining Unicode char U+200C (decimal 8204)
   defining Unicode char U+2026 (decimal 8230)
   defining Unicode char U+2122 (decimal 8482)
   defining Unicode char U+2423 (decimal 9251)
)) (./doxygen.sty
Package: doxygen 
(/usr/share/texmf/tex/latex/tools/array.sty
Package: array 2008/09/09 v2.4c Tabular extension package (FMi)
\col@sep=\dimen120
\extrarowheight=\dimen121
\NC@list=\toks21
\extratabsurround=\skip45
\backup@length=\skip46
) (/usr/share/texmf/tex/latex/tools/calc.sty
Package: calc 2007/08/22 v4.3 Infix arithmetic (KKT,FJ)
\calc@Acount=\count113
\calc@Bcount=\count114
\calc@Adimen=\dimen122
\calc@Bdimen=\dimen123
\calc@Askip=\skip47
\calc@Bskip=\skip48
LaTeX Info: Redefining \setlength on input line 76.
LaTeX Info: Redefining \addtolength on input line 77.
\calc@Ccount=\count115
\calc@Cskip=\skip49
) (/usr/share/texmf/tex/latex/fancyhdr/fancyhdr.sty
\fancy@headwidth=\skip50
\f@ncyO@elh=\skip51
\f@ncyO@erh=\skip52
\f@ncyO@olh=\skip53
\f@ncyO@orh=\skip54
\f@ncyO@elf=\skip55
\f@ncyO@erf=\skip56
\f@ncyO@olf=\skip57
\f@ncyO@orf=\skip58
) (/usr/share/texmf/tex/latex/tools/verbatim.sty
Package: verbatim 2003/08/22 v1.5q LaTeX2e package for verbatim enhancements
\every@verbatim=\toks22
\verbatim@line=\toks23
\verbatim@in@stream=\read1
)
\tmplength=\skip59
(/usr/share/texmf/tex/latex/base/fontenc.sty
Package: fontenc 2005/09/27 v1.99g Standard LaTeX package
(/usr/share/texmf/tex/latex/base/t1enc.def
File: t1enc.def 2005/09/27 v1.99g Standard LaTeX file
LaTeX Font Info:    Redeclaring font encoding T1 on input line 43.
))) (/usr/share/texmf/tex/latex/listings/lstlang1.sty
File: lstlang1.sty 2004/09/05 1.3 listings language file
) (/usr/share/texmf/tex/latex/listings/lstlang1.sty
File: lstlang1.sty 2004/09/05 1.3 listings language file
) (/usr/share/texmf/tex/latex/listings/lstmisc.sty
File: lstmisc.sty 2007/02/22 1.4 (Carsten Heinz)
)
\@indexfile=\write3
\openout3 = `refman.idx'.

Writing index file refman.idx
No file refman.aux.
\openout1 = `refman.aux'.

LaTeX Font Info:    Checking defaults for OML/cmm/m/it on input line 35.
LaTeX Font Info:    ... okay on input line 35.
LaTeX Font Info:    Checking defaults for T1/cmr/m/n on input line 35.
LaTeX Font Info:    ... okay on input line 35.
LaTeX Font Info:    Checking defaults for OT1/cmr/m/n on input line 35.
LaTeX Font Info:    ... okay on input line 35.
LaTeX Font Info:    Checking defaults for OMS/cmsy/m/n on input line 35.
LaTeX Font Info:    ... okay on input line 35.
LaTeX Font Info:    Checking defaults for OMX/cmex/m/n on input line 35.
LaTeX Font Info:    ... okay on input line 35.
LaTeX Font Info:    Checking defaults for U/cmr/m/n on input line 35.
LaTeX Font Info:    ... okay on input line 35.
LaTeX Font Info:    Checking defaults for TS1/cmr/m/n on input line 35.
LaTeX Font Info:    Try loading font information for TS1+cmr on input line 35.
(/usr/share/texmf/tex/latex/base/ts1cmr.fd
File: ts1cmr.fd 1999/05/25 v2.5h Standard LaTeX font definitions
)
LaTeX Font Info:    ... okay on input line 35.
LaTeX Font Info:    Checking defaults for PD1/pdf/m/n on input line 35.
LaTeX Font Info:    ... okay on input line 35.
LaTeX Font Info:    Checking defaults for PU/pdf/m/n on input line 35.
LaTeX Font Info:    ... okay on input line 35.
LaTeX Font Info:    Try loading font information for T1+ptm on input line 35.
(/usr/share/texmf/tex/latex/psnfss/t1ptm.fd
File: t1ptm.fd 2001/06/04 font definitions for T1/ptm.
) (/usr/share/texmf/tex/context/base/supp-pdf.mkii
[Loading MPS to PDF converter (version 2006.09.02).]
\scratchcounter=\count116
\scratchdimen=\dimen124
\scratchbox=\box56
\nofMPsegments=\count117
\nofMParguments=\count118
\everyMPshowfont=\toks24
\MPscratchCnt=\count119
\MPscratchDim=\dimen125
\MPnumerator=\count120
\everyMPtoPDFconversion=\toks25
)
\c@lstlisting=\count121
Package hyperref Info: Link coloring ON on input line 35.
(/usr/share/texmf/tex/latex/hyperref/nameref.sty
Package: nameref 2007/05/29 v2.31 Cross-referencing by name of section
(/usr/share/texmf/tex/latex/oberdiek/refcount.sty
Package: refcount 2008/08/11 v3.1 Data extraction from references (HO)
)
\c@section@level=\count122
)
LaTeX Info: Redefining \ref on input line 35.
LaTeX Info: Redefining \pageref on input line 35.
\@outlinefile=\write4
\openout4 = `refman.out'.

\AtBeginShipoutBox=\box57
Package hyperref Info: Option `pageanchor' set `false' on input line 36.
[1


{/var/lib/texmf/fonts/map/pdftex/updmap/pdftex.map}] [2

]
LaTeX Font Info:    Font shape `T1/ptm/bx/n' in size <24.88> not available
(Font)              Font shape `T1/ptm/b/n' tried instead on input line 49.
\tf@toc=\write5
\openout5 = `refman.toc'.

[1

] [2

]
Package hyperref Info: Option `pageanchor' set `true' on input line 52.
Chapter 1.
LaTeX Font Info:    Font shape `T1/ptm/bx/n' in size <20.74> not available
(Font)              Font shape `T1/ptm/b/n' tried instead on input line 53.
(./main.tex
LaTeX Font Info:    Font shape `T1/ptm/bx/n' in size <12> not available
(Font)              Font shape `T1/ptm/b/n' tried instead on input line 4.
LaTeX Font Info:    Font shape `T1/ptm/bx/n' in size <10> not available
(Font)              Font shape `T1/ptm/b/n' tried instead on input line 11.
LaTeX Font Info:    Try loading font information for TS1+ptm on input line 24.
(/usr/share/texmf/tex/latex/psnfss/ts1ptm.fd
File: ts1ptm.fd 2001/06/04 font definitions for TS1/ptm.
)
LaTeX Font Info:    Font shape `T1/ptm/bx/n' in size <14.4> not available
(Font)              Font shape `T1/ptm/b/n' tried instead on input line 27.
[1

]
LaTeX Font Info:    Try loading font information for T1+pcr on input line 32.
(/usr/share/texmf/tex/latex/psnfss/t1pcr.fd
File: t1pcr.fd 2001/06/04 font definitions for T1/pcr.
)
LaTeX Font Info:    External font `cmex10' loaded for size
(Font)              <7> on input line 32.
LaTeX Font Info:    External font `cmex10' loaded for size
(Font)              <5> on input line 32.
)
LaTeX Font Info:    Font shape `T1/ptm/bx/n' in size <7> not available
(Font)              Font shape `T1/ptm/b/n' tried instead on input line 55.
[2]
Chapter 2.
[3

]
\openout2 = `mp__fold.aux'.

(./mp__fold.tex [4

] [5] [6]
Underfull \hbox (badness 10000) in paragraph at lines 173--173
[]\T1/ptm/b/n/14.4 Predicting hy-bridiza-tion struc-tures of two
 []

[7] [8] [9] [10] [11] [12]) [13] [14


]
Chapter 3.
[15]
\openout2 = `mp__parse.aux'.

(./mp__parse.tex [16

] [17] [18] [19]) [20]
Chapter 4.
[21


]
\openout2 = `mp__utils.aux'.

(./mp__utils.texpdfTeX warning (ext4): destination with the same identifier (na
me{mp__utils_toc}) has been already used, duplicate ignored
<to be read again> 
                   \relax 
l.2 \hypertarget{mp__utils_toc}{}
                                  [22

] [23] [24] [25]) [26]
Chapter 5.
[27


]
\openout2 = `mp__example.aux'.

(./mp__example.tex
Overfull \hbox (10.20023pt too wide) in paragraph at lines 55--55
[]   \T1/pcr/m/n/8 printf("%s\n%s  %3.2f\n", aligned_line[0], aligned_line[1], 
tree_dist);[] 
 []

[28

]
Overfull \hbox (34.20024pt too wide) in paragraph at lines 70--70
[]   \T1/pcr/m/n/8 /* get the base pair probability matrix for the previous run
 of pf_fold() */[] 
 []


Overfull \hbox (34.20024pt too wide) in paragraph at lines 75--75
[]   \T1/pcr/m/n/8 /* get the base pair probability matrix for the previous run
 of pf_fold() */[] 
 []

) [29] [30


]
Chapter 6.
[31]
\openout2 = `mp__ref.aux'.

(./mp__ref.tex

! LaTeX Error: Too deeply nested.

See the LaTeX manual or LaTeX Companion for explanation.
Type  H <return>  for immediate help.
 ...                                              
                                                  
l.30 \begin{DoxyEnumerate}
                          
You're in trouble here.  Try typing  <return>  to proceed.
If that doesn't work, type  X <return>  to quit.


! LaTeX Error: Too deeply nested.

See the LaTeX manual or LaTeX Companion for explanation.
Type  H <return>  for immediate help.
 ...                                              
                                                  
l.35 \begin{DoxyEnumerate}
                          
You're in trouble here.  Try typing  <return>  to proceed.
If that doesn't work, type  X <return>  to quit.


! LaTeX Error: Too deeply nested.

See the LaTeX manual or LaTeX Companion for explanation.
Type  H <return>  for immediate help.
 ...                                              
                                                  
l.40 \begin{DoxyEnumerate}
                          
You're in trouble here.  Try typing  <return>  to proceed.
If that doesn't work, type  X <return>  to quit.


! LaTeX Error: Too deeply nested.

See the LaTeX manual or LaTeX Companion for explanation.
Type  H <return>  for immediate help.
 ...                                              
                                                  
l.45 \begin{DoxyEnumerate}
                          
You're in trouble here.  Try typing  <return>  to proceed.
If that doesn't work, type  X <return>  to quit.


! LaTeX Error: Too deeply nested.

See the LaTeX manual or LaTeX Companion for explanation.
Type  H <return>  for immediate help.
 ...                                              
                                                  
l.50 \begin{DoxyEnumerate}
                          
You're in trouble here.  Try typing  <return>  to proceed.
If that doesn't work, type  X <return>  to quit.


! LaTeX Error: Too deeply nested.

See the LaTeX manual or LaTeX Companion for explanation.
Type  H <return>  for immediate help.
 ...                                              
                                                  
l.55 \begin{DoxyEnumerate}
                          
You're in trouble here.  Try typing  <return>  to proceed.
If that doesn't work, type  X <return>  to quit.


! LaTeX Error: Too deeply nested.

See the LaTeX manual or LaTeX Companion for explanation.
Type  H <return>  for immediate help.
 ...                                              
                                                  
l.60 \begin{DoxyEnumerate}
                          
You're in trouble here.  Try typing  <return>  to proceed.
If that doesn't work, type  X <return>  to quit.


! LaTeX Error: Too deeply nested.

See the LaTeX manual or LaTeX Companion for explanation.
Type  H <return>  for immediate help.
 ...                                              
                                                  
l.65 \begin{DoxyEnumerate}
                          
You're in trouble here.  Try typing  <return>  to proceed.
If that doesn't work, type  X <return>  to quit.


! LaTeX Error: Too deeply nested.

See the LaTeX manual or LaTeX Companion for explanation.
Type  H <return>  for immediate help.
 ...                                              
                                                  
l.70 \begin{DoxyEnumerate}
                          
You're in trouble here.  Try typing  <return>  to proceed.
If that doesn't work, type  X <return>  to quit.


! LaTeX Error: Too deeply nested.

See the LaTeX manual or LaTeX Companion for explanation.
Type  H <return>  for immediate help.
 ...                                              
                                                  
l.75 \begin{DoxyEnumerate}
                          
You're in trouble here.  Try typing  <return>  to proceed.
If that doesn't work, type  X <return>  to quit.

[32

]

! LaTeX Error: Too deeply nested.

See the LaTeX manual or LaTeX Companion for explanation.
Type  H <return>  for immediate help.
 ...                                              
                                                  
l.80 \begin{DoxyEnumerate}
                          
You're in trouble here.  Try typing  <return>  to proceed.
If that doesn't work, type  X <return>  to quit.


! LaTeX Error: Too deeply nested.

See the LaTeX manual or LaTeX Companion for explanation.
Type  H <return>  for immediate help.
 ...                                              
                                                  
l.84 \begin{DoxyEnumerate}
                          
You're in trouble here.  Try typing  <return>  to proceed.
If that doesn't work, type  X <return>  to quit.


! LaTeX Error: Too deeply nested.

See the LaTeX manual or LaTeX Companion for explanation.
Type  H <return>  for immediate help.
 ...                                              
                                                  
l.88 \begin{DoxyEnumerate}
                          
You're in trouble here.  Try typing  <return>  to proceed.
If that doesn't work, type  X <return>  to quit.


! LaTeX Error: Too deeply nested.

See the LaTeX manual or LaTeX Companion for explanation.
Type  H <return>  for immediate help.
 ...                                              
                                                  
l.92 \begin{DoxyEnumerate}
                          
You're in trouble here.  Try typing  <return>  to proceed.
If that doesn't work, type  X <return>  to quit.

) [33] [34


]
Chapter 7.
[35]
\openout2 = `deprecated.aux'.

(./deprecated.tex
Underfull \hbox (badness 10000) in paragraph at lines 19--20
[]\T1/ptm/m/n/10 This
 []


Underfull \hbox (badness 1708) in paragraph at lines 19--20
\T1/ptm/m/n/10 func-tion is dep-re-cated and should not be used in fu-ture pro-
grams Use
 []


Overfull \hbox (6.81662pt too wide) in paragraph at lines 37--38
[]
 []


Overfull \hbox (2.58626pt too wide) in paragraph at lines 46--47
[]
 []


Overfull \hbox (74.92589pt too wide) in paragraph at lines 53--54
[]
 []


Overfull \hbox (22.72624pt too wide) in paragraph at lines 111--112
[]
 []

[36

]) [37] [38


]
Chapter 8.
(./annotated.tex

LaTeX Warning: Reference `structbondT' on page 39 undefined on input line 3.


LaTeX Warning: Reference `structbondTEn' on page 39 undefined on input line 4.


LaTeX Warning: Reference `structcofoldF' on page 39 undefined on input line 5.


LaTeX Warning: Reference `structConcEnt' on page 39 undefined on input line 6.


LaTeX Warning: Reference `structconstrain' on page 39 undefined on input line 7
.


LaTeX Warning: Reference `structCOORDINATE' on page 39 undefined on input line 
8.


LaTeX Warning: Reference `structcpair' on page 39 undefined on input line 9.


LaTeX Warning: Reference `structduplexT' on page 39 undefined on input line 10.



LaTeX Warning: Reference `structdupVar' on page 39 undefined on input line 11.


LaTeX Warning: Reference `structfolden' on page 39 undefined on input line 12.


LaTeX Warning: Reference `structinteract' on page 39 undefined on input line 13
.


LaTeX Warning: Reference `structintermediate__t' on page 39 undefined on input 
line 14.


LaTeX Warning: Reference `structINTERVAL' on page 39 undefined on input line 15
.


LaTeX Warning: Reference `structLIST' on page 39 undefined on input line 16.


LaTeX Warning: Reference `structLST__BUCKET' on page 39 undefined on input line
 17.


LaTeX Warning: Reference `structmodel__detailsT' on page 39 undefined on input 
line 18.


LaTeX Warning: Reference `structmove__t' on page 39 undefined on input line 19.



LaTeX Warning: Reference `structPAIR' on page 39 undefined on input line 20.


LaTeX Warning: Reference `structpair__info' on page 39 undefined on input line 
21.


LaTeX Warning: Reference `structpairpro' on page 39 undefined on input line 22.



LaTeX Warning: Reference `structparamT' on page 39 undefined on input line 23.


LaTeX Warning: Reference `structpath__t' on page 39 undefined on input line 24.



LaTeX Warning: Reference `structpf__paramT' on page 39 undefined on input line 
25.


LaTeX Warning: Reference `structplist' on page 39 undefined on input line 26.


LaTeX Warning: Reference `structPostorder__list' on page 39 undefined on input 
line 27.

[39]

LaTeX Warning: Reference `structpu__contrib' on page 40 undefined on input line
 28.


LaTeX Warning: Reference `structpu__out' on page 40 undefined on input line 29.



LaTeX Warning: Reference `structsect' on page 40 undefined on input line 30.


LaTeX Warning: Reference `structsnoopT' on page 40 undefined on input line 31.


LaTeX Warning: Reference `structSOLUTION' on page 40 undefined on input line 32
.


LaTeX Warning: Reference `structsvm__model' on page 40 undefined on input line 
33.


LaTeX Warning: Reference `structswString' on page 40 undefined on input line 34
.


LaTeX Warning: Reference `structTree' on page 40 undefined on input line 35.


LaTeX Warning: Reference `structTwoDfold__solution' on page 40 undefined on inp
ut line 36.


LaTeX Warning: Reference `structTwoDfold__vars' on page 40 undefined on input l
ine 37.


LaTeX Warning: Reference `structTwoDpfold__solution' on page 40 undefined on in
put line 38.


LaTeX Warning: Reference `structTwoDpfold__vars' on page 40 undefined on input 
line 39.

) [40]
Chapter 9.
(./files.tex

LaTeX Warning: Reference `mainpage_8h' on page 41 undefined on input line 3.


LaTeX Warning: Reference `2Dfold_8h' on page 41 undefined on input line 4.


LaTeX Warning: Reference `2Dpfold_8h' on page 41 undefined on input line 5.


LaTeX Warning: Reference `ali__plex_8h' on page 41 undefined on input line 6.


LaTeX Warning: Reference `alifold_8h' on page 41 undefined on input line 7.


LaTeX Warning: Reference `aln__util_8h' on page 41 undefined on input line 8.


LaTeX Warning: Reference `cofold_8h' on page 41 undefined on input line 9.


LaTeX Warning: Reference `convert__epars_8h' on page 41 undefined on input line
 10.


LaTeX Warning: Reference `data__structures_8h' on page 41 undefined on input li
ne 11.


LaTeX Warning: Reference `dist__vars_8h' on page 41 undefined on input line 12.



LaTeX Warning: Reference `duplex_8h' on page 41 undefined on input line 13.


LaTeX Warning: Reference `edit__cost_8h' on page 41 undefined on input line 14.



LaTeX Warning: Reference `energy__const_8h' on page 41 undefined on input line 
15.


LaTeX Warning: Reference `energy__par_8h' on page 41 undefined on input line 16
.


LaTeX Warning: Reference `findpath_8h' on page 41 undefined on input line 17.


LaTeX Warning: Reference `fold_8h' on page 41 undefined on input line 18.


LaTeX Warning: Reference `fold__vars_8h' on page 41 undefined on input line 19.



LaTeX Warning: Reference `inverse_8h' on page 41 undefined on input line 20.

[41

]

LaTeX Warning: Reference `Lfold_8h' on page 42 undefined on input line 21.


LaTeX Warning: Reference `loop__energies_8h' on page 42 undefined on input line
 22.


LaTeX Warning: Reference `LPfold_8h' on page 42 undefined on input line 23.


LaTeX Warning: Reference `MEA_8h' on page 42 undefined on input line 24.


LaTeX Warning: Reference `mm_8h' on page 42 undefined on input line 25.


LaTeX Warning: Reference `naview_8h' on page 42 undefined on input line 26.


LaTeX Warning: Reference `pair__mat_8h' on page 42 undefined on input line 27.


LaTeX Warning: Reference `params_8h' on page 42 undefined on input line 28.


LaTeX Warning: Reference `part__func_8h' on page 42 undefined on input line 29.



LaTeX Warning: Reference `part__func__co_8h' on page 42 undefined on input line
 30.


LaTeX Warning: Reference `part__func__up_8h' on page 42 undefined on input line
 31.


LaTeX Warning: Reference `PKplex_8h' on page 42 undefined on input line 32.


LaTeX Warning: Reference `plex_8h' on page 42 undefined on input line 33.


LaTeX Warning: Reference `plot__layouts_8h' on page 42 undefined on input line 
34.


LaTeX Warning: Reference `ProfileAln_8h' on page 42 undefined on input line 35.



LaTeX Warning: Reference `profiledist_8h' on page 42 undefined on input line 36
.


LaTeX Warning: Reference `PS__dot_8h' on page 42 undefined on input line 37.


LaTeX Warning: Reference `read__epars_8h' on page 42 undefined on input line 38
.


LaTeX Warning: Reference `ribo_8h' on page 42 undefined on input line 39.


LaTeX Warning: Reference `RNAstruct_8h' on page 42 undefined on input line 40.


LaTeX Warning: Reference `snofold_8h' on page 42 undefined on input line 41.


LaTeX Warning: Reference `snoop_8h' on page 42 undefined on input line 42.


LaTeX Warning: Reference `stringdist_8h' on page 42 undefined on input line 43.



LaTeX Warning: Reference `subopt_8h' on page 42 undefined on input line 44.


LaTeX Warning: Reference `svm__utils_8h' on page 42 undefined on input line 45.



LaTeX Warning: Reference `treedist_8h' on page 42 undefined on input line 46.


LaTeX Warning: Reference `utils_8h' on page 42 undefined on input line 47.


LaTeX Warning: Reference `1_88_84__epars_8h' on page 42 undefined on input line
 48.


LaTeX Warning: Reference `1_88_84__intloops_8h' on page 42 undefined on input l
ine 49.


LaTeX Warning: Reference `intl11_8h' on page 42 undefined on input line 50.


LaTeX Warning: Reference `intl11dH_8h' on page 42 undefined on input line 51.


LaTeX Warning: Reference `intl21_8h' on page 42 undefined on input line 52.


LaTeX Warning: Reference `intl21dH_8h' on page 42 undefined on input line 53.


LaTeX Warning: Reference `intl22_8h' on page 42 undefined on input line 54.


LaTeX Warning: Reference `intl22dH_8h' on page 42 undefined on input line 55.


LaTeX Warning: Reference `list_8h' on page 42 undefined on input line 56.

) [42]
Chapter 10.
(./structbondT.tex) [43

]
\openout2 = `structbondTEn.aux'.

(./structbondTEn.tex) [44

]
\openout2 = `structcofoldF.aux'.

(./structcofoldF.tex) [45


]
\openout2 = `structConcEnt.aux'.

(./structConcEnt.tex) [46


]
\openout2 = `structconstrain.aux'.

(./structconstrain.tex) [47


]
\openout2 = `structCOORDINATE.aux'.

(./structCOORDINATE.tex) [48


]
\openout2 = `structcpair.aux'.

(./structcpair.tex) [49


]
\openout2 = `structduplexT.aux'.

(./structduplexT.tex) [50


]
\openout2 = `structdupVar.aux'.

(./structdupVar.tex) [51


]
\openout2 = `structfolden.aux'.

(./structfolden.tex) [52


]
\openout2 = `structinteract.aux'.

(./structinteract.tex) [53


]
\openout2 = `structintermediate__t.aux'.

(./structintermediate__t.tex <structintermediate__t__coll__graph.pdf, id=717, 8
6.3225pt x 106.3975pt>
File: structintermediate__t__coll__graph.pdf Graphic file (type pdf)
<use structintermediate__t__coll__graph.pdf>) [54


 <./structintermediate__t__coll__graph.pdf>]
\openout2 = `structINTERVAL.aux'.

(./structINTERVAL.tex) [55


]
\openout2 = `structLIST.aux'.

(./structLIST.tex <structLIST__coll__graph.pdf, id=736, 123.46124pt x 134.5025p
t>
File: structLIST__coll__graph.pdf Graphic file (type pdf)
<use structLIST__coll__graph.pdf>) [56


 <./structLIST__coll__graph.pdf>]
\openout2 = `structLST__BUCKET.aux'.

(./structLST__BUCKET.tex <structLST__BUCKET__coll__graph.pdf, id=747, 123.46124
pt x 32.12pt>
File: structLST__BUCKET__coll__graph.pdf Graphic file (type pdf)
<use structLST__BUCKET__coll__graph.pdf>) [57


 <./structLST__BUCKET__coll__graph.pdf>]
\openout2 = `structmodel__detailsT.aux'.

(./structmodel__detailsT.tex) [58


]
\openout2 = `structmove__t.aux'.

(./structmove__t.tex) [59


]
\openout2 = `structPAIR.aux'.

(./structPAIR.tex) [60


]
\openout2 = `structpair__info.aux'.

(./structpair__info.tex) [61


]
\openout2 = `structpairpro.aux'.

(./structpairpro.tex <structpairpro__coll__graph.pdf, id=786, 54.2025pt x 162.6
075pt>
File: structpairpro__coll__graph.pdf Graphic file (type pdf)
<use structpairpro__coll__graph.pdf>) [62


 <./structpairpro__coll__graph.pdf>]
\openout2 = `structparamT.aux'.

(./structparamT.tex <structparamT__coll__graph.pdf, id=798, 110.4125pt x 106.39
75pt>
File: structparamT__coll__graph.pdf Graphic file (type pdf)
<use structparamT__coll__graph.pdf>) [63


 <./structparamT__coll__graph.pdf>]
\openout2 = `structpath__t.aux'.

(./structpath__t.tex) [64


]
\openout2 = `structpf__paramT.aux'.

(./structpf__paramT.tex <structpf__paramT__coll__graph.pdf, id=818, 110.4125pt 
x 106.3975pt>
File: structpf__paramT__coll__graph.pdf Graphic file (type pdf)
<use structpf__paramT__coll__graph.pdf>) [65


 <./structpf__paramT__coll__graph.pdf>]
\openout2 = `structplist.aux'.

(./structplist.tex) [66


]
\openout2 = `structPostorder__list.aux'.

(./structPostorder__list.tex) [67


]
\openout2 = `structpu__contrib.aux'.

(./structpu__contrib.tex) [68


]
\openout2 = `structpu__out.aux'.

(./structpu__out.tex) [69


]
\openout2 = `structsect.aux'.

(./structsect.tex) [70


]
\openout2 = `structsnoopT.aux'.

(./structsnoopT.tex) [71


]
\openout2 = `structSOLUTION.aux'.

(./structSOLUTION.tex) [72


]
\openout2 = `structsvm__model.aux'.

(./structsvm__model.tex) [73


]
\openout2 = `structswString.aux'.

(./structswString.tex) [74


]
\openout2 = `structTree.aux'.

(./structTree.tex <structTree__coll__graph.pdf, id=890, 105.39375pt x 106.3975p
t>
File: structTree__coll__graph.pdf Graphic file (type pdf)
<use structTree__coll__graph.pdf>) [75


 <./structTree__coll__graph.pdf>]
\openout2 = `structTwoDfold__solution.aux'.

(./structTwoDfold__solution.tex) [76


]
\openout2 = `structTwoDfold__vars.aux'.

(./structTwoDfold__vars.tex <structTwoDfold__vars__coll__graph.pdf, id=912, 110
.4125pt x 180.675pt>
File: structTwoDfold__vars__coll__graph.pdf Graphic file (type pdf)
<use structTwoDfold__vars__coll__graph.pdf>) [77


 <./structTwoDfold__vars__coll__graph.pdf>]
\openout2 = `structTwoDpfold__solution.aux'.

(./structTwoDpfold__solution.tex) [78


]
\openout2 = `structTwoDpfold__vars.aux'.

(./structTwoDpfold__vars.tex <structTwoDpfold__vars__coll__graph.pdf, id=933, 1
12.42pt x 180.675pt>
File: structTwoDpfold__vars__coll__graph.pdf Graphic file (type pdf)
<use structTwoDpfold__vars__coll__graph.pdf>) [79


 <./structTwoDpfold__vars__coll__graph.pdf>] [80


]
Chapter 11.
(./2Dfold_8h.tex <2Dfold_8h__incl.pdf, id=950, 88.33pt x 92.345pt>
File: 2Dfold_8h__incl.pdf Graphic file (type pdf)
<use 2Dfold_8h__incl.pdf> <2Dfold_8h__dep__incl.pdf, id=951, 88.33pt x 32.12pt>
File: 2Dfold_8h__dep__incl.pdf Graphic file (type pdf)
<use 2Dfold_8h__dep__incl.pdf>
Underfull \hbox (badness 3536) in paragraph at lines 27--28
[][][]\T1/ptm/m/n/10 TwoDfold_-vars[][] $\OMS/cmsy/m/n/10 ^^C$ [][]\T1/ptm/m/n/
10 get_-TwoDfold_-variables[][] (const char $\OMS/cmsy/m/n/10 ^^C$\T1/ptm/m/n/1
0 seq, const char
 []

[81 <./2Dfold_8h__incl.pdf> <./2Dfold_8h__dep__incl.pdf>]
LaTeX Font Info:    Font shape `T1/ptm/bx/it' in size <10> not available
(Font)              Font shape `T1/ptm/b/it' tried instead on input line 44.
[82] [83]) [84]
\openout2 = `2Dpfold_8h.aux'.

(./2Dpfold_8h.tex <2Dpfold_8h__incl.pdf, id=1021, 100.375pt x 212.795pt>
File: 2Dpfold_8h__incl.pdf Graphic file (type pdf)
<use 2Dpfold_8h__incl.pdf>
Underfull \hbox (badness 1314) in paragraph at lines 20--21
[][][]\T1/ptm/m/n/10 TwoDpfold_-vars[][] $\OMS/cmsy/m/n/10 ^^C$ [][]\T1/ptm/m/n
/10 get_-TwoDpfold_-variables[][] (const char $\OMS/cmsy/m/n/10 ^^C$\T1/ptm/m/n
/10 seq, const char
 []


Underfull \hbox (badness 10000) in paragraph at lines 22--23
[][][]\T1/ptm/m/n/10 TwoDpfold_-vars[][] $\OMS/cmsy/m/n/10 ^^C$ [][]\T1/ptm/m/n
/10 get_-TwoDpfold_-variables_-from_-MFE[][] ([][]TwoDfold_-vars[][]
 []

[85

 <./2Dpfold_8h__incl.pdf>] [86]
Underfull \hbox (badness 10000) in paragraph at lines 113--114
[][][]\T1/ptm/m/n/10 get_-TwoDpfold_-variables()[][], [][]destroy_-TwoDpfold_-v
ariables()[][], [][]TwoDpfold_-
 []

[87] [88]) [89]
\openout2 = `alifold_8h.aux'.

(./alifold_8h.tex <alifold_8h__incl.pdf, id=1099, 100.375pt x 212.795pt>
File: alifold_8h__incl.pdf Graphic file (type pdf)
<use alifold_8h__incl.pdf> [90


 <./alifold_8h__incl.pdf>] [91] [92]
Underfull \hbox (badness 1867) in paragraph at lines 190--190
\T1/ptm/m/n/10 be cir-cu-lar in-stead of
 []

[93] [94]
Overfull \hbox (134.47462pt too wide) in paragraph at lines 285--285
[]
 []


Underfull \hbox (badness 10000) in paragraph at lines 285--285

 []

[95] [96]) [97]
\openout2 = `cofold_8h.aux'.

(./cofold_8h.tex <cofold_8h__incl.pdf, id=1213, 100.375pt x 212.795pt>
File: cofold_8h__incl.pdf Graphic file (type pdf)
<use cofold_8h__incl.pdf> [98


 <./cofold_8h__incl.pdf>] [99]
Underfull \hbox (badness 3108) in paragraph at lines 125--125
[]\T1/ptm/m/n/10 A pointer to the
 []

[100]) [101]
\openout2 = `convert__epars_8h.aux'.

(./convert__epars_8h.tex [102


]
LaTeX Font Info:    Font shape `T1/ptm/bx/it' in size <9> not available
(Font)              Font shape `T1/ptm/b/it' tried instead on input line 113.
[103]
Underfull \hbox (badness 2181) in paragraph at lines 149--149
[][][]\T1/ptm/m/n/10 VRNA_-CONVERT_-OUTPUT_-ALL[][], [][]VRNA_-CONVERT_-OUTPUT_
-HP[][], [][]VRNA_-
 []


Underfull \hbox (badness 2556) in paragraph at lines 150--150
[][][]\T1/ptm/m/n/10 VRNA_-CONVERT_-OUTPUT_-MM_-HP[][], [][]VRNA_-CONVERT_-OUTP
UT_-MM_-INT[][],
 []


Underfull \hbox (badness 10000) in paragraph at lines 152--152
[][][]\T1/ptm/m/n/10 VRNA_-CONVERT_-OUTPUT_-DANGLE5[][], [][]VRNA_-CONVERT_-OUT
PUT_-
 []


Underfull \hbox (badness 10000) in paragraph at lines 153--153
[][][]\T1/ptm/m/n/10 VRNA_-CONVERT_-OUTPUT_-INT_-21[][], [][]VRNA_-CONVERT_-OUT
PUT_-INT_-22[][],
 []


Underfull \hbox (badness 2653) in paragraph at lines 154--154
[][][]\T1/ptm/m/n/10 VRNA_-CONVERT_-OUTPUT_-INT[][], [][]VRNA_-CONVERT_-OUTPUT_
-ML[][], [][]VRNA_-
 []


Underfull \hbox (badness 10000) in paragraph at lines 155--155
[][][]\T1/ptm/m/n/10 VRNA_-CONVERT_-OUTPUT_-SPECIAL_-HP[][], [][]VRNA_-CONVERT_
-OUTPUT_-
 []

) [104]
\openout2 = `data__structures_8h.aux'.

(./data__structures_8h.tex <data__structures_8h__incl.pdf, id=1356, 110.4125pt 
x 152.57pt>
File: data__structures_8h__incl.pdf Graphic file (type pdf)
<use data__structures_8h__incl.pdf> <data__structures_8h__dep__incl.pdf, id=135
7, 2043.635pt x 92.345pt>
File: data__structures_8h__dep__incl.pdf Graphic file (type pdf)
<use data__structures_8h__dep__incl.pdf>
Overfull \hbox (75.0pt too wide) in paragraph at lines 20--22
 [] 
 []

[105


 <./data__structures_8h__incl.pdf> <./data__structures_8h__dep__incl.pdf>] [106
]) [107]
\openout2 = `dist__vars_8h.aux'.

(./dist__vars_8h.tex <dist__vars_8h__dep__incl.pdf, id=1422, 82.3075pt x 92.345
pt>
File: dist__vars_8h__dep__incl.pdf Graphic file (type pdf)
<use dist__vars_8h__dep__incl.pdf> [108


 <./dist__vars_8h__dep__incl.pdf>]) [109]
\openout2 = `duplex_8h.aux'.

(./duplex_8h.tex <duplex_8h__incl.pdf, id=1452, 100.375pt x 212.795pt>
File: duplex_8h__incl.pdf Graphic file (type pdf)
<use duplex_8h__incl.pdf>) [110


 <./duplex_8h__incl.pdf>]
\openout2 = `edit__cost_8h.aux'.

(./edit__cost_8h.tex) [111


]
\openout2 = `energy__const_8h.aux'.

(./energy__const_8h.tex <energy__const_8h__incl.pdf, id=1471, 100.375pt x 92.34
5pt>
File: energy__const_8h__incl.pdf Graphic file (type pdf)
<use energy__const_8h__incl.pdf> <energy__const_8h__dep__incl.pdf, id=1472, 204
3.635pt x 152.57pt>
File: energy__const_8h__dep__incl.pdf Graphic file (type pdf)
<use energy__const_8h__dep__incl.pdf>
Overfull \hbox (75.0pt too wide) in paragraph at lines 20--22
 [] 
 []

) [112


 <./energy__const_8h__incl.pdf> <./energy__const_8h__dep__incl.pdf>] [113]
\openout2 = `findpath_8h.aux'.

(./findpath_8h.tex <findpath_8h__incl.pdf, id=1509, 100.375pt x 212.795pt>
File: findpath_8h__incl.pdf Graphic file (type pdf)
<use findpath_8h__incl.pdf>) [114


 <./findpath_8h__incl.pdf>]
\openout2 = `fold_8h.aux'.

(./fold_8h.tex <fold_8h__incl.pdf, id=1521, 100.375pt x 212.795pt>
File: fold_8h__incl.pdf Graphic file (type pdf)
<use fold_8h__incl.pdf>
Underfull \hbox (badness 2762) in paragraph at lines 26--27
[]\T1/ptm/m/n/10 float [][]energy_-of_-structure[][] (const char $\OMS/cmsy/m/n
/10 ^^C$\T1/ptm/m/n/10 string, const char $\OMS/cmsy/m/n/10 ^^C$\T1/ptm/m/n/10 
structure, int
 []


Underfull \hbox (badness 1466) in paragraph at lines 32--33
[]\T1/ptm/m/n/10 float [][]energy_-of_-circ_-struct_-par[][] (const char $\OMS/
cmsy/m/n/10 ^^C$\T1/ptm/m/n/10 string, const char $\OMS/cmsy/m/n/10 ^^C$\T1/ptm
/m/n/10 structure,
 []

[115


 <./fold_8h__incl.pdf>] [116] [117] [118] [119] [120] [121] [122]
Underfull \hbox (badness 1057) in paragraph at lines 368--369
\T1/ptm/m/n/10 prescaled en-ergy con-tri-bu-tions and the
 []

[123] [124] [125]) [126]
\openout2 = `fold__vars_8h.aux'.

(./fold__vars_8h.tex <fold__vars_8h__incl.pdf, id=1721, 100.375pt x 212.795pt>
File: fold__vars_8h__incl.pdf Graphic file (type pdf)
<use fold__vars_8h__incl.pdf> [127


 <./fold__vars_8h__incl.pdf>] [128] [129] [130] [131]) [132]
\openout2 = `inverse_8h.aux'.

(./inverse_8h.tex [133


]) [134]
\openout2 = `Lfold_8h.aux'.

(./Lfold_8h.tex) [135


]
\openout2 = `loop__energies_8h.aux'.

(./loop__energies_8h.tex <loop__energies_8h__incl.pdf, id=1888, 465.74pt x 212.
795pt>
File: loop__energies_8h__incl.pdf Graphic file (type pdf)
<use loop__energies_8h__incl.pdf> <loop__energies_8h__dep__incl.pdf, id=1889, 1
20.45pt x 32.12pt>
File: loop__energies_8h__dep__incl.pdf Graphic file (type pdf)
<use loop__energies_8h__dep__incl.pdf> [136


 <./loop__energies_8h__incl.pdf> <./loop__energies_8h__dep__incl.pdf>] [137]
Underfull \hbox (badness 2359) in paragraph at lines 97--98
[]\T1/ptm/m/n/10 The 5'-mismatching nu-cleotide of the
 []


Underfull \hbox (badness 1389) in paragraph at lines 99--100
[]\T1/ptm/m/n/10 The 3'-mismatching nu-cleotide
 []


Underfull \hbox (badness 10000) in paragraph at lines 101--102
[]\T1/ptm/m/n/10 The 3'-mismatching
 []


Underfull \hbox (badness 10000) in paragraph at lines 101--102
\T1/ptm/m/n/10 nu-cleotide of the
 []


Underfull \hbox (badness 10000) in paragraph at lines 103--104
[]\T1/ptm/m/n/10 The 5'-
 []


Underfull \hbox (badness 10000) in paragraph at lines 103--104
\T1/ptm/m/n/10 mismatching
 []


Underfull \hbox (badness 1635) in paragraph at lines 103--104
\T1/ptm/m/n/10 nu-cleotide of
 []


Underfull \hbox (badness 10000) in paragraph at lines 103--104
\T1/ptm/m/n/10 the en-closed
 []


Underfull \hbox (badness 10000) in paragraph at lines 105--105
[]\T1/ptm/m/n/10 The
 []


Overfull \hbox (2.35788pt too wide) in paragraph at lines 105--105
\T1/ptm/m/n/10 datas-
 []


Underfull \hbox (badness 10000) in paragraph at lines 105--105
\T1/ptm/m/n/10 truc-
 []


Underfull \hbox (badness 10000) in paragraph at lines 105--105
\T1/ptm/m/n/10 ture
 []


Underfull \hbox (badness 10000) in paragraph at lines 105--105
\T1/ptm/m/n/10 con-
 []


Underfull \hbox (badness 10000) in paragraph at lines 105--105
\T1/ptm/m/n/10 tain-
 []


Underfull \hbox (badness 10000) in paragraph at lines 105--105
\T1/ptm/m/n/10 ing
 []


Overfull \hbox (3.46786pt too wide) in paragraph at lines 105--105
\T1/ptm/m/n/10 scaled
 []


Underfull \hbox (badness 10000) in paragraph at lines 105--105
\T1/ptm/m/n/10 en-
 []


Underfull \hbox (badness 10000) in paragraph at lines 105--105
\T1/ptm/m/n/10 ergy
 []


Underfull \hbox (badness 10000) in paragraph at lines 105--105
\T1/ptm/m/n/10 pa-
 []


Underfull \hbox (badness 10000) in paragraph at lines 105--105
\T1/ptm/m/n/10 ram-
 []


Underfull \hbox (badness 10000) in paragraph at lines 106--107
[]
 []


Overfull \hbox (11.80807pt too wide) in paragraph at lines 106--107
\T1/ptm/m/n/10 The
 []


Overfull \hbox (14.02792pt too wide) in paragraph at lines 106--107
\T1/ptm/m/n/10 Free
 []


Overfull \hbox (9.02805pt too wide) in paragraph at lines 106--107
\T1/ptm/m/n/10 en-
 []


Overfull \hbox (13.84811pt too wide) in paragraph at lines 106--107
\T1/ptm/m/n/10 ergy
 []


Overfull \hbox (4.5881pt too wide) in paragraph at lines 106--107
\T1/ptm/m/n/10 of
 []


Overfull \hbox (8.47798pt too wide) in paragraph at lines 106--107
\T1/ptm/m/n/10 the
 []


Overfull \hbox (29.37775pt too wide) in paragraph at lines 106--107
\T1/ptm/m/n/10 Interior-
 []


Overfull \hbox (14.03804pt too wide) in paragraph at lines 106--107
\T1/ptm/m/n/10 loop
 []


Overfull \hbox (4.03804pt too wide) in paragraph at lines 106--107
\T1/ptm/m/n/10 in
 []


Overfull \hbox (19.02777pt too wide) in paragraph at lines 106--107
\T1/ptm/m/n/10 dcal/-
 []


Overfull \hbox (11.81793pt too wide) in paragraph at lines 106--107
\T1/ptm/m/n/10 mol 
 []

[138] [139]
Underfull \hbox (badness 10000) in paragraph at lines 159--159
[]\T1/ptm/m/n/10 The datas-truc-ture con-tain-ing
 []


Underfull \hbox (badness 5592) in paragraph at lines 160--161
[]\T1/ptm/m/n/10 The Free en-ergy of the
 []

[140] [141]
Underfull \hbox (badness 10000) in paragraph at lines 260--260
[]\T1/ptm/m/n/10 The datas-truc-ture con-tain-ing
 []


Underfull \hbox (badness 1609) in paragraph at lines 261--262
[]\T1/ptm/m/n/10 The Boltz-mann weight of
 []

[142]
Underfull \hbox (badness 2359) in paragraph at lines 296--297
[]\T1/ptm/m/n/10 The 5'-mismatching nu-cleotide of the
 []


Underfull \hbox (badness 1389) in paragraph at lines 298--299
[]\T1/ptm/m/n/10 The 3'-mismatching nu-cleotide
 []


Underfull \hbox (badness 10000) in paragraph at lines 300--301
[]\T1/ptm/m/n/10 The 3'-mismatching
 []


Underfull \hbox (badness 10000) in paragraph at lines 300--301
\T1/ptm/m/n/10 nu-cleotide of the
 []


Underfull \hbox (badness 10000) in paragraph at lines 302--303
[]\T1/ptm/m/n/10 The 5'-
 []


Underfull \hbox (badness 10000) in paragraph at lines 302--303
\T1/ptm/m/n/10 mismatching
 []


Underfull \hbox (badness 1635) in paragraph at lines 302--303
\T1/ptm/m/n/10 nu-cleotide of
 []


Underfull \hbox (badness 10000) in paragraph at lines 302--303
\T1/ptm/m/n/10 the en-closed
 []


Underfull \hbox (badness 10000) in paragraph at lines 304--304
[]\T1/ptm/m/n/10 The
 []


Overfull \hbox (2.35788pt too wide) in paragraph at lines 304--304
\T1/ptm/m/n/10 datas-
 []


Underfull \hbox (badness 10000) in paragraph at lines 304--304
\T1/ptm/m/n/10 truc-
 []


Underfull \hbox (badness 10000) in paragraph at lines 304--304
\T1/ptm/m/n/10 ture
 []


Underfull \hbox (badness 10000) in paragraph at lines 304--304
\T1/ptm/m/n/10 con-
 []


Underfull \hbox (badness 10000) in paragraph at lines 304--304
\T1/ptm/m/n/10 tain-
 []


Underfull \hbox (badness 10000) in paragraph at lines 304--304
\T1/ptm/m/n/10 ing
 []


Overfull \hbox (3.46786pt too wide) in paragraph at lines 304--304
\T1/ptm/m/n/10 scaled
 []


Overfull \hbox (3.47786pt too wide) in paragraph at lines 304--304
\T1/ptm/m/n/10 Boltz-
 []


Overfull \hbox (0.69809pt too wide) in paragraph at lines 304--304
\T1/ptm/m/n/10 mann
 []


Overfull \hbox (9.58784pt too wide) in paragraph at lines 304--304
\T1/ptm/m/n/10 weights
 []


Underfull \hbox (badness 10000) in paragraph at lines 304--304
\T1/ptm/m/n/10 of
 []


Underfull \hbox (badness 10000) in paragraph at lines 304--304
\T1/ptm/m/n/10 the
 []


Underfull \hbox (badness 10000) in paragraph at lines 304--304
\T1/ptm/m/n/10 en-
 []


Underfull \hbox (badness 10000) in paragraph at lines 304--304
\T1/ptm/m/n/10 ergy
 []


Underfull \hbox (badness 10000) in paragraph at lines 304--304
\T1/ptm/m/n/10 pa-
 []


Underfull \hbox (badness 10000) in paragraph at lines 304--304
\T1/ptm/m/n/10 ram-
 []

[143]
Underfull \hbox (badness 10000) in paragraph at lines 305--306
[]
 []


Overfull \hbox (11.80807pt too wide) in paragraph at lines 305--306
\T1/ptm/m/n/10 The
 []


Overfull \hbox (21.25775pt too wide) in paragraph at lines 305--306
\T1/ptm/m/n/10 Boltz-
 []


Overfull \hbox (18.47798pt too wide) in paragraph at lines 305--306
\T1/ptm/m/n/10 mann
 []


Overfull \hbox (23.47784pt too wide) in paragraph at lines 305--306
\T1/ptm/m/n/10 weight
 []


Overfull \hbox (4.5881pt too wide) in paragraph at lines 305--306
\T1/ptm/m/n/10 of
 []


Overfull \hbox (8.47798pt too wide) in paragraph at lines 305--306
\T1/ptm/m/n/10 the
 []


Overfull \hbox (29.37775pt too wide) in paragraph at lines 305--306
\T1/ptm/m/n/10 Interior-
 []


Overfull \hbox (14.03804pt too wide) in paragraph at lines 305--306
\T1/ptm/m/n/10 loop 
 []

) [144]
\openout2 = `LPfold_8h.aux'.

(./LPfold_8h.tex <LPfold_8h__incl.pdf, id=1988, 100.375pt x 212.795pt>
File: LPfold_8h__incl.pdf Graphic file (type pdf)
<use LPfold_8h__incl.pdf> [145


 <./LPfold_8h__incl.pdf>] [146]
Underfull \hbox (badness 10000) in paragraph at lines 73--73
[]\T1/ptm/m/n/10 file pointer
 []


Underfull \hbox (badness 10000) in paragraph at lines 73--73
\T1/ptm/m/n/10 for pair
 []


Underfull \hbox (badness 10000) in paragraph at lines 74--75
[]\T1/ptm/m/n/10 list of
 []


Underfull \hbox (badness 10000) in paragraph at lines 74--75
\T1/ptm/m/n/10 pair
 []


Underfull \hbox (badness 10000) in paragraph at lines 74--75
\T1/ptm/m/n/10 prob-a-bil-
 []

[147]) [148]
\openout2 = `MEA_8h.aux'.

(./MEA_8h.tex <MEA_8h__incl.pdf, id=2034, 100.375pt x 212.795pt>
File: MEA_8h__incl.pdf Graphic file (type pdf)
<use MEA_8h__incl.pdf>) [149


 <./MEA_8h__incl.pdf>]
\openout2 = `mm_8h.aux'.

(./mm_8h.tex) [150


]
\openout2 = `naview_8h.aux'.

(./naview_8h.tex <naview_8h__dep__incl.pdf, id=2059, 92.345pt x 92.345pt>
File: naview_8h__dep__incl.pdf Graphic file (type pdf)
<use naview_8h__dep__incl.pdf>) [151


 <./naview_8h__dep__incl.pdf>]
\openout2 = `params_8h.aux'.

(./params_8h.tex <params_8h__incl.pdf, id=2071, 132.495pt x 212.795pt>
File: params_8h__incl.pdf Graphic file (type pdf)
<use params_8h__incl.pdf> [152


 <./params_8h__incl.pdf>] [153] [154]) [155]
\openout2 = `part__func_8h.aux'.

(./part__func_8h.tex <part__func_8h__incl.pdf, id=2143, 100.375pt x 212.795pt>
File: part__func_8h__incl.pdf Graphic file (type pdf)
<use part__func_8h__incl.pdf>
Underfull \hbox (badness 7558) in paragraph at lines 20--21
[]\T1/ptm/m/n/10 float [][]pf_-fold_-par[][] (const char $\OMS/cmsy/m/n/10 ^^C$
\T1/ptm/m/n/10 sequence, char $\OMS/cmsy/m/n/10 ^^C$\T1/ptm/m/n/10 structure, [
][]pf_-paramT[][]
 []

LaTeX Font Info:    External font `cmex10' loaded for size
(Font)              <9> on input line 21.
LaTeX Font Info:    External font `cmex10' loaded for size
(Font)              <6> on input line 21.
[156


 <./part__func_8h__incl.pdf>] [157] [158]
Underfull \hbox (badness 3049) in paragraph at lines 120--120
[]\T1/ptm/m/n/10 Switch to (de-)activate
 []


Underfull \hbox (badness 10000) in paragraph at lines 120--120
\T1/ptm/m/n/10 post-pro-cess-ing steps in case
 []


Underfull \hbox (badness 10000) in paragraph at lines 120--120
\T1/ptm/m/n/10 RNA se-quence is cir-cu-lar
 []


Underfull \hbox (badness 1142) in paragraph at lines 121--122
[]\T1/ptm/m/n/10 The Gibbs free en-ergy of
 []

[159] [160] [161] [162]
Underfull \hbox (badness 1231) in paragraph at lines 324--324
\T1/ptm/m/n/10 slice of the Q ma-trix
 []

[163] [164] [165]) [166]
\openout2 = `part__func__co_8h.aux'.

(./part__func__co_8h.tex <part__func__co_8h__incl.pdf, id=2317, 100.375pt x 212
.795pt>
File: part__func__co_8h__incl.pdf Graphic file (type pdf)
<use part__func__co_8h__incl.pdf>
Underfull \hbox (badness 10000) in paragraph at lines 22--23
[][][]\T1/ptm/m/n/10 cofoldF[][] [][]co_-pf_-fold_-par[][] (char $\OMS/cmsy/m/n
/10 ^^C$\T1/ptm/m/n/10 sequence, char $\OMS/cmsy/m/n/10 ^^C$\T1/ptm/m/n/10 stru
cture, [][]pf_-paramT[][]
 []

[167


 <./part__func__co_8h__incl.pdf>] [168]
Underfull \hbox (badness 1742) in paragraph at lines 119--120
[][][]\T1/ptm/m/n/10 cofoldF[][] struc-ture con-tain-ing a set
 []

[169] [170]
Underfull \hbox (badness 10000) in paragraph at lines 209--209
[]\T1/ptm/m/n/10 Length of
 []

[171]
Overfull \hbox (14.95782pt too wide) in paragraph at lines 239--239
[]\T1/ptm/m/n/10 a0[],[]b0[],[]a1[],[]b1[],...,[]an[][]bn[],[]0[],[]0[] 
 []


Underfull \hbox (badness 5064) in paragraph at lines 240--241
[][][]\T1/ptm/m/n/10 ConcEnt[][] ar-ray con-tain-ing
 []

[172]) [173]
\openout2 = `part__func__up_8h.aux'.

(./part__func__up_8h.tex <part__func__up_8h__incl.pdf, id=2434, 100.375pt x 212
.795pt>
File: part__func__up_8h__incl.pdf Graphic file (type pdf)
<use part__func__up_8h__incl.pdf> [174


 <./part__func__up_8h__incl.pdf>] [175]
Overfull \hbox (4.46733pt too wide) in paragraph at lines 95--95
[]
 []


Underfull \hbox (badness 10000) in paragraph at lines 95--95

 []

) [176]
\openout2 = `plot__layouts_8h.aux'.

(./plot__layouts_8h.tex <plot__layouts_8h__incl.pdf, id=2491, 115.43124pt x 212
.795pt>
File: plot__layouts_8h__incl.pdf Graphic file (type pdf)
<use plot__layouts_8h__incl.pdf> <plot__layouts_8h__dep__incl.pdf, id=2492, 112
.42pt x 32.12pt>
File: plot__layouts_8h__dep__incl.pdf Graphic file (type pdf)
<use plot__layouts_8h__dep__incl.pdf> [177


 <./plot__layouts_8h__incl.pdf> <./plot__layouts_8h__dep__incl.pdf>] [178]
Underfull \hbox (badness 10000) in paragraph at lines 135--136
[][][]\T1/ptm/m/n/10 make_-pair_-table()[][], [][]rna_-plot_-type[][], [][]simp
le_-xy_-coordinates()[][], naview_-xy_-
 []

[179]
Underfull \hbox (badness 10000) in paragraph at lines 167--168
[][][]\T1/ptm/m/n/10 VRNA_-PLOT_-TYPE_-SIMPLE[][], [][]VRNA_-PLOT_-TYPE_-NAVIEW
[][], [][]VRNA_-
 []

) [180]
\openout2 = `profiledist_8h.aux'.

(./profiledist_8h.tex <profiledist_8h__incl.pdf, id=2592, 100.375pt x 212.795pt
>
File: profiledist_8h__incl.pdf Graphic file (type pdf)
<use profiledist_8h__incl.pdf> [181


 <./profiledist_8h__incl.pdf>]) [182]
\openout2 = `PS__dot_8h.aux'.

(./PS__dot_8h.tex <PS__dot_8h__incl.pdf, id=2626, 172.645pt x 212.795pt>
File: PS__dot_8h__incl.pdf Graphic file (type pdf)
<use PS__dot_8h__incl.pdf> <PS__dot_8h__dep__incl.pdf, id=2627, 92.345pt x 32.1
2pt>
File: PS__dot_8h__dep__incl.pdf Graphic file (type pdf)
<use PS__dot_8h__dep__incl.pdf> [183


 <./PS__dot_8h__incl.pdf> <./PS__dot_8h__dep__incl.pdf>] [184] [185] [186] [187
]) [188]
\openout2 = `read__epars_8h.aux'.

(./read__epars_8h.tex) [189


]
\openout2 = `RNAstruct_8h.aux'.

(./RNAstruct_8h.tex [190


] [191] [192]) [193]
\openout2 = `stringdist_8h.aux'.

(./stringdist_8h.tex <stringdist_8h__incl.pdf, id=2788, 100.375pt x 32.12pt>
File: stringdist_8h__incl.pdf Graphic file (type pdf)
<use stringdist_8h__incl.pdf> <stringdist_8h__dep__incl.pdf, id=2789, 100.375pt
 x 32.12pt>
File: stringdist_8h__dep__incl.pdf Graphic file (type pdf)
<use stringdist_8h__dep__incl.pdf>) [194


 <./stringdist_8h__incl.pdf> <./stringdist_8h__dep__incl.pdf>]
\openout2 = `subopt_8h.aux'.

(./subopt_8h.tex <subopt_8h__incl.pdf, id=2818, 100.375pt x 212.795pt>
File: subopt_8h__incl.pdf Graphic file (type pdf)
<use subopt_8h__incl.pdf> [195


 <./subopt_8h__incl.pdf>]) [196]
\openout2 = `treedist_8h.aux'.

(./treedist_8h.tex <treedist_8h__incl.pdf, id=2852, 74.2775pt x 92.345pt>
File: treedist_8h__incl.pdf Graphic file (type pdf)
<use treedist_8h__incl.pdf> [197


 <./treedist_8h__incl.pdf>]) [198]
\openout2 = `utils_8h.aux'.

(./utils_8h.tex [199


] [200] [201] [202] [203] [204] [205] [206]
Underfull \hbox (badness 10000) in paragraph at lines 478--479
[][][]\T1/ptm/m/n/10 VRNA_-INPUT_-FASTA_-HEADER[][], [][]VRNA_-INPUT_-ERROR[][]
, [][]VRNA_-INPUT_-
 []

[207]
Underfull \hbox (badness 1708) in paragraph at lines 500--500
[]\T1/ptm/m/n/10 Unless the op-tions [][]VRNA_-INPUT_-NOSKIP_-COMMENTS[][] or [
][]VRNA_-INPUT_-
 []


Overfull \hbox (48.60025pt too wide) in paragraph at lines 511--511
[]\T1/pcr/m/n/8 while(!(read_record(&id, &seq, &rest, 0) & (VRNA_INPUT_ERROR | 
VRNA_INPUT_QUIT))){[] 
 []

[208] [209] [210] [211] [212] [213]) [214]
\openout2 = `1_88_84__epars_8h.aux'.

(./1_88_84__epars_8h.tex) [215


]
\openout2 = `1_88_84__intloops_8h.aux'.

(./1_88_84__intloops_8h.tex) [216


]
No file refman.ind.
(./refman.aux (./mp__fold.aux) (./mp__parse.aux) (./mp__utils.aux) (./mp__examp
le.aux) (./mp__ref.aux) (./deprecated.aux) (./structbondTEn.aux) (./structcofol
dF.aux) (./structConcEnt.aux) (./structconstrain.aux) (./structCOORDINATE.aux) 
(./structcpair.aux) (./structduplexT.aux) (./structdupVar.aux) (./structfolden.
aux) (./structinteract.aux) (./structintermediate__t.aux) (./structINTERVAL.aux
) (./structLIST.aux) (./structLST__BUCKET.aux) (./structmodel__detailsT.aux) (.
/structmove__t.aux) (./structPAIR.aux) (./structpair__info.aux) (./structpairpr
o.aux) (./structparamT.aux) (./structpath__t.aux) (./structpf__paramT.aux) (./s
tructplist.aux) (./structPostorder__list.aux) (./structpu__contrib.aux) (./stru
ctpu__out.aux) (./structsect.aux) (./structsnoopT.aux) (./structSOLUTION.aux) (
./structsvm__model.aux) (./structswString.aux) (./structTree.aux) (./structTwoD
fold__solution.aux) (./structTwoDfold__vars.aux) (./structTwoDpfold__solution.a
ux) (./structTwoDpfold__vars.aux) (./2Dpfold_8h.aux) (./alifold_8h.aux) (./cofo
ld_8h.aux) (./convert__epars_8h.aux) (./data__structures_8h.aux) (./dist__vars_
8h.aux) (./duplex_8h.aux) (./edit__cost_8h.aux) (./energy__const_8h.aux) (./fin
dpath_8h.aux) (./fold_8h.aux) (./fold__vars_8h.aux) (./inverse_8h.aux) (./Lfold
_8h.aux) (./loop__energies_8h.aux) (./LPfold_8h.aux) (./MEA_8h.aux) (./mm_8h.au
x) (./naview_8h.aux) (./params_8h.aux) (./part__func_8h.aux) (./part__func__co_
8h.aux) (./part__func__up_8h.aux) (./plot__layouts_8h.aux) (./profiledist_8h.au
x) (./PS__dot_8h.aux) (./read__epars_8h.aux) (./RNAstruct_8h.aux) (./stringdist
_8h.aux) (./subopt_8h.aux) (./treedist_8h.aux) (./utils_8h.aux) (./1_88_84__epa
rs_8h.aux) (./1_88_84__intloops_8h.aux))

LaTeX Warning: There were undefined references.


LaTeX Warning: Label(s) may have changed. Rerun to get cross-references right.

 ) 
Here is how much of TeX's memory you used:
 10311 strings out of 493848
 164930 string characters out of 3155814
 217891 words of memory out of 3500000
 11976 multiletter control sequences out of 15000+200000
 52273 words of font info for 59 fonts, out of 3000000 for 9000
 714 hyphenation exceptions out of 8191
 38i,13n,58p,1448b,1450s stack positions out of 5000i,500n,10000p,200000b,50000s
pdfTeX warning (dest): name{mp__ref} has been referenced but does not exist, 
replaced by a fixed one

pdfTeX warning (dest): name{mp__example} has been referenced but does not exist
, replaced by a fixed one

pdfTeX warning (dest): name{mp__utils} has been referenced but does not exist, 
replaced by a fixed one

pdfTeX warning (dest): name{mp__parse} has been referenced but does not exist, 
replaced by a fixed one

pdfTeX warning (dest): name{mp__fold} has been referenced but does not exist, r
eplaced by a fixed one

{/usr/share/texmf/fonts/enc/dvips/base/8r.enc}</usr/share/texmf/fonts/type1/pub
lic/amsfonts/cm/cmex10.pfb></usr/share/texmf/fonts/type1/public/amsfonts/cm/cmm
i10.pfb></usr/share/texmf/fonts/type1/public/amsfonts/cm/cmmi7.pfb></usr/share/
texmf/fonts/type1/public/amsfonts/cm/cmmi9.pfb></usr/share/texmf/fonts/type1/pu
blic/amsfonts/cm/cmr10.pfb></usr/share/texmf/fonts/type1/public/amsfonts/cm/cmr
7.pfb></usr/share/texmf/fonts/type1/public/amsfonts/cm/cmsy10.pfb></usr/share/t
exmf/fonts/type1/public/amsfonts/cm/cmsy7.pfb></usr/share/texmf/fonts/type1/pub
lic/amsfonts/cm/cmsy9.pfb></usr/share/texmf/fonts/type1/urw/courier/ucrr8a.pfb>
</usr/share/texmf/fonts/type1/urw/times/utmb8a.pfb></usr/share/texmf/fonts/type
1/urw/times/utmbi8a.pfb></usr/share/texmf/fonts/type1/urw/times/utmr8a.pfb></us
r/share/texmf/fonts/type1/urw/times/utmri8a.pfb>
Output written on refman.pdf (220 pages, 2384459 bytes).
PDF statistics:
 3463 PDF objects out of 3580 (max. 8388607)
 1110 named destinations out of 1200 (max. 500000)
 206 words of extra memory for PDF output out of 10000 (max. 10000000)

