\BOOKMARK [0][-]{chapter.1}{\376\377\000V\000i\000e\000n\000n\000a\000R\000N\000A\000\040\000P\000a\000c\000k\000a\000g\000e\000\040\000c\000o\000r\000e\000\040\000-\000\040\000R\000N\000A\000l\000i\000b}{}
\BOOKMARK [1][-]{section.1.1}{\376\377\000I\000n\000t\000r\000o\000d\000u\000c\000t\000i\000o\000n}{chapter.1}
\BOOKMARK [0][-]{chapter.2}{\376\377\000F\000o\000l\000d\000i\000n\000g\000\040\000R\000o\000u\000t\000i\000n\000e\000s\000\040\000-\000\040\000F\000u\000n\000c\000t\000i\000o\000n\000s\000\040\000f\000o\000r\000\040\000F\000o\000l\000d\000i\000n\000g\000\040\000R\000N\000A\000\040\000S\000e\000c\000o\000n\000d\000a\000r\000y\000\040\000S\000t\000r\000u\000c\000t\000u\000r\000e\000s}{}
\BOOKMARK [1][-]{section.2.1}{\376\377\000C\000a\000l\000c\000u\000l\000a\000t\000i\000n\000g\000\040\000M\000i\000n\000i\000m\000u\000m\000\040\000F\000r\000e\000e\000\040\000E\000n\000e\000r\000g\000y\000\040\000S\000t\000r\000u\000c\000t\000u\000r\000e\000s}{chapter.2}
\BOOKMARK [1][-]{section.2.2}{\376\377\000C\000a\000l\000c\000u\000l\000a\000t\000i\000n\000g\000\040\000P\000a\000r\000t\000i\000t\000i\000o\000n\000\040\000F\000u\000n\000c\000t\000i\000o\000n\000s\000\040\000a\000n\000d\000\040\000P\000a\000i\000r\000\040\000P\000r\000o\000b\000a\000b\000i\000l\000i\000t\000i\000e\000s}{chapter.2}
\BOOKMARK [1][-]{section.2.3}{\376\377\000S\000e\000a\000r\000c\000h\000i\000n\000g\000\040\000f\000o\000r\000\040\000P\000r\000e\000d\000e\000f\000i\000n\000e\000d\000\040\000S\000t\000r\000u\000c\000t\000u\000r\000e\000s}{chapter.2}
\BOOKMARK [1][-]{section.2.4}{\376\377\000E\000n\000u\000m\000e\000r\000a\000t\000i\000n\000g\000\040\000S\000u\000b\000o\000p\000t\000i\000m\000a\000l\000\040\000S\000t\000r\000u\000c\000t\000u\000r\000e\000s}{chapter.2}
\BOOKMARK [1][-]{section.2.5}{\376\377\000P\000r\000e\000d\000i\000c\000t\000i\000n\000g\000\040\000h\000y\000b\000r\000i\000d\000i\000z\000a\000t\000i\000o\000n\000\040\000s\000t\000r\000u\000c\000t\000u\000r\000e\000s\000\040\000o\000f\000\040\000t\000w\000o\000\040\000m\000o\000l\000e\000c\000u\000l\000e\000s}{chapter.2}
\BOOKMARK [1][-]{section.2.6}{\376\377\000P\000r\000e\000d\000i\000c\000t\000i\000n\000g\000\040\000l\000o\000c\000a\000l\000\040\000s\000t\000r\000u\000c\000t\000u\000r\000e\000s\000\040\000o\000f\000\040\000l\000a\000r\000g\000e\000\040\000s\000e\000q\000u\000e\000n\000c\000e\000s}{chapter.2}
\BOOKMARK [1][-]{section.2.7}{\376\377\000P\000r\000e\000d\000i\000c\000t\000i\000n\000g\000\040\000C\000o\000n\000s\000e\000n\000s\000u\000s\000\040\000S\000t\000r\000u\000c\000t\000u\000r\000e\000s\000\040\000f\000r\000o\000m\000\040\000A\000l\000i\000g\000n\000m\000e\000n\000t}{chapter.2}
\BOOKMARK [1][-]{section.2.8}{\376\377\000G\000l\000o\000b\000a\000l\000\040\000V\000a\000r\000i\000a\000b\000l\000e\000s\000\040\000f\000o\000r\000\040\000t\000h\000e\000\040\000F\000o\000l\000d\000i\000n\000g\000\040\000R\000o\000u\000t\000i\000n\000e\000s}{chapter.2}
\BOOKMARK [1][-]{section.2.9}{\376\377\000R\000e\000a\000d\000i\000n\000g\000\040\000E\000n\000e\000r\000g\000y\000\040\000P\000a\000r\000a\000m\000e\000t\000e\000r\000s\000\040\000f\000r\000o\000m\000\040\000F\000i\000l\000e}{chapter.2}
\BOOKMARK [0][-]{chapter.3}{\376\377\000P\000a\000r\000s\000i\000n\000g\000\040\000a\000n\000d\000\040\000C\000o\000m\000p\000a\000r\000i\000n\000g\000\040\000-\000\040\000F\000u\000n\000c\000t\000i\000o\000n\000s\000\040\000t\000o\000\040\000M\000a\000n\000i\000p\000u\000l\000a\000t\000e\000\040\000S\000t\000r\000u\000c\000t\000u\000r\000e\000s}{}
\BOOKMARK [0][-]{chapter.4}{\376\377\000U\000t\000i\000l\000i\000t\000i\000e\000s\000\040\000-\000\040\000O\000d\000d\000s\000\040\000a\000n\000d\000\040\000E\000n\000d\000s}{}
\BOOKMARK [1][-]{section.4.1}{\376\377\000P\000r\000o\000d\000u\000c\000i\000n\000g\000\040\000s\000e\000c\000o\000n\000d\000a\000r\000y\000\040\000s\000t\000r\000u\000c\000t\000u\000r\000e\000\040\000g\000r\000a\000p\000h\000s}{chapter.4}
\BOOKMARK [1][-]{section.4.2}{\376\377\000P\000r\000o\000d\000u\000c\000i\000n\000g\000\040\000\050\000c\000o\000l\000o\000r\000e\000d\000\051\000\040\000d\000o\000t\000\040\000p\000l\000o\000t\000s\000\040\000f\000o\000r\000\040\000b\000a\000s\000e\000\040\000p\000a\000i\000r\000\040\000p\000r\000o\000b\000a\000b\000i\000l\000i\000t\000i\000e\000s}{chapter.4}
\BOOKMARK [1][-]{section.4.3}{\376\377\000P\000r\000o\000d\000u\000c\000i\000n\000g\000\040\000\050\000c\000o\000l\000o\000r\000e\000d\000\051\000\040\000a\000l\000i\000g\000n\000m\000e\000n\000t\000s}{chapter.4}
\BOOKMARK [1][-]{section.4.4}{\376\377\000R\000N\000A\000\040\000s\000e\000q\000u\000e\000n\000c\000e\000\040\000r\000e\000l\000a\000t\000e\000d\000\040\000u\000t\000i\000l\000i\000t\000i\000e\000s}{chapter.4}
\BOOKMARK [1][-]{section.4.5}{\376\377\000R\000N\000A\000\040\000s\000e\000c\000o\000n\000d\000a\000r\000y\000\040\000s\000t\000r\000u\000c\000t\000u\000r\000e\000\040\000r\000e\000l\000a\000t\000e\000d\000\040\000u\000t\000i\000l\000i\000t\000i\000e\000s}{chapter.4}
\BOOKMARK [1][-]{section.4.6}{\376\377\000M\000i\000s\000c\000e\000l\000l\000a\000n\000e\000o\000u\000s\000\040\000U\000t\000i\000l\000i\000t\000i\000e\000s}{chapter.4}
\BOOKMARK [0][-]{chapter.5}{\376\377\000E\000x\000a\000m\000p\000l\000e\000\040\000-\000\040\000A\000\040\000S\000m\000a\000l\000l\000\040\000E\000x\000a\000m\000p\000l\000e\000\040\000P\000r\000o\000g\000r\000a\000m}{}
\BOOKMARK [0][-]{chapter.6}{\376\377\000R\000e\000f\000e\000r\000e\000n\000c\000e\000s}{}
\BOOKMARK [0][-]{chapter.7}{\376\377\000D\000e\000p\000r\000e\000c\000a\000t\000e\000d\000\040\000L\000i\000s\000t}{}
\BOOKMARK [0][-]{chapter.8}{\376\377\000D\000a\000t\000a\000\040\000S\000t\000r\000u\000c\000t\000u\000r\000e\000\040\000I\000n\000d\000e\000x}{}
\BOOKMARK [1][-]{section.8.1}{\376\377\000D\000a\000t\000a\000\040\000S\000t\000r\000u\000c\000t\000u\000r\000e\000s}{chapter.8}
\BOOKMARK [0][-]{chapter.9}{\376\377\000F\000i\000l\000e\000\040\000I\000n\000d\000e\000x}{}
\BOOKMARK [1][-]{section.9.1}{\376\377\000F\000i\000l\000e\000\040\000L\000i\000s\000t}{chapter.9}
\BOOKMARK [0][-]{chapter.10}{\376\377\000D\000a\000t\000a\000\040\000S\000t\000r\000u\000c\000t\000u\000r\000e\000\040\000D\000o\000c\000u\000m\000e\000n\000t\000a\000t\000i\000o\000n}{}
\BOOKMARK [1][-]{section.10.1}{\376\377\000b\000o\000n\000d\000T\000\040\000S\000t\000r\000u\000c\000t\000\040\000R\000e\000f\000e\000r\000e\000n\000c\000e}{chapter.10}
\BOOKMARK [2][-]{subsection.10.1.1}{\376\377\000D\000e\000t\000a\000i\000l\000e\000d\000\040\000D\000e\000s\000c\000r\000i\000p\000t\000i\000o\000n}{section.10.1}
\BOOKMARK [1][-]{section.10.2}{\376\377\000b\000o\000n\000d\000T\000E\000n\000\040\000S\000t\000r\000u\000c\000t\000\040\000R\000e\000f\000e\000r\000e\000n\000c\000e}{chapter.10}
\BOOKMARK [2][-]{subsection.10.2.1}{\376\377\000D\000e\000t\000a\000i\000l\000e\000d\000\040\000D\000e\000s\000c\000r\000i\000p\000t\000i\000o\000n}{section.10.2}
\BOOKMARK [1][-]{section.10.3}{\376\377\000c\000o\000f\000o\000l\000d\000F\000\040\000S\000t\000r\000u\000c\000t\000\040\000R\000e\000f\000e\000r\000e\000n\000c\000e}{chapter.10}
\BOOKMARK [1][-]{section.10.4}{\376\377\000C\000o\000n\000c\000E\000n\000t\000\040\000S\000t\000r\000u\000c\000t\000\040\000R\000e\000f\000e\000r\000e\000n\000c\000e}{chapter.10}
\BOOKMARK [1][-]{section.10.5}{\376\377\000c\000o\000n\000s\000t\000r\000a\000i\000n\000\040\000S\000t\000r\000u\000c\000t\000\040\000R\000e\000f\000e\000r\000e\000n\000c\000e}{chapter.10}
\BOOKMARK [1][-]{section.10.6}{\376\377\000C\000O\000O\000R\000D\000I\000N\000A\000T\000E\000\040\000S\000t\000r\000u\000c\000t\000\040\000R\000e\000f\000e\000r\000e\000n\000c\000e}{chapter.10}
\BOOKMARK [2][-]{subsection.10.6.1}{\376\377\000D\000e\000t\000a\000i\000l\000e\000d\000\040\000D\000e\000s\000c\000r\000i\000p\000t\000i\000o\000n}{section.10.6}
\BOOKMARK [1][-]{section.10.7}{\376\377\000c\000p\000a\000i\000r\000\040\000S\000t\000r\000u\000c\000t\000\040\000R\000e\000f\000e\000r\000e\000n\000c\000e}{chapter.10}
\BOOKMARK [2][-]{subsection.10.7.1}{\376\377\000D\000e\000t\000a\000i\000l\000e\000d\000\040\000D\000e\000s\000c\000r\000i\000p\000t\000i\000o\000n}{section.10.7}
\BOOKMARK [1][-]{section.10.8}{\376\377\000d\000u\000p\000l\000e\000x\000T\000\040\000S\000t\000r\000u\000c\000t\000\040\000R\000e\000f\000e\000r\000e\000n\000c\000e}{chapter.10}
\BOOKMARK [1][-]{section.10.9}{\376\377\000d\000u\000p\000V\000a\000r\000\040\000S\000t\000r\000u\000c\000t\000\040\000R\000e\000f\000e\000r\000e\000n\000c\000e}{chapter.10}
\BOOKMARK [1][-]{section.10.10}{\376\377\000f\000o\000l\000d\000e\000n\000\040\000S\000t\000r\000u\000c\000t\000\040\000R\000e\000f\000e\000r\000e\000n\000c\000e}{chapter.10}
\BOOKMARK [1][-]{section.10.11}{\376\377\000i\000n\000t\000e\000r\000a\000c\000t\000\040\000S\000t\000r\000u\000c\000t\000\040\000R\000e\000f\000e\000r\000e\000n\000c\000e}{chapter.10}
\BOOKMARK [1][-]{section.10.12}{\376\377\000i\000n\000t\000e\000r\000m\000e\000d\000i\000a\000t\000e\000\137\000t\000\040\000S\000t\000r\000u\000c\000t\000\040\000R\000e\000f\000e\000r\000e\000n\000c\000e}{chapter.10}
\BOOKMARK [1][-]{section.10.13}{\376\377\000I\000N\000T\000E\000R\000V\000A\000L\000\040\000S\000t\000r\000u\000c\000t\000\040\000R\000e\000f\000e\000r\000e\000n\000c\000e}{chapter.10}
\BOOKMARK [2][-]{subsection.10.13.1}{\376\377\000D\000e\000t\000a\000i\000l\000e\000d\000\040\000D\000e\000s\000c\000r\000i\000p\000t\000i\000o\000n}{section.10.13}
\BOOKMARK [1][-]{section.10.14}{\376\377\000L\000I\000S\000T\000\040\000S\000t\000r\000u\000c\000t\000\040\000R\000e\000f\000e\000r\000e\000n\000c\000e}{chapter.10}
\BOOKMARK [1][-]{section.10.15}{\376\377\000L\000S\000T\000\137\000B\000U\000C\000K\000E\000T\000\040\000S\000t\000r\000u\000c\000t\000\040\000R\000e\000f\000e\000r\000e\000n\000c\000e}{chapter.10}
\BOOKMARK [1][-]{section.10.16}{\376\377\000m\000o\000d\000e\000l\000\137\000d\000e\000t\000a\000i\000l\000s\000T\000\040\000S\000t\000r\000u\000c\000t\000\040\000R\000e\000f\000e\000r\000e\000n\000c\000e}{chapter.10}
\BOOKMARK [2][-]{subsection.10.16.1}{\376\377\000D\000e\000t\000a\000i\000l\000e\000d\000\040\000D\000e\000s\000c\000r\000i\000p\000t\000i\000o\000n}{section.10.16}
\BOOKMARK [1][-]{section.10.17}{\376\377\000m\000o\000v\000e\000\137\000t\000\040\000S\000t\000r\000u\000c\000t\000\040\000R\000e\000f\000e\000r\000e\000n\000c\000e}{chapter.10}
\BOOKMARK [1][-]{section.10.18}{\376\377\000P\000A\000I\000R\000\040\000S\000t\000r\000u\000c\000t\000\040\000R\000e\000f\000e\000r\000e\000n\000c\000e}{chapter.10}
\BOOKMARK [2][-]{subsection.10.18.1}{\376\377\000D\000e\000t\000a\000i\000l\000e\000d\000\040\000D\000e\000s\000c\000r\000i\000p\000t\000i\000o\000n}{section.10.18}
\BOOKMARK [1][-]{section.10.19}{\376\377\000p\000a\000i\000r\000\137\000i\000n\000f\000o\000\040\000S\000t\000r\000u\000c\000t\000\040\000R\000e\000f\000e\000r\000e\000n\000c\000e}{chapter.10}
\BOOKMARK [2][-]{subsection.10.19.1}{\376\377\000D\000e\000t\000a\000i\000l\000e\000d\000\040\000D\000e\000s\000c\000r\000i\000p\000t\000i\000o\000n}{section.10.19}
\BOOKMARK [1][-]{section.10.20}{\376\377\000p\000a\000i\000r\000p\000r\000o\000\040\000S\000t\000r\000u\000c\000t\000\040\000R\000e\000f\000e\000r\000e\000n\000c\000e}{chapter.10}
\BOOKMARK [1][-]{section.10.21}{\376\377\000p\000a\000r\000a\000m\000T\000\040\000S\000t\000r\000u\000c\000t\000\040\000R\000e\000f\000e\000r\000e\000n\000c\000e}{chapter.10}
\BOOKMARK [2][-]{subsection.10.21.1}{\376\377\000D\000e\000t\000a\000i\000l\000e\000d\000\040\000D\000e\000s\000c\000r\000i\000p\000t\000i\000o\000n}{section.10.21}
\BOOKMARK [1][-]{section.10.22}{\376\377\000p\000a\000t\000h\000\137\000t\000\040\000S\000t\000r\000u\000c\000t\000\040\000R\000e\000f\000e\000r\000e\000n\000c\000e}{chapter.10}
\BOOKMARK [1][-]{section.10.23}{\376\377\000p\000f\000\137\000p\000a\000r\000a\000m\000T\000\040\000S\000t\000r\000u\000c\000t\000\040\000R\000e\000f\000e\000r\000e\000n\000c\000e}{chapter.10}
\BOOKMARK [2][-]{subsection.10.23.1}{\376\377\000D\000e\000t\000a\000i\000l\000e\000d\000\040\000D\000e\000s\000c\000r\000i\000p\000t\000i\000o\000n}{section.10.23}
\BOOKMARK [1][-]{section.10.24}{\376\377\000p\000l\000i\000s\000t\000\040\000S\000t\000r\000u\000c\000t\000\040\000R\000e\000f\000e\000r\000e\000n\000c\000e}{chapter.10}
\BOOKMARK [2][-]{subsection.10.24.1}{\376\377\000D\000e\000t\000a\000i\000l\000e\000d\000\040\000D\000e\000s\000c\000r\000i\000p\000t\000i\000o\000n}{section.10.24}
\BOOKMARK [1][-]{section.10.25}{\376\377\000P\000o\000s\000t\000o\000r\000d\000e\000r\000\137\000l\000i\000s\000t\000\040\000S\000t\000r\000u\000c\000t\000\040\000R\000e\000f\000e\000r\000e\000n\000c\000e}{chapter.10}
\BOOKMARK [1][-]{section.10.26}{\376\377\000p\000u\000\137\000c\000o\000n\000t\000r\000i\000b\000\040\000S\000t\000r\000u\000c\000t\000\040\000R\000e\000f\000e\000r\000e\000n\000c\000e}{chapter.10}
\BOOKMARK [1][-]{section.10.27}{\376\377\000p\000u\000\137\000o\000u\000t\000\040\000S\000t\000r\000u\000c\000t\000\040\000R\000e\000f\000e\000r\000e\000n\000c\000e}{chapter.10}
\BOOKMARK [1][-]{section.10.28}{\376\377\000s\000e\000c\000t\000\040\000S\000t\000r\000u\000c\000t\000\040\000R\000e\000f\000e\000r\000e\000n\000c\000e}{chapter.10}
\BOOKMARK [2][-]{subsection.10.28.1}{\376\377\000D\000e\000t\000a\000i\000l\000e\000d\000\040\000D\000e\000s\000c\000r\000i\000p\000t\000i\000o\000n}{section.10.28}
\BOOKMARK [1][-]{section.10.29}{\376\377\000s\000n\000o\000o\000p\000T\000\040\000S\000t\000r\000u\000c\000t\000\040\000R\000e\000f\000e\000r\000e\000n\000c\000e}{chapter.10}
\BOOKMARK [1][-]{section.10.30}{\376\377\000S\000O\000L\000U\000T\000I\000O\000N\000\040\000S\000t\000r\000u\000c\000t\000\040\000R\000e\000f\000e\000r\000e\000n\000c\000e}{chapter.10}
\BOOKMARK [2][-]{subsection.10.30.1}{\376\377\000D\000e\000t\000a\000i\000l\000e\000d\000\040\000D\000e\000s\000c\000r\000i\000p\000t\000i\000o\000n}{section.10.30}
\BOOKMARK [1][-]{section.10.31}{\376\377\000s\000v\000m\000\137\000m\000o\000d\000e\000l\000\040\000S\000t\000r\000u\000c\000t\000\040\000R\000e\000f\000e\000r\000e\000n\000c\000e}{chapter.10}
\BOOKMARK [1][-]{section.10.32}{\376\377\000s\000w\000S\000t\000r\000i\000n\000g\000\040\000S\000t\000r\000u\000c\000t\000\040\000R\000e\000f\000e\000r\000e\000n\000c\000e}{chapter.10}
\BOOKMARK [1][-]{section.10.33}{\376\377\000T\000r\000e\000e\000\040\000S\000t\000r\000u\000c\000t\000\040\000R\000e\000f\000e\000r\000e\000n\000c\000e}{chapter.10}
\BOOKMARK [1][-]{section.10.34}{\376\377\000T\000w\000o\000D\000f\000o\000l\000d\000\137\000s\000o\000l\000u\000t\000i\000o\000n\000\040\000S\000t\000r\000u\000c\000t\000\040\000R\000e\000f\000e\000r\000e\000n\000c\000e}{chapter.10}
\BOOKMARK [2][-]{subsection.10.34.1}{\376\377\000D\000e\000t\000a\000i\000l\000e\000d\000\040\000D\000e\000s\000c\000r\000i\000p\000t\000i\000o\000n}{section.10.34}
\BOOKMARK [1][-]{section.10.35}{\376\377\000T\000w\000o\000D\000f\000o\000l\000d\000\137\000v\000a\000r\000s\000\040\000S\000t\000r\000u\000c\000t\000\040\000R\000e\000f\000e\000r\000e\000n\000c\000e}{chapter.10}
\BOOKMARK [2][-]{subsection.10.35.1}{\376\377\000D\000e\000t\000a\000i\000l\000e\000d\000\040\000D\000e\000s\000c\000r\000i\000p\000t\000i\000o\000n}{section.10.35}
\BOOKMARK [1][-]{section.10.36}{\376\377\000T\000w\000o\000D\000p\000f\000o\000l\000d\000\137\000s\000o\000l\000u\000t\000i\000o\000n\000\040\000S\000t\000r\000u\000c\000t\000\040\000R\000e\000f\000e\000r\000e\000n\000c\000e}{chapter.10}
\BOOKMARK [2][-]{subsection.10.36.1}{\376\377\000D\000e\000t\000a\000i\000l\000e\000d\000\040\000D\000e\000s\000c\000r\000i\000p\000t\000i\000o\000n}{section.10.36}
\BOOKMARK [1][-]{section.10.37}{\376\377\000T\000w\000o\000D\000p\000f\000o\000l\000d\000\137\000v\000a\000r\000s\000\040\000S\000t\000r\000u\000c\000t\000\040\000R\000e\000f\000e\000r\000e\000n\000c\000e}{chapter.10}
\BOOKMARK [2][-]{subsection.10.37.1}{\376\377\000D\000e\000t\000a\000i\000l\000e\000d\000\040\000D\000e\000s\000c\000r\000i\000p\000t\000i\000o\000n}{section.10.37}
\BOOKMARK [0][-]{chapter.11}{\376\377\000F\000i\000l\000e\000\040\000D\000o\000c\000u\000m\000e\000n\000t\000a\000t\000i\000o\000n}{}
\BOOKMARK [1][-]{section.11.1}{\376\377\000H\000/\0002\000D\000f\000o\000l\000d\000.\000h\000\040\000F\000i\000l\000e\000\040\000R\000e\000f\000e\000r\000e\000n\000c\000e}{chapter.11}
\BOOKMARK [2][-]{subsection.11.1.1}{\376\377\000D\000e\000t\000a\000i\000l\000e\000d\000\040\000D\000e\000s\000c\000r\000i\000p\000t\000i\000o\000n}{section.11.1}
\BOOKMARK [2][-]{subsection.11.1.2}{\376\377\000F\000u\000n\000c\000t\000i\000o\000n\000\040\000D\000o\000c\000u\000m\000e\000n\000t\000a\000t\000i\000o\000n}{section.11.1}
\BOOKMARK [3][-]{subsubsection.11.1.2.1}{\376\377\000g\000e\000t\000\137\000T\000w\000o\000D\000f\000o\000l\000d\000\137\000v\000a\000r\000i\000a\000b\000l\000e\000s}{subsection.11.1.2}
\BOOKMARK [3][-]{subsubsection.11.1.2.2}{\376\377\000d\000e\000s\000t\000r\000o\000y\000\137\000T\000w\000o\000D\000f\000o\000l\000d\000\137\000v\000a\000r\000i\000a\000b\000l\000e\000s}{subsection.11.1.2}
\BOOKMARK [3][-]{subsubsection.11.1.2.3}{\376\377\000T\000w\000o\000D\000f\000o\000l\000d\000L\000i\000s\000t}{subsection.11.1.2}
\BOOKMARK [3][-]{subsubsection.11.1.2.4}{\376\377\000T\000w\000o\000D\000f\000o\000l\000d\000\137\000b\000a\000c\000k\000t\000r\000a\000c\000k\000\137\000f\0005}{subsection.11.1.2}
\BOOKMARK [1][-]{section.11.2}{\376\377\000H\000/\0002\000D\000p\000f\000o\000l\000d\000.\000h\000\040\000F\000i\000l\000e\000\040\000R\000e\000f\000e\000r\000e\000n\000c\000e}{chapter.11}
\BOOKMARK [2][-]{subsection.11.2.1}{\376\377\000D\000e\000t\000a\000i\000l\000e\000d\000\040\000D\000e\000s\000c\000r\000i\000p\000t\000i\000o\000n}{section.11.2}
\BOOKMARK [2][-]{subsection.11.2.2}{\376\377\000F\000u\000n\000c\000t\000i\000o\000n\000\040\000D\000o\000c\000u\000m\000e\000n\000t\000a\000t\000i\000o\000n}{section.11.2}
\BOOKMARK [3][-]{subsubsection.11.2.2.1}{\376\377\000g\000e\000t\000\137\000T\000w\000o\000D\000p\000f\000o\000l\000d\000\137\000v\000a\000r\000i\000a\000b\000l\000e\000s}{subsection.11.2.2}
\BOOKMARK [3][-]{subsubsection.11.2.2.2}{\376\377\000g\000e\000t\000\137\000T\000w\000o\000D\000p\000f\000o\000l\000d\000\137\000v\000a\000r\000i\000a\000b\000l\000e\000s\000\137\000f\000r\000o\000m\000\137\000M\000F\000E}{subsection.11.2.2}
\BOOKMARK [3][-]{subsubsection.11.2.2.3}{\376\377\000d\000e\000s\000t\000r\000o\000y\000\137\000T\000w\000o\000D\000p\000f\000o\000l\000d\000\137\000v\000a\000r\000i\000a\000b\000l\000e\000s}{subsection.11.2.2}
\BOOKMARK [3][-]{subsubsection.11.2.2.4}{\376\377\000T\000w\000o\000D\000p\000f\000o\000l\000d\000L\000i\000s\000t}{subsection.11.2.2}
\BOOKMARK [3][-]{subsubsection.11.2.2.5}{\376\377\000T\000w\000o\000D\000p\000f\000o\000l\000d\000\137\000p\000b\000a\000c\000k\000t\000r\000a\000c\000k}{subsection.11.2.2}
\BOOKMARK [3][-]{subsubsection.11.2.2.6}{\376\377\000T\000w\000o\000D\000p\000f\000o\000l\000d\000\137\000p\000b\000a\000c\000k\000t\000r\000a\000c\000k\0005}{subsection.11.2.2}
\BOOKMARK [1][-]{section.11.3}{\376\377\000H\000/\000a\000l\000i\000f\000o\000l\000d\000.\000h\000\040\000F\000i\000l\000e\000\040\000R\000e\000f\000e\000r\000e\000n\000c\000e}{chapter.11}
\BOOKMARK [2][-]{subsection.11.3.1}{\376\377\000D\000e\000t\000a\000i\000l\000e\000d\000\040\000D\000e\000s\000c\000r\000i\000p\000t\000i\000o\000n}{section.11.3}
\BOOKMARK [2][-]{subsection.11.3.2}{\376\377\000F\000u\000n\000c\000t\000i\000o\000n\000\040\000D\000o\000c\000u\000m\000e\000n\000t\000a\000t\000i\000o\000n}{section.11.3}
\BOOKMARK [3][-]{subsubsection.11.3.2.1}{\376\377\000u\000p\000d\000a\000t\000e\000\137\000a\000l\000i\000f\000o\000l\000d\000\137\000p\000a\000r\000a\000m\000s}{subsection.11.3.2}
\BOOKMARK [3][-]{subsubsection.11.3.2.2}{\376\377\000a\000l\000i\000f\000o\000l\000d}{subsection.11.3.2}
\BOOKMARK [3][-]{subsubsection.11.3.2.3}{\376\377\000c\000i\000r\000c\000a\000l\000i\000f\000o\000l\000d}{subsection.11.3.2}
\BOOKMARK [3][-]{subsubsection.11.3.2.4}{\376\377\000g\000e\000t\000\137\000m\000p\000i}{subsection.11.3.2}
\BOOKMARK [3][-]{subsubsection.11.3.2.5}{\376\377\000e\000n\000e\000r\000g\000y\000\137\000o\000f\000\137\000a\000l\000i\000s\000t\000r\000u\000c\000t}{subsection.11.3.2}
\BOOKMARK [3][-]{subsubsection.11.3.2.6}{\376\377\000e\000n\000c\000o\000d\000e\000\137\000a\000l\000i\000\137\000s\000e\000q\000u\000e\000n\000c\000e}{subsection.11.3.2}
\BOOKMARK [3][-]{subsubsection.11.3.2.7}{\376\377\000a\000l\000l\000o\000c\000\137\000s\000e\000q\000u\000e\000n\000c\000e\000\137\000a\000r\000r\000a\000y\000s}{subsection.11.3.2}
\BOOKMARK [3][-]{subsubsection.11.3.2.8}{\376\377\000f\000r\000e\000e\000\137\000s\000e\000q\000u\000e\000n\000c\000e\000\137\000a\000r\000r\000a\000y\000s}{subsection.11.3.2}
\BOOKMARK [3][-]{subsubsection.11.3.2.9}{\376\377\000a\000l\000i\000p\000f\000\137\000f\000o\000l\000d\000\137\000p\000a\000r}{subsection.11.3.2}
\BOOKMARK [3][-]{subsubsection.11.3.2.10}{\376\377\000a\000l\000i\000p\000f\000\137\000f\000o\000l\000d}{subsection.11.3.2}
\BOOKMARK [3][-]{subsubsection.11.3.2.11}{\376\377\000a\000l\000i\000p\000f\000\137\000c\000i\000r\000c\000\137\000f\000o\000l\000d}{subsection.11.3.2}
\BOOKMARK [3][-]{subsubsection.11.3.2.12}{\376\377\000e\000x\000p\000o\000r\000t\000\137\000a\000l\000i\000\137\000b\000p\000p\000m}{subsection.11.3.2}
\BOOKMARK [3][-]{subsubsection.11.3.2.13}{\376\377\000a\000l\000i\000p\000b\000a\000c\000k\000t\000r\000a\000c\000k}{subsection.11.3.2}
\BOOKMARK [2][-]{subsection.11.3.3}{\376\377\000V\000a\000r\000i\000a\000b\000l\000e\000\040\000D\000o\000c\000u\000m\000e\000n\000t\000a\000t\000i\000o\000n}{section.11.3}
\BOOKMARK [3][-]{subsubsection.11.3.3.1}{\376\377\000c\000v\000\137\000f\000a\000c\000t}{subsection.11.3.3}
\BOOKMARK [3][-]{subsubsection.11.3.3.2}{\376\377\000n\000c\000\137\000f\000a\000c\000t}{subsection.11.3.3}
\BOOKMARK [1][-]{section.11.4}{\376\377\000H\000/\000c\000o\000f\000o\000l\000d\000.\000h\000\040\000F\000i\000l\000e\000\040\000R\000e\000f\000e\000r\000e\000n\000c\000e}{chapter.11}
\BOOKMARK [2][-]{subsection.11.4.1}{\376\377\000D\000e\000t\000a\000i\000l\000e\000d\000\040\000D\000e\000s\000c\000r\000i\000p\000t\000i\000o\000n}{section.11.4}
\BOOKMARK [2][-]{subsection.11.4.2}{\376\377\000F\000u\000n\000c\000t\000i\000o\000n\000\040\000D\000o\000c\000u\000m\000e\000n\000t\000a\000t\000i\000o\000n}{section.11.4}
\BOOKMARK [3][-]{subsubsection.11.4.2.1}{\376\377\000c\000o\000f\000o\000l\000d}{subsection.11.4.2}
\BOOKMARK [3][-]{subsubsection.11.4.2.2}{\376\377\000z\000u\000k\000e\000r\000s\000u\000b\000o\000p\000t}{subsection.11.4.2}
\BOOKMARK [3][-]{subsubsection.11.4.2.3}{\376\377\000g\000e\000t\000\137\000m\000o\000n\000o\000m\000e\000r\000e\000\137\000m\000f\000e\000s}{subsection.11.4.2}
\BOOKMARK [3][-]{subsubsection.11.4.2.4}{\376\377\000e\000x\000p\000o\000r\000t\000\137\000c\000o\000f\000o\000l\000d\000\137\000a\000r\000r\000a\000y\000s}{subsection.11.4.2}
\BOOKMARK [3][-]{subsubsection.11.4.2.5}{\376\377\000i\000n\000i\000t\000i\000a\000l\000i\000z\000e\000\137\000c\000o\000f\000o\000l\000d}{subsection.11.4.2}
\BOOKMARK [1][-]{section.11.5}{\376\377\000H\000/\000c\000o\000n\000v\000e\000r\000t\000\137\000e\000p\000a\000r\000s\000.\000h\000\040\000F\000i\000l\000e\000\040\000R\000e\000f\000e\000r\000e\000n\000c\000e}{chapter.11}
\BOOKMARK [2][-]{subsection.11.5.1}{\376\377\000D\000e\000t\000a\000i\000l\000e\000d\000\040\000D\000e\000s\000c\000r\000i\000p\000t\000i\000o\000n}{section.11.5}
\BOOKMARK [2][-]{subsection.11.5.2}{\376\377\000F\000u\000n\000c\000t\000i\000o\000n\000\040\000D\000o\000c\000u\000m\000e\000n\000t\000a\000t\000i\000o\000n}{section.11.5}
\BOOKMARK [3][-]{subsubsection.11.5.2.1}{\376\377\000c\000o\000n\000v\000e\000r\000t\000\137\000p\000a\000r\000a\000m\000e\000t\000e\000r\000\137\000f\000i\000l\000e}{subsection.11.5.2}
\BOOKMARK [1][-]{section.11.6}{\376\377\000H\000/\000d\000a\000t\000a\000\137\000s\000t\000r\000u\000c\000t\000u\000r\000e\000s\000.\000h\000\040\000F\000i\000l\000e\000\040\000R\000e\000f\000e\000r\000e\000n\000c\000e}{chapter.11}
\BOOKMARK [2][-]{subsection.11.6.1}{\376\377\000D\000e\000t\000a\000i\000l\000e\000d\000\040\000D\000e\000s\000c\000r\000i\000p\000t\000i\000o\000n}{section.11.6}
\BOOKMARK [1][-]{section.11.7}{\376\377\000H\000/\000d\000i\000s\000t\000\137\000v\000a\000r\000s\000.\000h\000\040\000F\000i\000l\000e\000\040\000R\000e\000f\000e\000r\000e\000n\000c\000e}{chapter.11}
\BOOKMARK [2][-]{subsection.11.7.1}{\376\377\000D\000e\000t\000a\000i\000l\000e\000d\000\040\000D\000e\000s\000c\000r\000i\000p\000t\000i\000o\000n}{section.11.7}
\BOOKMARK [2][-]{subsection.11.7.2}{\376\377\000V\000a\000r\000i\000a\000b\000l\000e\000\040\000D\000o\000c\000u\000m\000e\000n\000t\000a\000t\000i\000o\000n}{section.11.7}
\BOOKMARK [3][-]{subsubsection.11.7.2.1}{\376\377\000e\000d\000i\000t\000\137\000b\000a\000c\000k\000t\000r\000a\000c\000k}{subsection.11.7.2}
\BOOKMARK [3][-]{subsubsection.11.7.2.2}{\376\377\000c\000o\000s\000t\000\137\000m\000a\000t\000r\000i\000x}{subsection.11.7.2}
\BOOKMARK [1][-]{section.11.8}{\376\377\000H\000/\000d\000u\000p\000l\000e\000x\000.\000h\000\040\000F\000i\000l\000e\000\040\000R\000e\000f\000e\000r\000e\000n\000c\000e}{chapter.11}
\BOOKMARK [2][-]{subsection.11.8.1}{\376\377\000D\000e\000t\000a\000i\000l\000e\000d\000\040\000D\000e\000s\000c\000r\000i\000p\000t\000i\000o\000n}{section.11.8}
\BOOKMARK [1][-]{section.11.9}{\376\377\000H\000/\000e\000d\000i\000t\000\137\000c\000o\000s\000t\000.\000h\000\040\000F\000i\000l\000e\000\040\000R\000e\000f\000e\000r\000e\000n\000c\000e}{chapter.11}
\BOOKMARK [2][-]{subsection.11.9.1}{\376\377\000D\000e\000t\000a\000i\000l\000e\000d\000\040\000D\000e\000s\000c\000r\000i\000p\000t\000i\000o\000n}{section.11.9}
\BOOKMARK [1][-]{section.11.10}{\376\377\000H\000/\000e\000n\000e\000r\000g\000y\000\137\000c\000o\000n\000s\000t\000.\000h\000\040\000F\000i\000l\000e\000\040\000R\000e\000f\000e\000r\000e\000n\000c\000e}{chapter.11}
\BOOKMARK [2][-]{subsection.11.10.1}{\376\377\000D\000e\000t\000a\000i\000l\000e\000d\000\040\000D\000e\000s\000c\000r\000i\000p\000t\000i\000o\000n}{section.11.10}
\BOOKMARK [1][-]{section.11.11}{\376\377\000H\000/\000f\000i\000n\000d\000p\000a\000t\000h\000.\000h\000\040\000F\000i\000l\000e\000\040\000R\000e\000f\000e\000r\000e\000n\000c\000e}{chapter.11}
\BOOKMARK [2][-]{subsection.11.11.1}{\376\377\000D\000e\000t\000a\000i\000l\000e\000d\000\040\000D\000e\000s\000c\000r\000i\000p\000t\000i\000o\000n}{section.11.11}
\BOOKMARK [1][-]{section.11.12}{\376\377\000H\000/\000f\000o\000l\000d\000.\000h\000\040\000F\000i\000l\000e\000\040\000R\000e\000f\000e\000r\000e\000n\000c\000e}{chapter.11}
\BOOKMARK [2][-]{subsection.11.12.1}{\376\377\000D\000e\000t\000a\000i\000l\000e\000d\000\040\000D\000e\000s\000c\000r\000i\000p\000t\000i\000o\000n}{section.11.12}
\BOOKMARK [2][-]{subsection.11.12.2}{\376\377\000F\000u\000n\000c\000t\000i\000o\000n\000\040\000D\000o\000c\000u\000m\000e\000n\000t\000a\000t\000i\000o\000n}{section.11.12}
\BOOKMARK [3][-]{subsubsection.11.12.2.1}{\376\377\000f\000o\000l\000d\000\137\000p\000a\000r}{subsection.11.12.2}
\BOOKMARK [3][-]{subsubsection.11.12.2.2}{\376\377\000f\000o\000l\000d}{subsection.11.12.2}
\BOOKMARK [3][-]{subsubsection.11.12.2.3}{\376\377\000c\000i\000r\000c\000f\000o\000l\000d}{subsection.11.12.2}
\BOOKMARK [3][-]{subsubsection.11.12.2.4}{\376\377\000e\000n\000e\000r\000g\000y\000\137\000o\000f\000\137\000s\000t\000r\000u\000c\000t\000u\000r\000e}{subsection.11.12.2}
\BOOKMARK [3][-]{subsubsection.11.12.2.5}{\376\377\000e\000n\000e\000r\000g\000y\000\137\000o\000f\000\137\000s\000t\000r\000u\000c\000t\000\137\000p\000a\000r}{subsection.11.12.2}
\BOOKMARK [3][-]{subsubsection.11.12.2.6}{\376\377\000e\000n\000e\000r\000g\000y\000\137\000o\000f\000\137\000c\000i\000r\000c\000\137\000s\000t\000r\000u\000c\000t\000u\000r\000e}{subsection.11.12.2}
\BOOKMARK [3][-]{subsubsection.11.12.2.7}{\376\377\000e\000n\000e\000r\000g\000y\000\137\000o\000f\000\137\000c\000i\000r\000c\000\137\000s\000t\000r\000u\000c\000t\000\137\000p\000a\000r}{subsection.11.12.2}
\BOOKMARK [3][-]{subsubsection.11.12.2.8}{\376\377\000e\000n\000e\000r\000g\000y\000\137\000o\000f\000\137\000s\000t\000r\000u\000c\000t\000u\000r\000e\000\137\000p\000t}{subsection.11.12.2}
\BOOKMARK [3][-]{subsubsection.11.12.2.9}{\376\377\000e\000n\000e\000r\000g\000y\000\137\000o\000f\000\137\000s\000t\000r\000u\000c\000t\000\137\000p\000t\000\137\000p\000a\000r}{subsection.11.12.2}
\BOOKMARK [3][-]{subsubsection.11.12.2.10}{\376\377\000p\000a\000r\000e\000n\000t\000h\000e\000s\000i\000s\000\137\000s\000t\000r\000u\000c\000t\000u\000r\000e}{subsection.11.12.2}
\BOOKMARK [3][-]{subsubsection.11.12.2.11}{\376\377\000p\000a\000r\000e\000n\000t\000h\000e\000s\000i\000s\000\137\000z\000u\000k\000e\000r}{subsection.11.12.2}
\BOOKMARK [3][-]{subsubsection.11.12.2.12}{\376\377\000a\000s\000s\000i\000g\000n\000\137\000p\000l\000i\000s\000t\000\137\000f\000r\000o\000m\000\137\000d\000b}{subsection.11.12.2}
\BOOKMARK [3][-]{subsubsection.11.12.2.13}{\376\377\000L\000o\000o\000p\000E\000n\000e\000r\000g\000y}{subsection.11.12.2}
\BOOKMARK [3][-]{subsubsection.11.12.2.14}{\376\377\000H\000a\000i\000r\000p\000i\000n\000E}{subsection.11.12.2}
\BOOKMARK [3][-]{subsubsection.11.12.2.15}{\376\377\000i\000n\000i\000t\000i\000a\000l\000i\000z\000e\000\137\000f\000o\000l\000d}{subsection.11.12.2}
\BOOKMARK [3][-]{subsubsection.11.12.2.16}{\376\377\000e\000n\000e\000r\000g\000y\000\137\000o\000f\000\137\000s\000t\000r\000u\000c\000t}{subsection.11.12.2}
\BOOKMARK [3][-]{subsubsection.11.12.2.17}{\376\377\000e\000n\000e\000r\000g\000y\000\137\000o\000f\000\137\000s\000t\000r\000u\000c\000t\000\137\000p\000t}{subsection.11.12.2}
\BOOKMARK [3][-]{subsubsection.11.12.2.18}{\376\377\000e\000n\000e\000r\000g\000y\000\137\000o\000f\000\137\000c\000i\000r\000c\000\137\000s\000t\000r\000u\000c\000t}{subsection.11.12.2}
\BOOKMARK [1][-]{section.11.13}{\376\377\000H\000/\000f\000o\000l\000d\000\137\000v\000a\000r\000s\000.\000h\000\040\000F\000i\000l\000e\000\040\000R\000e\000f\000e\000r\000e\000n\000c\000e}{chapter.11}
\BOOKMARK [2][-]{subsection.11.13.1}{\376\377\000D\000e\000t\000a\000i\000l\000e\000d\000\040\000D\000e\000s\000c\000r\000i\000p\000t\000i\000o\000n}{section.11.13}
\BOOKMARK [2][-]{subsection.11.13.2}{\376\377\000F\000u\000n\000c\000t\000i\000o\000n\000\040\000D\000o\000c\000u\000m\000e\000n\000t\000a\000t\000i\000o\000n}{section.11.13}
\BOOKMARK [3][-]{subsubsection.11.13.2.1}{\376\377\000s\000e\000t\000\137\000m\000o\000d\000e\000l\000\137\000d\000e\000t\000a\000i\000l\000s}{subsection.11.13.2}
\BOOKMARK [2][-]{subsection.11.13.3}{\376\377\000V\000a\000r\000i\000a\000b\000l\000e\000\040\000D\000o\000c\000u\000m\000e\000n\000t\000a\000t\000i\000o\000n}{section.11.13}
\BOOKMARK [3][-]{subsubsection.11.13.3.1}{\376\377\000n\000o\000L\000o\000n\000e\000l\000y\000P\000a\000i\000r\000s}{subsection.11.13.3}
\BOOKMARK [3][-]{subsubsection.11.13.3.2}{\376\377\000d\000a\000n\000g\000l\000e\000s}{subsection.11.13.3}
\BOOKMARK [3][-]{subsubsection.11.13.3.3}{\376\377\000t\000e\000t\000r\000a\000\137\000l\000o\000o\000p}{subsection.11.13.3}
\BOOKMARK [3][-]{subsubsection.11.13.3.4}{\376\377\000e\000n\000e\000r\000g\000y\000\137\000s\000e\000t}{subsection.11.13.3}
\BOOKMARK [3][-]{subsubsection.11.13.3.5}{\376\377\000c\000i\000r\000c}{subsection.11.13.3}
\BOOKMARK [3][-]{subsubsection.11.13.3.6}{\376\377\000n\000o\000n\000s\000t\000a\000n\000d\000a\000r\000d\000s}{subsection.11.13.3}
\BOOKMARK [3][-]{subsubsection.11.13.3.7}{\376\377\000t\000e\000m\000p\000e\000r\000a\000t\000u\000r\000e}{subsection.11.13.3}
\BOOKMARK [3][-]{subsubsection.11.13.3.8}{\376\377\000c\000u\000t\000\137\000p\000o\000i\000n\000t}{subsection.11.13.3}
\BOOKMARK [3][-]{subsubsection.11.13.3.9}{\376\377\000b\000a\000s\000e\000\137\000p\000a\000i\000r}{subsection.11.13.3}
\BOOKMARK [3][-]{subsubsection.11.13.3.10}{\376\377\000p\000r}{subsection.11.13.3}
\BOOKMARK [3][-]{subsubsection.11.13.3.11}{\376\377\000i\000i\000n\000d\000x}{subsection.11.13.3}
\BOOKMARK [3][-]{subsubsection.11.13.3.12}{\376\377\000p\000f\000\137\000s\000c\000a\000l\000e}{subsection.11.13.3}
\BOOKMARK [3][-]{subsubsection.11.13.3.13}{\376\377\000d\000o\000\137\000b\000a\000c\000k\000t\000r\000a\000c\000k}{subsection.11.13.3}
\BOOKMARK [3][-]{subsubsection.11.13.3.14}{\376\377\000b\000a\000c\000k\000t\000r\000a\000c\000k\000\137\000t\000y\000p\000e}{subsection.11.13.3}
\BOOKMARK [1][-]{section.11.14}{\376\377\000H\000/\000i\000n\000v\000e\000r\000s\000e\000.\000h\000\040\000F\000i\000l\000e\000\040\000R\000e\000f\000e\000r\000e\000n\000c\000e}{chapter.11}
\BOOKMARK [2][-]{subsection.11.14.1}{\376\377\000D\000e\000t\000a\000i\000l\000e\000d\000\040\000D\000e\000s\000c\000r\000i\000p\000t\000i\000o\000n}{section.11.14}
\BOOKMARK [2][-]{subsection.11.14.2}{\376\377\000F\000u\000n\000c\000t\000i\000o\000n\000\040\000D\000o\000c\000u\000m\000e\000n\000t\000a\000t\000i\000o\000n}{section.11.14}
\BOOKMARK [3][-]{subsubsection.11.14.2.1}{\376\377\000i\000n\000v\000e\000r\000s\000e\000\137\000f\000o\000l\000d}{subsection.11.14.2}
\BOOKMARK [3][-]{subsubsection.11.14.2.2}{\376\377\000i\000n\000v\000e\000r\000s\000e\000\137\000p\000f\000\137\000f\000o\000l\000d}{subsection.11.14.2}
\BOOKMARK [2][-]{subsection.11.14.3}{\376\377\000V\000a\000r\000i\000a\000b\000l\000e\000\040\000D\000o\000c\000u\000m\000e\000n\000t\000a\000t\000i\000o\000n}{section.11.14}
\BOOKMARK [3][-]{subsubsection.11.14.3.1}{\376\377\000s\000y\000m\000b\000o\000l\000s\000e\000t}{subsection.11.14.3}
\BOOKMARK [1][-]{section.11.15}{\376\377\000H\000/\000L\000f\000o\000l\000d\000.\000h\000\040\000F\000i\000l\000e\000\040\000R\000e\000f\000e\000r\000e\000n\000c\000e}{chapter.11}
\BOOKMARK [2][-]{subsection.11.15.1}{\376\377\000D\000e\000t\000a\000i\000l\000e\000d\000\040\000D\000e\000s\000c\000r\000i\000p\000t\000i\000o\000n}{section.11.15}
\BOOKMARK [2][-]{subsection.11.15.2}{\376\377\000F\000u\000n\000c\000t\000i\000o\000n\000\040\000D\000o\000c\000u\000m\000e\000n\000t\000a\000t\000i\000o\000n}{section.11.15}
\BOOKMARK [3][-]{subsubsection.11.15.2.1}{\376\377\000L\000f\000o\000l\000d}{subsection.11.15.2}
\BOOKMARK [3][-]{subsubsection.11.15.2.2}{\376\377\000a\000l\000i\000L\000f\000o\000l\000d}{subsection.11.15.2}
\BOOKMARK [3][-]{subsubsection.11.15.2.3}{\376\377\000L\000f\000o\000l\000d\000z}{subsection.11.15.2}
\BOOKMARK [1][-]{section.11.16}{\376\377\000H\000/\000l\000o\000o\000p\000\137\000e\000n\000e\000r\000g\000i\000e\000s\000.\000h\000\040\000F\000i\000l\000e\000\040\000R\000e\000f\000e\000r\000e\000n\000c\000e}{chapter.11}
\BOOKMARK [2][-]{subsection.11.16.1}{\376\377\000D\000e\000t\000a\000i\000l\000e\000d\000\040\000D\000e\000s\000c\000r\000i\000p\000t\000i\000o\000n}{section.11.16}
\BOOKMARK [2][-]{subsection.11.16.2}{\376\377\000F\000u\000n\000c\000t\000i\000o\000n\000\040\000D\000o\000c\000u\000m\000e\000n\000t\000a\000t\000i\000o\000n}{section.11.16}
\BOOKMARK [3][-]{subsubsection.11.16.2.1}{\376\377\000E\000\137\000I\000n\000t\000L\000o\000o\000p}{subsection.11.16.2}
\BOOKMARK [3][-]{subsubsection.11.16.2.2}{\376\377\000E\000\137\000H\000a\000i\000r\000p\000i\000n}{subsection.11.16.2}
\BOOKMARK [3][-]{subsubsection.11.16.2.3}{\376\377\000E\000\137\000S\000t\000e\000m}{subsection.11.16.2}
\BOOKMARK [3][-]{subsubsection.11.16.2.4}{\376\377\000e\000x\000p\000\137\000E\000\137\000S\000t\000e\000m}{subsection.11.16.2}
\BOOKMARK [3][-]{subsubsection.11.16.2.5}{\376\377\000e\000x\000p\000\137\000E\000\137\000H\000a\000i\000r\000p\000i\000n}{subsection.11.16.2}
\BOOKMARK [3][-]{subsubsection.11.16.2.6}{\376\377\000e\000x\000p\000\137\000E\000\137\000I\000n\000t\000L\000o\000o\000p}{subsection.11.16.2}
\BOOKMARK [1][-]{section.11.17}{\376\377\000H\000/\000L\000P\000f\000o\000l\000d\000.\000h\000\040\000F\000i\000l\000e\000\040\000R\000e\000f\000e\000r\000e\000n\000c\000e}{chapter.11}
\BOOKMARK [2][-]{subsection.11.17.1}{\376\377\000D\000e\000t\000a\000i\000l\000e\000d\000\040\000D\000e\000s\000c\000r\000i\000p\000t\000i\000o\000n}{section.11.17}
\BOOKMARK [2][-]{subsection.11.17.2}{\376\377\000F\000u\000n\000c\000t\000i\000o\000n\000\040\000D\000o\000c\000u\000m\000e\000n\000t\000a\000t\000i\000o\000n}{section.11.17}
\BOOKMARK [3][-]{subsubsection.11.17.2.1}{\376\377\000u\000p\000d\000a\000t\000e\000\137\000p\000f\000\137\000p\000a\000r\000a\000m\000s\000L\000P}{subsection.11.17.2}
\BOOKMARK [3][-]{subsubsection.11.17.2.2}{\376\377\000p\000f\000l\000\137\000f\000o\000l\000d}{subsection.11.17.2}
\BOOKMARK [3][-]{subsubsection.11.17.2.3}{\376\377\000p\000u\000t\000o\000u\000t\000p\000U\000\137\000p\000r\000o\000b}{subsection.11.17.2}
\BOOKMARK [3][-]{subsubsection.11.17.2.4}{\376\377\000p\000u\000t\000o\000u\000t\000p\000U\000\137\000p\000r\000o\000b\000\137\000b\000i\000n}{subsection.11.17.2}
\BOOKMARK [3][-]{subsubsection.11.17.2.5}{\376\377\000i\000n\000i\000t\000\137\000p\000f\000\137\000f\000o\000l\000d\000L\000P}{subsection.11.17.2}
\BOOKMARK [1][-]{section.11.18}{\376\377\000H\000/\000M\000E\000A\000.\000h\000\040\000F\000i\000l\000e\000\040\000R\000e\000f\000e\000r\000e\000n\000c\000e}{chapter.11}
\BOOKMARK [2][-]{subsection.11.18.1}{\376\377\000D\000e\000t\000a\000i\000l\000e\000d\000\040\000D\000e\000s\000c\000r\000i\000p\000t\000i\000o\000n}{section.11.18}
\BOOKMARK [2][-]{subsection.11.18.2}{\376\377\000F\000u\000n\000c\000t\000i\000o\000n\000\040\000D\000o\000c\000u\000m\000e\000n\000t\000a\000t\000i\000o\000n}{section.11.18}
\BOOKMARK [3][-]{subsubsection.11.18.2.1}{\376\377\000M\000E\000A}{subsection.11.18.2}
\BOOKMARK [1][-]{section.11.19}{\376\377\000H\000/\000m\000m\000.\000h\000\040\000F\000i\000l\000e\000\040\000R\000e\000f\000e\000r\000e\000n\000c\000e}{chapter.11}
\BOOKMARK [2][-]{subsection.11.19.1}{\376\377\000D\000e\000t\000a\000i\000l\000e\000d\000\040\000D\000e\000s\000c\000r\000i\000p\000t\000i\000o\000n}{section.11.19}
\BOOKMARK [1][-]{section.11.20}{\376\377\000H\000/\000n\000a\000v\000i\000e\000w\000.\000h\000\040\000F\000i\000l\000e\000\040\000R\000e\000f\000e\000r\000e\000n\000c\000e}{chapter.11}
\BOOKMARK [2][-]{subsection.11.20.1}{\376\377\000D\000e\000t\000a\000i\000l\000e\000d\000\040\000D\000e\000s\000c\000r\000i\000p\000t\000i\000o\000n}{section.11.20}
\BOOKMARK [1][-]{section.11.21}{\376\377\000H\000/\000p\000a\000r\000a\000m\000s\000.\000h\000\040\000F\000i\000l\000e\000\040\000R\000e\000f\000e\000r\000e\000n\000c\000e}{chapter.11}
\BOOKMARK [2][-]{subsection.11.21.1}{\376\377\000D\000e\000t\000a\000i\000l\000e\000d\000\040\000D\000e\000s\000c\000r\000i\000p\000t\000i\000o\000n}{section.11.21}
\BOOKMARK [2][-]{subsection.11.21.2}{\376\377\000F\000u\000n\000c\000t\000i\000o\000n\000\040\000D\000o\000c\000u\000m\000e\000n\000t\000a\000t\000i\000o\000n}{section.11.21}
\BOOKMARK [3][-]{subsubsection.11.21.2.1}{\376\377\000s\000c\000a\000l\000e\000\137\000p\000a\000r\000a\000m\000e\000t\000e\000r\000s}{subsection.11.21.2}
\BOOKMARK [3][-]{subsubsection.11.21.2.2}{\376\377\000g\000e\000t\000\137\000s\000c\000a\000l\000e\000d\000\137\000p\000a\000r\000a\000m\000e\000t\000e\000r\000s}{subsection.11.21.2}
\BOOKMARK [3][-]{subsubsection.11.21.2.3}{\376\377\000g\000e\000t\000\137\000s\000c\000a\000l\000e\000d\000\137\000p\000f\000\137\000p\000a\000r\000a\000m\000e\000t\000e\000r\000s}{subsection.11.21.2}
\BOOKMARK [3][-]{subsubsection.11.21.2.4}{\376\377\000g\000e\000t\000\137\000b\000o\000l\000t\000z\000m\000a\000n\000n\000\137\000f\000a\000c\000t\000o\000r\000s}{subsection.11.21.2}
\BOOKMARK [3][-]{subsubsection.11.21.2.5}{\376\377\000g\000e\000t\000\137\000b\000o\000l\000t\000z\000m\000a\000n\000n\000\137\000f\000a\000c\000t\000o\000r\000\137\000c\000o\000p\000y}{subsection.11.21.2}
\BOOKMARK [3][-]{subsubsection.11.21.2.6}{\376\377\000g\000e\000t\000\137\000s\000c\000a\000l\000e\000d\000\137\000a\000l\000i\000p\000f\000\137\000p\000a\000r\000a\000m\000e\000t\000e\000r\000s}{subsection.11.21.2}
\BOOKMARK [3][-]{subsubsection.11.21.2.7}{\376\377\000g\000e\000t\000\137\000b\000o\000l\000t\000z\000m\000a\000n\000n\000\137\000f\000a\000c\000t\000o\000r\000s\000\137\000a\000l\000i}{subsection.11.21.2}
\BOOKMARK [1][-]{section.11.22}{\376\377\000H\000/\000p\000a\000r\000t\000\137\000f\000u\000n\000c\000.\000h\000\040\000F\000i\000l\000e\000\040\000R\000e\000f\000e\000r\000e\000n\000c\000e}{chapter.11}
\BOOKMARK [2][-]{subsection.11.22.1}{\376\377\000D\000e\000t\000a\000i\000l\000e\000d\000\040\000D\000e\000s\000c\000r\000i\000p\000t\000i\000o\000n}{section.11.22}
\BOOKMARK [2][-]{subsection.11.22.2}{\376\377\000F\000u\000n\000c\000t\000i\000o\000n\000\040\000D\000o\000c\000u\000m\000e\000n\000t\000a\000t\000i\000o\000n}{section.11.22}
\BOOKMARK [3][-]{subsubsection.11.22.2.1}{\376\377\000p\000f\000\137\000f\000o\000l\000d\000\137\000p\000a\000r}{subsection.11.22.2}
\BOOKMARK [3][-]{subsubsection.11.22.2.2}{\376\377\000p\000f\000\137\000f\000o\000l\000d}{subsection.11.22.2}
\BOOKMARK [3][-]{subsubsection.11.22.2.3}{\376\377\000p\000f\000\137\000c\000i\000r\000c\000\137\000f\000o\000l\000d}{subsection.11.22.2}
\BOOKMARK [3][-]{subsubsection.11.22.2.4}{\376\377\000p\000b\000a\000c\000k\000t\000r\000a\000c\000k}{subsection.11.22.2}
\BOOKMARK [3][-]{subsubsection.11.22.2.5}{\376\377\000p\000b\000a\000c\000k\000t\000r\000a\000c\000k\000\137\000c\000i\000r\000c}{subsection.11.22.2}
\BOOKMARK [3][-]{subsubsection.11.22.2.6}{\376\377\000f\000r\000e\000e\000\137\000p\000f\000\137\000a\000r\000r\000a\000y\000s}{subsection.11.22.2}
\BOOKMARK [3][-]{subsubsection.11.22.2.7}{\376\377\000u\000p\000d\000a\000t\000e\000\137\000p\000f\000\137\000p\000a\000r\000a\000m\000s}{subsection.11.22.2}
\BOOKMARK [3][-]{subsubsection.11.22.2.8}{\376\377\000e\000x\000p\000o\000r\000t\000\137\000b\000p\000p\000m}{subsection.11.22.2}
\BOOKMARK [3][-]{subsubsection.11.22.2.9}{\376\377\000a\000s\000s\000i\000g\000n\000\137\000p\000l\000i\000s\000t\000\137\000f\000r\000o\000m\000\137\000p\000r}{subsection.11.22.2}
\BOOKMARK [3][-]{subsubsection.11.22.2.10}{\376\377\000g\000e\000t\000\137\000p\000f\000\137\000a\000r\000r\000a\000y\000s}{subsection.11.22.2}
\BOOKMARK [3][-]{subsubsection.11.22.2.11}{\376\377\000g\000e\000t\000\137\000c\000e\000n\000t\000r\000o\000i\000d\000\137\000s\000t\000r\000u\000c\000t\000\137\000p\000l}{subsection.11.22.2}
\BOOKMARK [3][-]{subsubsection.11.22.2.12}{\376\377\000g\000e\000t\000\137\000c\000e\000n\000t\000r\000o\000i\000d\000\137\000s\000t\000r\000u\000c\000t\000\137\000p\000r}{subsection.11.22.2}
\BOOKMARK [3][-]{subsubsection.11.22.2.13}{\376\377\000m\000e\000a\000n\000\137\000b\000p\000\137\000d\000i\000s\000t\000a\000n\000c\000e}{subsection.11.22.2}
\BOOKMARK [3][-]{subsubsection.11.22.2.14}{\376\377\000m\000e\000a\000n\000\137\000b\000p\000\137\000d\000i\000s\000t\000a\000n\000c\000e\000\137\000p\000r}{subsection.11.22.2}
\BOOKMARK [3][-]{subsubsection.11.22.2.15}{\376\377\000i\000n\000i\000t\000\137\000p\000f\000\137\000f\000o\000l\000d}{subsection.11.22.2}
\BOOKMARK [3][-]{subsubsection.11.22.2.16}{\376\377\000c\000e\000n\000t\000r\000o\000i\000d}{subsection.11.22.2}
\BOOKMARK [3][-]{subsubsection.11.22.2.17}{\376\377\000m\000e\000a\000n\000\137\000b\000p\000\137\000d\000i\000s\000t}{subsection.11.22.2}
\BOOKMARK [3][-]{subsubsection.11.22.2.18}{\376\377\000e\000x\000p\000L\000o\000o\000p\000E\000n\000e\000r\000g\000y}{subsection.11.22.2}
\BOOKMARK [3][-]{subsubsection.11.22.2.19}{\376\377\000e\000x\000p\000H\000a\000i\000r\000p\000i\000n\000E\000n\000e\000r\000g\000y}{subsection.11.22.2}
\BOOKMARK [1][-]{section.11.23}{\376\377\000H\000/\000p\000a\000r\000t\000\137\000f\000u\000n\000c\000\137\000c\000o\000.\000h\000\040\000F\000i\000l\000e\000\040\000R\000e\000f\000e\000r\000e\000n\000c\000e}{chapter.11}
\BOOKMARK [2][-]{subsection.11.23.1}{\376\377\000D\000e\000t\000a\000i\000l\000e\000d\000\040\000D\000e\000s\000c\000r\000i\000p\000t\000i\000o\000n}{section.11.23}
\BOOKMARK [2][-]{subsection.11.23.2}{\376\377\000F\000u\000n\000c\000t\000i\000o\000n\000\040\000D\000o\000c\000u\000m\000e\000n\000t\000a\000t\000i\000o\000n}{section.11.23}
\BOOKMARK [3][-]{subsubsection.11.23.2.1}{\376\377\000c\000o\000\137\000p\000f\000\137\000f\000o\000l\000d}{subsection.11.23.2}
\BOOKMARK [3][-]{subsubsection.11.23.2.2}{\376\377\000c\000o\000\137\000p\000f\000\137\000f\000o\000l\000d\000\137\000p\000a\000r}{subsection.11.23.2}
\BOOKMARK [3][-]{subsubsection.11.23.2.3}{\376\377\000e\000x\000p\000o\000r\000t\000\137\000c\000o\000\137\000b\000p\000p\000m}{subsection.11.23.2}
\BOOKMARK [3][-]{subsubsection.11.23.2.4}{\376\377\000u\000p\000d\000a\000t\000e\000\137\000c\000o\000\137\000p\000f\000\137\000p\000a\000r\000a\000m\000s}{subsection.11.23.2}
\BOOKMARK [3][-]{subsubsection.11.23.2.5}{\376\377\000u\000p\000d\000a\000t\000e\000\137\000c\000o\000\137\000p\000f\000\137\000p\000a\000r\000a\000m\000s\000\137\000p\000a\000r}{subsection.11.23.2}
\BOOKMARK [3][-]{subsubsection.11.23.2.6}{\376\377\000c\000o\000m\000p\000u\000t\000e\000\137\000p\000r\000o\000b\000a\000b\000i\000l\000i\000t\000i\000e\000s}{subsection.11.23.2}
\BOOKMARK [3][-]{subsubsection.11.23.2.7}{\376\377\000g\000e\000t\000\137\000c\000o\000n\000c\000e\000n\000t\000r\000a\000t\000i\000o\000n\000s}{subsection.11.23.2}
\BOOKMARK [3][-]{subsubsection.11.23.2.8}{\376\377\000g\000e\000t\000\137\000p\000l\000i\000s\000t}{subsection.11.23.2}
\BOOKMARK [3][-]{subsubsection.11.23.2.9}{\376\377\000i\000n\000i\000t\000\137\000c\000o\000\137\000p\000f\000\137\000f\000o\000l\000d}{subsection.11.23.2}
\BOOKMARK [1][-]{section.11.24}{\376\377\000H\000/\000p\000a\000r\000t\000\137\000f\000u\000n\000c\000\137\000u\000p\000.\000h\000\040\000F\000i\000l\000e\000\040\000R\000e\000f\000e\000r\000e\000n\000c\000e}{chapter.11}
\BOOKMARK [2][-]{subsection.11.24.1}{\376\377\000D\000e\000t\000a\000i\000l\000e\000d\000\040\000D\000e\000s\000c\000r\000i\000p\000t\000i\000o\000n}{section.11.24}
\BOOKMARK [2][-]{subsection.11.24.2}{\376\377\000F\000u\000n\000c\000t\000i\000o\000n\000\040\000D\000o\000c\000u\000m\000e\000n\000t\000a\000t\000i\000o\000n}{section.11.24}
\BOOKMARK [3][-]{subsubsection.11.24.2.1}{\376\377\000p\000f\000\137\000u\000n\000s\000t\000r\000u}{subsection.11.24.2}
\BOOKMARK [3][-]{subsubsection.11.24.2.2}{\376\377\000p\000f\000\137\000i\000n\000t\000e\000r\000a\000c\000t}{subsection.11.24.2}
\BOOKMARK [1][-]{section.11.25}{\376\377\000H\000/\000p\000l\000o\000t\000\137\000l\000a\000y\000o\000u\000t\000s\000.\000h\000\040\000F\000i\000l\000e\000\040\000R\000e\000f\000e\000r\000e\000n\000c\000e}{chapter.11}
\BOOKMARK [2][-]{subsection.11.25.1}{\376\377\000D\000e\000t\000a\000i\000l\000e\000d\000\040\000D\000e\000s\000c\000r\000i\000p\000t\000i\000o\000n}{section.11.25}
\BOOKMARK [2][-]{subsection.11.25.2}{\376\377\000D\000e\000f\000i\000n\000e\000\040\000D\000o\000c\000u\000m\000e\000n\000t\000a\000t\000i\000o\000n}{section.11.25}
\BOOKMARK [3][-]{subsubsection.11.25.2.1}{\376\377\000V\000R\000N\000A\000\137\000P\000L\000O\000T\000\137\000T\000Y\000P\000E\000\137\000S\000I\000M\000P\000L\000E}{subsection.11.25.2}
\BOOKMARK [3][-]{subsubsection.11.25.2.2}{\376\377\000V\000R\000N\000A\000\137\000P\000L\000O\000T\000\137\000T\000Y\000P\000E\000\137\000N\000A\000V\000I\000E\000W}{subsection.11.25.2}
\BOOKMARK [3][-]{subsubsection.11.25.2.3}{\376\377\000V\000R\000N\000A\000\137\000P\000L\000O\000T\000\137\000T\000Y\000P\000E\000\137\000C\000I\000R\000C\000U\000L\000A\000R}{subsection.11.25.2}
\BOOKMARK [2][-]{subsection.11.25.3}{\376\377\000F\000u\000n\000c\000t\000i\000o\000n\000\040\000D\000o\000c\000u\000m\000e\000n\000t\000a\000t\000i\000o\000n}{section.11.25}
\BOOKMARK [3][-]{subsubsection.11.25.3.1}{\376\377\000s\000i\000m\000p\000l\000e\000\137\000x\000y\000\137\000c\000o\000o\000r\000d\000i\000n\000a\000t\000e\000s}{subsection.11.25.3}
\BOOKMARK [3][-]{subsubsection.11.25.3.2}{\376\377\000s\000i\000m\000p\000l\000e\000\137\000c\000i\000r\000c\000p\000l\000o\000t\000\137\000c\000o\000o\000r\000d\000i\000n\000a\000t\000e\000s}{subsection.11.25.3}
\BOOKMARK [2][-]{subsection.11.25.4}{\376\377\000V\000a\000r\000i\000a\000b\000l\000e\000\040\000D\000o\000c\000u\000m\000e\000n\000t\000a\000t\000i\000o\000n}{section.11.25}
\BOOKMARK [3][-]{subsubsection.11.25.4.1}{\376\377\000r\000n\000a\000\137\000p\000l\000o\000t\000\137\000t\000y\000p\000e}{subsection.11.25.4}
\BOOKMARK [1][-]{section.11.26}{\376\377\000H\000/\000p\000r\000o\000f\000i\000l\000e\000d\000i\000s\000t\000.\000h\000\040\000F\000i\000l\000e\000\040\000R\000e\000f\000e\000r\000e\000n\000c\000e}{chapter.11}
\BOOKMARK [2][-]{subsection.11.26.1}{\376\377\000D\000e\000t\000a\000i\000l\000e\000d\000\040\000D\000e\000s\000c\000r\000i\000p\000t\000i\000o\000n}{section.11.26}
\BOOKMARK [2][-]{subsection.11.26.2}{\376\377\000F\000u\000n\000c\000t\000i\000o\000n\000\040\000D\000o\000c\000u\000m\000e\000n\000t\000a\000t\000i\000o\000n}{section.11.26}
\BOOKMARK [3][-]{subsubsection.11.26.2.1}{\376\377\000p\000r\000o\000f\000i\000l\000e\000\137\000e\000d\000i\000t\000\137\000d\000i\000s\000t\000a\000n\000c\000e}{subsection.11.26.2}
\BOOKMARK [3][-]{subsubsection.11.26.2.2}{\376\377\000M\000a\000k\000e\000\137\000b\000p\000\137\000p\000r\000o\000f\000i\000l\000e\000\137\000b\000p\000p\000m}{subsection.11.26.2}
\BOOKMARK [3][-]{subsubsection.11.26.2.3}{\376\377\000f\000r\000e\000e\000\137\000p\000r\000o\000f\000i\000l\000e}{subsection.11.26.2}
\BOOKMARK [3][-]{subsubsection.11.26.2.4}{\376\377\000M\000a\000k\000e\000\137\000b\000p\000\137\000p\000r\000o\000f\000i\000l\000e}{subsection.11.26.2}
\BOOKMARK [1][-]{section.11.27}{\376\377\000H\000/\000P\000S\000\137\000d\000o\000t\000.\000h\000\040\000F\000i\000l\000e\000\040\000R\000e\000f\000e\000r\000e\000n\000c\000e}{chapter.11}
\BOOKMARK [2][-]{subsection.11.27.1}{\376\377\000D\000e\000t\000a\000i\000l\000e\000d\000\040\000D\000e\000s\000c\000r\000i\000p\000t\000i\000o\000n}{section.11.27}
\BOOKMARK [2][-]{subsection.11.27.2}{\376\377\000F\000u\000n\000c\000t\000i\000o\000n\000\040\000D\000o\000c\000u\000m\000e\000n\000t\000a\000t\000i\000o\000n}{section.11.27}
\BOOKMARK [3][-]{subsubsection.11.27.2.1}{\376\377\000P\000S\000\137\000r\000n\000a\000\137\000p\000l\000o\000t}{subsection.11.27.2}
\BOOKMARK [3][-]{subsubsection.11.27.2.2}{\376\377\000P\000S\000\137\000r\000n\000a\000\137\000p\000l\000o\000t\000\137\000a}{subsection.11.27.2}
\BOOKMARK [3][-]{subsubsection.11.27.2.3}{\376\377\000g\000m\000l\000R\000N\000A}{subsection.11.27.2}
\BOOKMARK [3][-]{subsubsection.11.27.2.4}{\376\377\000s\000s\000v\000\137\000r\000n\000a\000\137\000p\000l\000o\000t}{subsection.11.27.2}
\BOOKMARK [3][-]{subsubsection.11.27.2.5}{\376\377\000s\000v\000g\000\137\000r\000n\000a\000\137\000p\000l\000o\000t}{subsection.11.27.2}
\BOOKMARK [3][-]{subsubsection.11.27.2.6}{\376\377\000x\000r\000n\000a\000\137\000p\000l\000o\000t}{subsection.11.27.2}
\BOOKMARK [3][-]{subsubsection.11.27.2.7}{\376\377\000P\000S\000\137\000d\000o\000t\000\137\000p\000l\000o\000t\000\137\000l\000i\000s\000t}{subsection.11.27.2}
\BOOKMARK [3][-]{subsubsection.11.27.2.8}{\376\377\000P\000S\000\137\000d\000o\000t\000\137\000p\000l\000o\000t}{subsection.11.27.2}
\BOOKMARK [1][-]{section.11.28}{\376\377\000H\000/\000r\000e\000a\000d\000\137\000e\000p\000a\000r\000s\000.\000h\000\040\000F\000i\000l\000e\000\040\000R\000e\000f\000e\000r\000e\000n\000c\000e}{chapter.11}
\BOOKMARK [2][-]{subsection.11.28.1}{\376\377\000D\000e\000t\000a\000i\000l\000e\000d\000\040\000D\000e\000s\000c\000r\000i\000p\000t\000i\000o\000n}{section.11.28}
\BOOKMARK [2][-]{subsection.11.28.2}{\376\377\000F\000u\000n\000c\000t\000i\000o\000n\000\040\000D\000o\000c\000u\000m\000e\000n\000t\000a\000t\000i\000o\000n}{section.11.28}
\BOOKMARK [3][-]{subsubsection.11.28.2.1}{\376\377\000r\000e\000a\000d\000\137\000p\000a\000r\000a\000m\000e\000t\000e\000r\000\137\000f\000i\000l\000e}{subsection.11.28.2}
\BOOKMARK [3][-]{subsubsection.11.28.2.2}{\376\377\000w\000r\000i\000t\000e\000\137\000p\000a\000r\000a\000m\000e\000t\000e\000r\000\137\000f\000i\000l\000e}{subsection.11.28.2}
\BOOKMARK [1][-]{section.11.29}{\376\377\000H\000/\000R\000N\000A\000s\000t\000r\000u\000c\000t\000.\000h\000\040\000F\000i\000l\000e\000\040\000R\000e\000f\000e\000r\000e\000n\000c\000e}{chapter.11}
\BOOKMARK [2][-]{subsection.11.29.1}{\376\377\000D\000e\000t\000a\000i\000l\000e\000d\000\040\000D\000e\000s\000c\000r\000i\000p\000t\000i\000o\000n}{section.11.29}
\BOOKMARK [2][-]{subsection.11.29.2}{\376\377\000F\000u\000n\000c\000t\000i\000o\000n\000\040\000D\000o\000c\000u\000m\000e\000n\000t\000a\000t\000i\000o\000n}{section.11.29}
\BOOKMARK [3][-]{subsubsection.11.29.2.1}{\376\377\000b\0002\000H\000I\000T}{subsection.11.29.2}
\BOOKMARK [3][-]{subsubsection.11.29.2.2}{\376\377\000b\0002\000C}{subsection.11.29.2}
\BOOKMARK [3][-]{subsubsection.11.29.2.3}{\376\377\000b\0002\000S\000h\000a\000p\000i\000r\000o}{subsection.11.29.2}
\BOOKMARK [3][-]{subsubsection.11.29.2.4}{\376\377\000a\000d\000d\000\137\000r\000o\000o\000t}{subsection.11.29.2}
\BOOKMARK [3][-]{subsubsection.11.29.2.5}{\376\377\000e\000x\000p\000a\000n\000d\000\137\000S\000h\000a\000p\000i\000r\000o}{subsection.11.29.2}
\BOOKMARK [3][-]{subsubsection.11.29.2.6}{\376\377\000e\000x\000p\000a\000n\000d\000\137\000F\000u\000l\000l}{subsection.11.29.2}
\BOOKMARK [3][-]{subsubsection.11.29.2.7}{\376\377\000u\000n\000e\000x\000p\000a\000n\000d\000\137\000F\000u\000l\000l}{subsection.11.29.2}
\BOOKMARK [3][-]{subsubsection.11.29.2.8}{\376\377\000u\000n\000w\000e\000i\000g\000h\000t}{subsection.11.29.2}
\BOOKMARK [3][-]{subsubsection.11.29.2.9}{\376\377\000u\000n\000e\000x\000p\000a\000n\000d\000\137\000a\000l\000i\000g\000n\000e\000d\000\137\000F}{subsection.11.29.2}
\BOOKMARK [3][-]{subsubsection.11.29.2.10}{\376\377\000p\000a\000r\000s\000e\000\137\000s\000t\000r\000u\000c\000t\000u\000r\000e}{subsection.11.29.2}
\BOOKMARK [2][-]{subsection.11.29.3}{\376\377\000V\000a\000r\000i\000a\000b\000l\000e\000\040\000D\000o\000c\000u\000m\000e\000n\000t\000a\000t\000i\000o\000n}{section.11.29}
\BOOKMARK [3][-]{subsubsection.11.29.3.1}{\376\377\000l\000o\000o\000p\000\137\000s\000i\000z\000e}{subsection.11.29.3}
\BOOKMARK [1][-]{section.11.30}{\376\377\000H\000/\000s\000t\000r\000i\000n\000g\000d\000i\000s\000t\000.\000h\000\040\000F\000i\000l\000e\000\040\000R\000e\000f\000e\000r\000e\000n\000c\000e}{chapter.11}
\BOOKMARK [2][-]{subsection.11.30.1}{\376\377\000D\000e\000t\000a\000i\000l\000e\000d\000\040\000D\000e\000s\000c\000r\000i\000p\000t\000i\000o\000n}{section.11.30}
\BOOKMARK [2][-]{subsection.11.30.2}{\376\377\000F\000u\000n\000c\000t\000i\000o\000n\000\040\000D\000o\000c\000u\000m\000e\000n\000t\000a\000t\000i\000o\000n}{section.11.30}
\BOOKMARK [3][-]{subsubsection.11.30.2.1}{\376\377\000M\000a\000k\000e\000\137\000s\000w\000S\000t\000r\000i\000n\000g}{subsection.11.30.2}
\BOOKMARK [3][-]{subsubsection.11.30.2.2}{\376\377\000s\000t\000r\000i\000n\000g\000\137\000e\000d\000i\000t\000\137\000d\000i\000s\000t\000a\000n\000c\000e}{subsection.11.30.2}
\BOOKMARK [1][-]{section.11.31}{\376\377\000H\000/\000s\000u\000b\000o\000p\000t\000.\000h\000\040\000F\000i\000l\000e\000\040\000R\000e\000f\000e\000r\000e\000n\000c\000e}{chapter.11}
\BOOKMARK [2][-]{subsection.11.31.1}{\376\377\000D\000e\000t\000a\000i\000l\000e\000d\000\040\000D\000e\000s\000c\000r\000i\000p\000t\000i\000o\000n}{section.11.31}
\BOOKMARK [2][-]{subsection.11.31.2}{\376\377\000F\000u\000n\000c\000t\000i\000o\000n\000\040\000D\000o\000c\000u\000m\000e\000n\000t\000a\000t\000i\000o\000n}{section.11.31}
\BOOKMARK [3][-]{subsubsection.11.31.2.1}{\376\377\000s\000u\000b\000o\000p\000t}{subsection.11.31.2}
\BOOKMARK [3][-]{subsubsection.11.31.2.2}{\376\377\000s\000u\000b\000o\000p\000t\000\137\000c\000i\000r\000c}{subsection.11.31.2}
\BOOKMARK [1][-]{section.11.32}{\376\377\000H\000/\000t\000r\000e\000e\000d\000i\000s\000t\000.\000h\000\040\000F\000i\000l\000e\000\040\000R\000e\000f\000e\000r\000e\000n\000c\000e}{chapter.11}
\BOOKMARK [2][-]{subsection.11.32.1}{\376\377\000D\000e\000t\000a\000i\000l\000e\000d\000\040\000D\000e\000s\000c\000r\000i\000p\000t\000i\000o\000n}{section.11.32}
\BOOKMARK [2][-]{subsection.11.32.2}{\376\377\000F\000u\000n\000c\000t\000i\000o\000n\000\040\000D\000o\000c\000u\000m\000e\000n\000t\000a\000t\000i\000o\000n}{section.11.32}
\BOOKMARK [3][-]{subsubsection.11.32.2.1}{\376\377\000m\000a\000k\000e\000\137\000t\000r\000e\000e}{subsection.11.32.2}
\BOOKMARK [3][-]{subsubsection.11.32.2.2}{\376\377\000t\000r\000e\000e\000\137\000e\000d\000i\000t\000\137\000d\000i\000s\000t\000a\000n\000c\000e}{subsection.11.32.2}
\BOOKMARK [3][-]{subsubsection.11.32.2.3}{\376\377\000f\000r\000e\000e\000\137\000t\000r\000e\000e}{subsection.11.32.2}
\BOOKMARK [1][-]{section.11.33}{\376\377\000H\000/\000u\000t\000i\000l\000s\000.\000h\000\040\000F\000i\000l\000e\000\040\000R\000e\000f\000e\000r\000e\000n\000c\000e}{chapter.11}
\BOOKMARK [2][-]{subsection.11.33.1}{\376\377\000D\000e\000t\000a\000i\000l\000e\000d\000\040\000D\000e\000s\000c\000r\000i\000p\000t\000i\000o\000n}{section.11.33}
\BOOKMARK [2][-]{subsection.11.33.2}{\376\377\000D\000e\000f\000i\000n\000e\000\040\000D\000o\000c\000u\000m\000e\000n\000t\000a\000t\000i\000o\000n}{section.11.33}
\BOOKMARK [3][-]{subsubsection.11.33.2.1}{\376\377\000V\000R\000N\000A\000\137\000I\000N\000P\000U\000T\000\137\000F\000A\000S\000T\000A\000\137\000H\000E\000A\000D\000E\000R}{subsection.11.33.2}
\BOOKMARK [3][-]{subsubsection.11.33.2.2}{\376\377\000V\000R\000N\000A\000\137\000I\000N\000P\000U\000T\000\137\000S\000E\000Q\000U\000E\000N\000C\000E}{subsection.11.33.2}
\BOOKMARK [3][-]{subsubsection.11.33.2.3}{\376\377\000V\000R\000N\000A\000\137\000I\000N\000P\000U\000T\000\137\000C\000O\000N\000S\000T\000R\000A\000I\000N\000T}{subsection.11.33.2}
\BOOKMARK [3][-]{subsubsection.11.33.2.4}{\376\377\000V\000R\000N\000A\000\137\000C\000O\000N\000S\000T\000R\000A\000I\000N\000T\000\137\000D\000O\000T}{subsection.11.33.2}
\BOOKMARK [3][-]{subsubsection.11.33.2.5}{\376\377\000F\000I\000L\000E\000N\000A\000M\000E\000\137\000M\000A\000X\000\137\000L\000E\000N\000G\000T\000H}{subsection.11.33.2}
\BOOKMARK [3][-]{subsubsection.11.33.2.6}{\376\377\000F\000I\000L\000E\000N\000A\000M\000E\000\137\000I\000D\000\137\000L\000E\000N\000G\000T\000H}{subsection.11.33.2}
\BOOKMARK [2][-]{subsection.11.33.3}{\376\377\000F\000u\000n\000c\000t\000i\000o\000n\000\040\000D\000o\000c\000u\000m\000e\000n\000t\000a\000t\000i\000o\000n}{section.11.33}
\BOOKMARK [3][-]{subsubsection.11.33.3.1}{\376\377\000s\000p\000a\000c\000e}{subsection.11.33.3}
\BOOKMARK [3][-]{subsubsection.11.33.3.2}{\376\377\000x\000r\000e\000a\000l\000l\000o\000c}{subsection.11.33.3}
\BOOKMARK [3][-]{subsubsection.11.33.3.3}{\376\377\000n\000r\000e\000r\000r\000o\000r}{subsection.11.33.3}
\BOOKMARK [3][-]{subsubsection.11.33.3.4}{\376\377\000w\000a\000r\000n\000\137\000u\000s\000e\000r}{subsection.11.33.3}
\BOOKMARK [3][-]{subsubsection.11.33.3.5}{\376\377\000u\000r\000n}{subsection.11.33.3}
\BOOKMARK [3][-]{subsubsection.11.33.3.6}{\376\377\000i\000n\000t\000\137\000u\000r\000n}{subsection.11.33.3}
\BOOKMARK [3][-]{subsubsection.11.33.3.7}{\376\377\000t\000i\000m\000e\000\137\000s\000t\000a\000m\000p}{subsection.11.33.3}
\BOOKMARK [3][-]{subsubsection.11.33.3.8}{\376\377\000r\000a\000n\000d\000o\000m\000\137\000s\000t\000r\000i\000n\000g}{subsection.11.33.3}
\BOOKMARK [3][-]{subsubsection.11.33.3.9}{\376\377\000h\000a\000m\000m\000i\000n\000g}{subsection.11.33.3}
\BOOKMARK [3][-]{subsubsection.11.33.3.10}{\376\377\000h\000a\000m\000m\000i\000n\000g\000\137\000b\000o\000u\000n\000d}{subsection.11.33.3}
\BOOKMARK [3][-]{subsubsection.11.33.3.11}{\376\377\000g\000e\000t\000\137\000l\000i\000n\000e}{subsection.11.33.3}
\BOOKMARK [3][-]{subsubsection.11.33.3.12}{\376\377\000g\000e\000t\000\137\000i\000n\000p\000u\000t\000\137\000l\000i\000n\000e}{subsection.11.33.3}
\BOOKMARK [3][-]{subsubsection.11.33.3.13}{\376\377\000r\000e\000a\000d\000\137\000r\000e\000c\000o\000r\000d}{subsection.11.33.3}
\BOOKMARK [3][-]{subsubsection.11.33.3.14}{\376\377\000p\000a\000c\000k\000\137\000s\000t\000r\000u\000c\000t\000u\000r\000e}{subsection.11.33.3}
\BOOKMARK [3][-]{subsubsection.11.33.3.15}{\376\377\000u\000n\000p\000a\000c\000k\000\137\000s\000t\000r\000u\000c\000t\000u\000r\000e}{subsection.11.33.3}
\BOOKMARK [3][-]{subsubsection.11.33.3.16}{\376\377\000m\000a\000k\000e\000\137\000p\000a\000i\000r\000\137\000t\000a\000b\000l\000e}{subsection.11.33.3}
\BOOKMARK [3][-]{subsubsection.11.33.3.17}{\376\377\000c\000o\000p\000y\000\137\000p\000a\000i\000r\000\137\000t\000a\000b\000l\000e}{subsection.11.33.3}
\BOOKMARK [3][-]{subsubsection.11.33.3.18}{\376\377\000a\000l\000i\000m\000a\000k\000e\000\137\000p\000a\000i\000r\000\137\000t\000a\000b\000l\000e}{subsection.11.33.3}
\BOOKMARK [3][-]{subsubsection.11.33.3.19}{\376\377\000m\000a\000k\000e\000\137\000p\000a\000i\000r\000\137\000t\000a\000b\000l\000e\000\137\000s\000n\000o\000o\000p}{subsection.11.33.3}
\BOOKMARK [3][-]{subsubsection.11.33.3.20}{\376\377\000b\000p\000\137\000d\000i\000s\000t\000a\000n\000c\000e}{subsection.11.33.3}
\BOOKMARK [3][-]{subsubsection.11.33.3.21}{\376\377\000p\000r\000i\000n\000t\000\137\000t\000t\000y\000\137\000i\000n\000p\000u\000t\000\137\000s\000e\000q}{subsection.11.33.3}
\BOOKMARK [3][-]{subsubsection.11.33.3.22}{\376\377\000p\000r\000i\000n\000t\000\137\000t\000t\000y\000\137\000i\000n\000p\000u\000t\000\137\000s\000e\000q\000\137\000s\000t\000r}{subsection.11.33.3}
\BOOKMARK [3][-]{subsubsection.11.33.3.23}{\376\377\000p\000r\000i\000n\000t\000\137\000t\000t\000y\000\137\000c\000o\000n\000s\000t\000r\000a\000i\000n\000t\000\137\000f\000u\000l\000l}{subsection.11.33.3}
\BOOKMARK [3][-]{subsubsection.11.33.3.24}{\376\377\000p\000r\000i\000n\000t\000\137\000t\000t\000y\000\137\000c\000o\000n\000s\000t\000r\000a\000i\000n\000t}{subsection.11.33.3}
\BOOKMARK [3][-]{subsubsection.11.33.3.25}{\376\377\000s\000t\000r\000\137\000D\000N\000A\0002\000R\000N\000A}{subsection.11.33.3}
\BOOKMARK [3][-]{subsubsection.11.33.3.26}{\376\377\000s\000t\000r\000\137\000u\000p\000p\000e\000r\000c\000a\000s\000e}{subsection.11.33.3}
\BOOKMARK [3][-]{subsubsection.11.33.3.27}{\376\377\000g\000e\000t\000\137\000i\000i\000n\000d\000x}{subsection.11.33.3}
\BOOKMARK [3][-]{subsubsection.11.33.3.28}{\376\377\000g\000e\000t\000\137\000i\000n\000d\000x}{subsection.11.33.3}
\BOOKMARK [3][-]{subsubsection.11.33.3.29}{\376\377\000c\000o\000n\000s\000t\000r\000a\000i\000n\000\137\000p\000t\000y\000p\000e\000s}{subsection.11.33.3}
\BOOKMARK [2][-]{subsection.11.33.4}{\376\377\000V\000a\000r\000i\000a\000b\000l\000e\000\040\000D\000o\000c\000u\000m\000e\000n\000t\000a\000t\000i\000o\000n}{section.11.33}
\BOOKMARK [3][-]{subsubsection.11.33.4.1}{\376\377\000x\000s\000u\000b\000i}{subsection.11.33.4}
\BOOKMARK [1][-]{section.11.34}{\376\377\000l\000i\000b\000/\0001\000.\0008\000.\0004\000\137\000e\000p\000a\000r\000s\000.\000h\000\040\000F\000i\000l\000e\000\040\000R\000e\000f\000e\000r\000e\000n\000c\000e}{chapter.11}
\BOOKMARK [2][-]{subsection.11.34.1}{\376\377\000D\000e\000t\000a\000i\000l\000e\000d\000\040\000D\000e\000s\000c\000r\000i\000p\000t\000i\000o\000n}{section.11.34}
\BOOKMARK [1][-]{section.11.35}{\376\377\000l\000i\000b\000/\0001\000.\0008\000.\0004\000\137\000i\000n\000t\000l\000o\000o\000p\000s\000.\000h\000\040\000F\000i\000l\000e\000\040\000R\000e\000f\000e\000r\000e\000n\000c\000e}{chapter.11}
\BOOKMARK [2][-]{subsection.11.35.1}{\376\377\000D\000e\000t\000a\000i\000l\000e\000d\000\040\000D\000e\000s\000c\000r\000i\000p\000t\000i\000o\000n}{section.11.35}
