This file contains any messages produced by compilers while
running configure, to aid debugging if configure makes a mistake.

It was created by RNAforester configure 1.5, which was
generated by GNU Autoconf 2.68.  Invocation command line was

  $ ./configure --disable-option-checking --prefix=/usr/local --cache-file=/dev/null --srcdir=.

## --------- ##
## Platform. ##
## --------- ##

hostname = zewail
uname -m = x86_64
uname -r = 3.1.10-1.9-default
uname -s = Linux
uname -v = #1 SMP Thu Apr 5 18:48:38 UTC 2012 (4a97ec8)

/usr/bin/uname -p = unknown
/bin/uname -X     = unknown

/bin/arch              = x86_64
/usr/bin/arch -k       = unknown
/usr/convex/getsysinfo = unknown
/usr/bin/hostinfo      = unknown
/bin/machine           = unknown
/usr/bin/oslevel       = unknown
/bin/universe          = unknown

PATH: /cs/local/bin
PATH: /cs/local/generic/bin
PATH: /cs/local/bin/pbm+
PATH: /bin
PATH: /usr/ucb
PATH: /usr/bin
PATH: /ubc/cs/home/j/jeffrp/bin
PATH: /ubc/cs/home/j/jeffrp/bin/ix64linux
PATH: /ubc/cs/home/j/jeffrp/perl5/bin
PATH: /usr/lib64/mpi/gcc/openmpi/bin
PATH: /usr/local/bin
PATH: /usr/bin/X11
PATH: /usr/X11R6/bin
PATH: /usr/games
PATH: /opt/kde3/bin
PATH: /usr/lib/mit/bin
PATH: /usr/lib/mit/sbin
PATH: /usr/lib/qt3/bin
PATH: /usr/sbin
PATH: /usr/lib/lp/postscript
PATH: /home/o/oracle/bin
PATH: /ubc/cs/research/irmtraud/people/jeffrp/bin
PATH: /ubc/cs/research/irmtraud/people/jujubix/bin/src/R-2.13.2/bin


## ----------- ##
## Core tests. ##
## ----------- ##

configure:2070: loading site script /usr/share/site/x86_64-unknown-linux-gnu
| #!/bin/sh
| # Site script for configure. It is resourced via \$CONFIG_SITE environment varaible.
| 
| # If user did not specify libdir, guess the correct target:
| # Use lib64 for 64 bit targets, keep the default for the rest.
| if test "$libdir" = '${exec_prefix}/lib' ; then
| 
| 	# We are trying to guess 32-bit target compilation. It's not as easy as
| 	# it sounds, as there is possible several intermediate combinations.
| 	ac_config_site_32bit_target=NONE
| 
| 	# User defined -m32 in CFLAGS or CXXFLAGS:
| 	# (It's sufficient for 32-bit, but alone may cause mis-behavior of some checks.)
| 	case "$CFLAGS" in
| 		*-m32*)
| 			ac_config_site_32bit_target=YES
| 			;;
| 	esac
| 	case "$CXXFLAGS" in
| 		*-m32*)
| 			ac_config_site_32bit_target=YES
| 			;;
| 	esac
| 
| 	# User explicitly specified counterpart --host:
| 	# (If cross toolchain is installed, generates 32-bit, else generates native.)
| 	case "$host" in
| 			*i[3456]86-* | ppc-* | s390-* )
| 			ac_config_site_32bit_target=YES
| 			;;
| 	esac
| 
| 	# Running with linux32:
| 	# (Changes detected platform, but not the toolchain target.)
| 	case "`/bin/uname -i`" in
| 		x86_64 | ppc64 | s390x )
| 			;;
| 		* )
| 			ac_config_site_32bit_target=YES
| 			;;
| 	esac
| 
| 	if test "x$ac_config_site_32bit_target" = xNONE; then
| 		libdir='${exec_prefix}/lib64'
| 	fi
| fi
| 
| # If user did not specify libexecdir, guess the correct target:
| # Nor FHS nor openSUSE allow prefix/libexec. Let's default to prefix/lib.
| 
| libexecdir='${exec_prefix}/lib'
| 
| # Continue with the standard behavior of configure defined in AC_SITE_LOAD:
| if test "x$prefix" != xNONE; then
| 	ac_site_file1=$prefix/share/config.site
| 	ac_site_file2=$prefix/etc/config.site
| else
| 	ac_site_file1=$ac_default_prefix/share/config.site
| 	ac_site_file2=$ac_default_prefix/etc/config.site
| fi
| for ac_site_file in "$ac_site_file1" "$ac_site_file2"
| do
| 	test "x$ac_site_file" = xNONE && continue
| 	if test /dev/null != "$ac_site_file" && test -r "$ac_site_file"; then
| 		{ $as_echo "/usr/share/site/x86_64-unknown-linux-gnu:${as_lineno-$LINENO}: loading site script $ac_site_file" >&5
| $as_echo "/usr/share/site/x86_64-unknown-linux-gnu: loading site script $ac_site_file" >&6;}
| 		sed 's/^/| /' "$ac_site_file" >&5
| 		. "$ac_site_file" \
| 			|| { { $as_echo "/usr/share/site/x86_64-unknown-linux-gnu:${as_lineno-$LINENO}: error: in \`$ac_pwd':" >&5
| $as_echo "/usr/share/site/x86_64-unknown-linux-gnu: error: in \`$ac_pwd':" >&2;}
| as_fn_error $? "failed to load site script $ac_site_file
| See \`config.log' for more details" "$LINENO" 5; }
| 	fi
| done
configure:2212: checking for a BSD-compatible install
configure:2280: result: /usr/bin/install -c
configure:2291: checking whether build environment is sane
configure:2341: result: yes
configure:2482: checking for a thread-safe mkdir -p
configure:2521: result: /bin/mkdir -p
configure:2534: checking for gawk
configure:2550: found /bin/gawk
configure:2561: result: gawk
configure:2572: checking whether make sets $(MAKE)
configure:2594: result: yes
configure:2736: checking for g++
configure:2752: found /usr/bin/g++
configure:2763: result: g++
configure:2790: checking for C++ compiler version
configure:2799: g++ --version >&5
g++ (SUSE Linux) 4.6.2
Copyright (C) 2011 Free Software Foundation, Inc.
This is free software; see the source for copying conditions.  There is NO
warranty; not even for MERCHANTABILITY or FITNESS FOR A PARTICULAR PURPOSE.

configure:2810: $? = 0
configure:2799: g++ -v >&5
Using built-in specs.
COLLECT_GCC=g++
COLLECT_LTO_WRAPPER=/usr/lib64/gcc/x86_64-suse-linux/4.6/lto-wrapper
Target: x86_64-suse-linux
Configured with: ../configure --prefix=/usr --infodir=/usr/share/info --mandir=/usr/share/man --libdir=/usr/lib64 --libexecdir=/usr/lib64 --enable-languages=c,c++,objc,fortran,obj-c++,java,ada --enable-checking=release --with-gxx-include-dir=/usr/include/c++/4.6 --enable-ssp --disable-libssp --disable-plugin --with-bugurl=http://bugs.opensuse.org/ --with-pkgversion='SUSE Linux' --disable-libgcj --disable-libmudflap --with-slibdir=/lib64 --with-system-zlib --enable-__cxa_atexit --enable-libstdcxx-allocator=new --disable-libstdcxx-pch --enable-version-specific-runtime-libs --program-suffix=-4.6 --enable-linux-futex --without-system-libunwind --with-arch-32=i586 --with-tune=generic --build=x86_64-suse-linux
Thread model: posix
gcc version 4.6.2 (SUSE Linux) 
configure:2810: $? = 0
configure:2799: g++ -V >&5
g++: error: unrecognized option '-V'
g++: fatal error: no input files
compilation terminated.
configure:2810: $? = 1
configure:2799: g++ -qversion >&5
g++: error: unrecognized option '-qversion'
g++: fatal error: no input files
compilation terminated.
configure:2810: $? = 1
configure:2830: checking whether the C++ compiler works
configure:2852: g++    conftest.cpp  >&5
configure:2856: $? = 0
configure:2904: result: yes
configure:2907: checking for C++ compiler default output file name
configure:2909: result: a.out
configure:2915: checking for suffix of executables
configure:2922: g++ -o conftest    conftest.cpp  >&5
configure:2926: $? = 0
configure:2948: result: 
configure:2970: checking whether we are cross compiling
configure:2978: g++ -o conftest    conftest.cpp  >&5
configure:2982: $? = 0
configure:2989: ./conftest
configure:2993: $? = 0
configure:3008: result: no
configure:3013: checking for suffix of object files
configure:3035: g++ -c   conftest.cpp >&5
configure:3039: $? = 0
configure:3060: result: o
configure:3064: checking whether we are using the GNU C++ compiler
configure:3083: g++ -c   conftest.cpp >&5
configure:3083: $? = 0
configure:3092: result: yes
configure:3101: checking whether g++ accepts -g
configure:3121: g++ -c -g  conftest.cpp >&5
configure:3121: $? = 0
configure:3162: result: yes
configure:3196: checking for style of include used by make
configure:3224: result: GNU
configure:3249: checking dependency style of g++
configure:3359: result: gcc3
configure:3422: checking for gcc
configure:3438: found /usr/bin/gcc
configure:3449: result: gcc
configure:3678: checking for C compiler version
configure:3687: gcc --version >&5
gcc (SUSE Linux) 4.6.2
Copyright (C) 2011 Free Software Foundation, Inc.
This is free software; see the source for copying conditions.  There is NO
warranty; not even for MERCHANTABILITY or FITNESS FOR A PARTICULAR PURPOSE.

configure:3698: $? = 0
configure:3687: gcc -v >&5
Using built-in specs.
COLLECT_GCC=gcc
COLLECT_LTO_WRAPPER=/usr/lib64/gcc/x86_64-suse-linux/4.6/lto-wrapper
Target: x86_64-suse-linux
Configured with: ../configure --prefix=/usr --infodir=/usr/share/info --mandir=/usr/share/man --libdir=/usr/lib64 --libexecdir=/usr/lib64 --enable-languages=c,c++,objc,fortran,obj-c++,java,ada --enable-checking=release --with-gxx-include-dir=/usr/include/c++/4.6 --enable-ssp --disable-libssp --disable-plugin --with-bugurl=http://bugs.opensuse.org/ --with-pkgversion='SUSE Linux' --disable-libgcj --disable-libmudflap --with-slibdir=/lib64 --with-system-zlib --enable-__cxa_atexit --enable-libstdcxx-allocator=new --disable-libstdcxx-pch --enable-version-specific-runtime-libs --program-suffix=-4.6 --enable-linux-futex --without-system-libunwind --with-arch-32=i586 --with-tune=generic --build=x86_64-suse-linux
Thread model: posix
gcc version 4.6.2 (SUSE Linux) 
configure:3698: $? = 0
configure:3687: gcc -V >&5
gcc: error: unrecognized option '-V'
gcc: fatal error: no input files
compilation terminated.
configure:3698: $? = 1
configure:3687: gcc -qversion >&5
gcc: error: unrecognized option '-qversion'
gcc: fatal error: no input files
compilation terminated.
configure:3698: $? = 1
configure:3702: checking whether we are using the GNU C compiler
configure:3721: gcc -c   conftest.c >&5
configure:3721: $? = 0
configure:3730: result: yes
configure:3739: checking whether gcc accepts -g
configure:3759: gcc -c -g  conftest.c >&5
configure:3759: $? = 0
configure:3800: result: yes
configure:3817: checking for gcc option to accept ISO C89
configure:3881: gcc  -c -g -O2  conftest.c >&5
configure:3881: $? = 0
configure:3894: result: none needed
configure:3916: checking dependency style of gcc
configure:4026: result: gcc3
configure:4058: checking for g++ option to support OpenMP
configure:4073: g++ -o conftest -g -O2   conftest.cpp  >&5
conftest.cpp:13:2: error: 'choke' does not name a type
In file included from conftest.cpp:15:0:
/usr/lib64/gcc/x86_64-suse-linux/4.6/include/omp.h:38:3: error: 'omp_lock_t' does not name a type
/usr/lib64/gcc/x86_64-suse-linux/4.6/include/omp.h:76:28: error: variable or field 'omp_init_lock' declared void
/usr/lib64/gcc/x86_64-suse-linux/4.6/include/omp.h:76:28: error: 'omp_lock_t' was not declared in this scope
/usr/lib64/gcc/x86_64-suse-linux/4.6/include/omp.h:76:40: error: expected primary-expression before ')' token
/usr/lib64/gcc/x86_64-suse-linux/4.6/include/omp.h:77:31: error: variable or field 'omp_destroy_lock' declared void
/usr/lib64/gcc/x86_64-suse-linux/4.6/include/omp.h:77:31: error: 'omp_lock_t' was not declared in this scope
/usr/lib64/gcc/x86_64-suse-linux/4.6/include/omp.h:77:43: error: expected primary-expression before ')' token
/usr/lib64/gcc/x86_64-suse-linux/4.6/include/omp.h:78:27: error: variable or field 'omp_set_lock' declared void
/usr/lib64/gcc/x86_64-suse-linux/4.6/include/omp.h:78:27: error: 'omp_lock_t' was not declared in this scope
/usr/lib64/gcc/x86_64-suse-linux/4.6/include/omp.h:78:39: error: expected primary-expression before ')' token
/usr/lib64/gcc/x86_64-suse-linux/4.6/include/omp.h:79:29: error: variable or field 'omp_unset_lock' declared void
/usr/lib64/gcc/x86_64-suse-linux/4.6/include/omp.h:79:29: error: 'omp_lock_t' was not declared in this scope
/usr/lib64/gcc/x86_64-suse-linux/4.6/include/omp.h:79:41: error: expected primary-expression before ')' token
/usr/lib64/gcc/x86_64-suse-linux/4.6/include/omp.h:80:27: error: 'omp_lock_t' was not declared in this scope
/usr/lib64/gcc/x86_64-suse-linux/4.6/include/omp.h:80:39: error: expected primary-expression before ')' token
/usr/lib64/gcc/x86_64-suse-linux/4.6/include/omp.h:80:41: error: expected ',' or ';' before 'throw'
configure:4073: $? = 1
configure: failed program was:
| /* confdefs.h */
| #define PACKAGE_NAME "RNAforester"
| #define PACKAGE_TARNAME "RNAforester"
| #define PACKAGE_VERSION "1.5"
| #define PACKAGE_STRING "RNAforester 1.5"
| #define PACKAGE_BUGREPORT "mhoechsm@techfak.uni-bielefeld.de"
| #define PACKAGE_URL ""
| #define PACKAGE "RNAforester"
| #define VERSION "1.5"
| /* end confdefs.h.  */
| 
| #ifndef _OPENMP
|  choke me
| #endif
| #include <omp.h>
| int main () { return omp_get_num_threads (); }
| 
configure:4090: g++ -o conftest -g -O2 -fopenmp   conftest.cpp  >&5
configure:4090: $? = 0
configure:4104: result: -fopenmp
configure:4129: result: using (to be built) libRNA.a in ../lib
configure:4239: checking for main in -lgd
configure:4258: g++ -o conftest -g -O2 -Ig2-0.70/src/  -L../../lib  -fopenmp conftest.cpp -lgd  -lRNA  >&5
/usr/lib64/gcc/x86_64-suse-linux/4.6/../../../../x86_64-suse-linux/bin/ld: cannot find -lgd
/usr/lib64/gcc/x86_64-suse-linux/4.6/../../../../x86_64-suse-linux/bin/ld: cannot find -lRNA
collect2: ld returned 1 exit status
configure:4258: $? = 1
configure: failed program was:
| /* confdefs.h */
| #define PACKAGE_NAME "RNAforester"
| #define PACKAGE_TARNAME "RNAforester"
| #define PACKAGE_VERSION "1.5"
| #define PACKAGE_STRING "RNAforester 1.5"
| #define PACKAGE_BUGREPORT "mhoechsm@techfak.uni-bielefeld.de"
| #define PACKAGE_URL ""
| #define PACKAGE "RNAforester"
| #define VERSION "1.5"
| #define HAVE_LIBRNA 1
| /* end confdefs.h.  */
| 
| 
| int
| main ()
| {
| return main ();
|   ;
|   return 0;
| }
configure:4267: result: no
configure:4284: checking how to run the C++ preprocessor
configure:4311: g++ -E -Ig2-0.70/src/  conftest.cpp
configure:4311: $? = 0
configure:4325: g++ -E -Ig2-0.70/src/  conftest.cpp
conftest.cpp:12:28: fatal error: ac_nonexistent.h: No such file or directory
compilation terminated.
configure:4325: $? = 1
configure: failed program was:
| /* confdefs.h */
| #define PACKAGE_NAME "RNAforester"
| #define PACKAGE_TARNAME "RNAforester"
| #define PACKAGE_VERSION "1.5"
| #define PACKAGE_STRING "RNAforester 1.5"
| #define PACKAGE_BUGREPORT "mhoechsm@techfak.uni-bielefeld.de"
| #define PACKAGE_URL ""
| #define PACKAGE "RNAforester"
| #define VERSION "1.5"
| #define HAVE_LIBRNA 1
| /* end confdefs.h.  */
| #include <ac_nonexistent.h>
configure:4350: result: g++ -E
configure:4370: g++ -E -Ig2-0.70/src/  conftest.cpp
configure:4370: $? = 0
configure:4384: g++ -E -Ig2-0.70/src/  conftest.cpp
conftest.cpp:12:28: fatal error: ac_nonexistent.h: No such file or directory
compilation terminated.
configure:4384: $? = 1
configure: failed program was:
| /* confdefs.h */
| #define PACKAGE_NAME "RNAforester"
| #define PACKAGE_TARNAME "RNAforester"
| #define PACKAGE_VERSION "1.5"
| #define PACKAGE_STRING "RNAforester 1.5"
| #define PACKAGE_BUGREPORT "mhoechsm@techfak.uni-bielefeld.de"
| #define PACKAGE_URL ""
| #define PACKAGE "RNAforester"
| #define VERSION "1.5"
| #define HAVE_LIBRNA 1
| /* end confdefs.h.  */
| #include <ac_nonexistent.h>
configure:4413: checking for grep that handles long lines and -e
configure:4471: result: /bin/grep
configure:4476: checking for egrep
configure:4538: result: /bin/grep -E
configure:4543: checking for ANSI C header files
configure:4563: g++ -c -g -O2 -Ig2-0.70/src/  conftest.cpp >&5
configure:4563: $? = 0
configure:4636: g++ -o conftest -g -O2 -Ig2-0.70/src/  -L../../lib  -fopenmp conftest.cpp -lRNA  >&5
/usr/lib64/gcc/x86_64-suse-linux/4.6/../../../../x86_64-suse-linux/bin/ld: cannot find -lRNA
collect2: ld returned 1 exit status
configure:4636: $? = 1
configure: program exited with status 1
configure: failed program was:
| /* confdefs.h */
| #define PACKAGE_NAME "RNAforester"
| #define PACKAGE_TARNAME "RNAforester"
| #define PACKAGE_VERSION "1.5"
| #define PACKAGE_STRING "RNAforester 1.5"
| #define PACKAGE_BUGREPORT "mhoechsm@techfak.uni-bielefeld.de"
| #define PACKAGE_URL ""
| #define PACKAGE "RNAforester"
| #define VERSION "1.5"
| #define HAVE_LIBRNA 1
| /* end confdefs.h.  */
| #include <ctype.h>
| #include <stdlib.h>
| #if ((' ' & 0x0FF) == 0x020)
| # define ISLOWER(c) ('a' <= (c) && (c) <= 'z')
| # define TOUPPER(c) (ISLOWER(c) ? 'A' + ((c) - 'a') : (c))
| #else
| # define ISLOWER(c) 		   (('a' <= (c) && (c) <= 'i') 		     || ('j' <= (c) && (c) <= 'r') 		     || ('s' <= (c) && (c) <= 'z'))
| # define TOUPPER(c) (ISLOWER(c) ? ((c) | 0x40) : (c))
| #endif
| 
| #define XOR(e, f) (((e) && !(f)) || (!(e) && (f)))
| int
| main ()
| {
|   int i;
|   for (i = 0; i < 256; i++)
|     if (XOR (islower (i), ISLOWER (i))
| 	|| toupper (i) != TOUPPER (i))
|       return 2;
|   return 0;
| }
configure:4647: result: no
configure:4660: checking for sys/types.h
configure:4660: g++ -c -g -O2 -Ig2-0.70/src/  conftest.cpp >&5
configure:4660: $? = 0
configure:4660: result: yes
configure:4660: checking for sys/stat.h
configure:4660: g++ -c -g -O2 -Ig2-0.70/src/  conftest.cpp >&5
configure:4660: $? = 0
configure:4660: result: yes
configure:4660: checking for stdlib.h
configure:4660: g++ -c -g -O2 -Ig2-0.70/src/  conftest.cpp >&5
configure:4660: $? = 0
configure:4660: result: yes
configure:4660: checking for string.h
configure:4660: g++ -c -g -O2 -Ig2-0.70/src/  conftest.cpp >&5
configure:4660: $? = 0
configure:4660: result: yes
configure:4660: checking for memory.h
configure:4660: g++ -c -g -O2 -Ig2-0.70/src/  conftest.cpp >&5
configure:4660: $? = 0
configure:4660: result: yes
configure:4660: checking for strings.h
configure:4660: g++ -c -g -O2 -Ig2-0.70/src/  conftest.cpp >&5
configure:4660: $? = 0
configure:4660: result: yes
configure:4660: checking for inttypes.h
configure:4660: g++ -c -g -O2 -Ig2-0.70/src/  conftest.cpp >&5
configure:4660: $? = 0
configure:4660: result: yes
configure:4660: checking for stdint.h
configure:4660: g++ -c -g -O2 -Ig2-0.70/src/  conftest.cpp >&5
configure:4660: $? = 0
configure:4660: result: yes
configure:4660: checking for unistd.h
configure:4660: g++ -c -g -O2 -Ig2-0.70/src/  conftest.cpp >&5
configure:4660: $? = 0
configure:4660: result: yes
configure:4672: checking g2.h usability
configure:4672: g++ -c -g -O2 -Ig2-0.70/src/  conftest.cpp >&5
configure:4672: $? = 0
configure:4672: result: yes
configure:4672: checking g2.h presence
configure:4672: g++ -E -Ig2-0.70/src/  conftest.cpp
configure:4672: $? = 0
configure:4672: result: yes
configure:4672: checking for g2.h
configure:4672: result: yes
configure:4684: checking for an ANSI C-conforming const
configure:4749: g++ -c -g -O2 -Ig2-0.70/src/  conftest.cpp >&5
configure:4749: $? = 0
configure:4756: result: yes
configure:4764: checking for inline
configure:4780: g++ -c -g -O2 -Ig2-0.70/src/  conftest.cpp >&5
configure:4780: $? = 0
configure:4788: result: inline
configure:4806: checking for size_t
configure:4806: g++ -c -g -O2 -Ig2-0.70/src/  conftest.cpp >&5
configure:4806: $? = 0
configure:4806: g++ -c -g -O2 -Ig2-0.70/src/  conftest.cpp >&5
conftest.cpp: In function 'int main()':
conftest.cpp:58:20: error: expected primary-expression before ')' token
configure:4806: $? = 1
configure: failed program was:
| /* confdefs.h */
| #define PACKAGE_NAME "RNAforester"
| #define PACKAGE_TARNAME "RNAforester"
| #define PACKAGE_VERSION "1.5"
| #define PACKAGE_STRING "RNAforester 1.5"
| #define PACKAGE_BUGREPORT "mhoechsm@techfak.uni-bielefeld.de"
| #define PACKAGE_URL ""
| #define PACKAGE "RNAforester"
| #define VERSION "1.5"
| #define HAVE_LIBRNA 1
| #define HAVE_SYS_TYPES_H 1
| #define HAVE_SYS_STAT_H 1
| #define HAVE_STDLIB_H 1
| #define HAVE_STRING_H 1
| #define HAVE_MEMORY_H 1
| #define HAVE_STRINGS_H 1
| #define HAVE_INTTYPES_H 1
| #define HAVE_STDINT_H 1
| #define HAVE_UNISTD_H 1
| #define HAVE_LIBG2 1
| /* end confdefs.h.  */
| #include <stdio.h>
| #ifdef HAVE_SYS_TYPES_H
| # include <sys/types.h>
| #endif
| #ifdef HAVE_SYS_STAT_H
| # include <sys/stat.h>
| #endif
| #ifdef STDC_HEADERS
| # include <stdlib.h>
| # include <stddef.h>
| #else
| # ifdef HAVE_STDLIB_H
| #  include <stdlib.h>
| # endif
| #endif
| #ifdef HAVE_STRING_H
| # if !defined STDC_HEADERS && defined HAVE_MEMORY_H
| #  include <memory.h>
| # endif
| # include <string.h>
| #endif
| #ifdef HAVE_STRINGS_H
| # include <strings.h>
| #endif
| #ifdef HAVE_INTTYPES_H
| # include <inttypes.h>
| #endif
| #ifdef HAVE_STDINT_H
| # include <stdint.h>
| #endif
| #ifdef HAVE_UNISTD_H
| # include <unistd.h>
| #endif
| int
| main ()
| {
| if (sizeof ((size_t)))
| 	    return 0;
|   ;
|   return 0;
| }
configure:4806: result: yes
configure:4971: creating ./config.status

## ---------------------- ##
## Running config.status. ##
## ---------------------- ##

This file was extended by RNAforester config.status 1.5, which was
generated by GNU Autoconf 2.68.  Invocation command line was

  CONFIG_FILES    = 
  CONFIG_HEADERS  = 
  CONFIG_LINKS    = 
  CONFIG_COMMANDS = 
  $ ./config.status 

on zewail

config.status:870: creating Makefile
config.status:870: creating src/Makefile
config.status:870: creating man/Makefile
config.status:870: creating config.h
config.status:1051: config.h is unchanged
config.status:1099: executing depfiles commands
configure:6369: === configuring in g2-0.70 (/ubc/cs/research/irmtraud/people/jeffrp/eclipse_projects/Vienna2/RNAforester/g2-0.70)
configure:6432: running /bin/sh ./configure --disable-option-checking '--prefix=/usr/local'  --cache-file=/dev/null --srcdir=.

## ---------------- ##
## Cache variables. ##
## ---------------- ##

ac_cv_c_compiler_gnu=yes
ac_cv_c_const=yes
ac_cv_c_inline=inline
ac_cv_cxx_compiler_gnu=yes
ac_cv_env_CCC_set=
ac_cv_env_CCC_value=
ac_cv_env_CC_set=
ac_cv_env_CC_value=
ac_cv_env_CFLAGS_set=
ac_cv_env_CFLAGS_value=
ac_cv_env_CPPFLAGS_set=
ac_cv_env_CPPFLAGS_value=
ac_cv_env_CXXCPP_set=
ac_cv_env_CXXCPP_value=
ac_cv_env_CXXFLAGS_set=
ac_cv_env_CXXFLAGS_value=
ac_cv_env_CXX_set=
ac_cv_env_CXX_value=
ac_cv_env_LDFLAGS_set=
ac_cv_env_LDFLAGS_value=
ac_cv_env_LIBS_set=
ac_cv_env_LIBS_value=
ac_cv_env_build_alias_set=
ac_cv_env_build_alias_value=
ac_cv_env_host_alias_set=
ac_cv_env_host_alias_value=
ac_cv_env_target_alias_set=
ac_cv_env_target_alias_value=
ac_cv_header_g2_h=yes
ac_cv_header_inttypes_h=yes
ac_cv_header_memory_h=yes
ac_cv_header_stdc=no
ac_cv_header_stdint_h=yes
ac_cv_header_stdlib_h=yes
ac_cv_header_string_h=yes
ac_cv_header_strings_h=yes
ac_cv_header_sys_stat_h=yes
ac_cv_header_sys_types_h=yes
ac_cv_header_unistd_h=yes
ac_cv_lib_gd_main=no
ac_cv_objext=o
ac_cv_path_EGREP='/bin/grep -E'
ac_cv_path_GREP=/bin/grep
ac_cv_path_install='/usr/bin/install -c'
ac_cv_path_mkdir=/bin/mkdir
ac_cv_prog_AWK=gawk
ac_cv_prog_CXXCPP='g++ -E'
ac_cv_prog_ac_ct_CC=gcc
ac_cv_prog_ac_ct_CXX=g++
ac_cv_prog_cc_c89=
ac_cv_prog_cc_g=yes
ac_cv_prog_cxx_g=yes
ac_cv_prog_cxx_openmp=-fopenmp
ac_cv_prog_make_make_set=yes
ac_cv_type_size_t=yes
am_cv_CC_dependencies_compiler_type=gcc3
am_cv_CXX_dependencies_compiler_type=gcc3

## ----------------- ##
## Output variables. ##
## ----------------- ##

ACLOCAL='${SHELL} /ubc/cs/research/irmtraud/people/jeffrp/eclipse_projects/Vienna2/RNAforester/missing --run aclocal-1.11'
AMDEPBACKSLASH='\'
AMDEP_FALSE='#'
AMDEP_TRUE=''
AMTAR='${SHELL} /ubc/cs/research/irmtraud/people/jeffrp/eclipse_projects/Vienna2/RNAforester/missing --run tar'
AUTOCONF='${SHELL} /ubc/cs/research/irmtraud/people/jeffrp/eclipse_projects/Vienna2/RNAforester/missing --run autoconf'
AUTOHEADER='${SHELL} /ubc/cs/research/irmtraud/people/jeffrp/eclipse_projects/Vienna2/RNAforester/missing --run autoheader'
AUTOMAKE='${SHELL} /ubc/cs/research/irmtraud/people/jeffrp/eclipse_projects/Vienna2/RNAforester/missing --run automake-1.11'
AWK='gawk'
CC='gcc'
CCDEPMODE='depmode=gcc3'
CFLAGS='-g -O2'
CPPFLAGS=' -I../g2-0.70/include/ '
CXX='g++'
CXXCPP='g++ -E'
CXXDEPMODE='depmode=gcc3'
CXXFLAGS='-g -O2'
CYGPATH_W='echo'
DEFS='-DHAVE_CONFIG_H'
DEPDIR='.deps'
ECHO_C=''
ECHO_N='-n'
ECHO_T=''
EGREP='/bin/grep -E'
EXEEXT=''
GREP='/bin/grep'
INSTALL_DATA='${INSTALL} -m 644'
INSTALL_PROGRAM='${INSTALL}'
INSTALL_SCRIPT='${INSTALL}'
INSTALL_STRIP_PROGRAM='$(install_sh) -c -s'
LDFLAGS='-L../g2-0.70 -L../../lib  -fopenmp'
LIBOBJS=''
LIBS='-lg2 -lRNA '
LTLIBOBJS=''
MAKEINFO='${SHELL} /ubc/cs/research/irmtraud/people/jeffrp/eclipse_projects/Vienna2/RNAforester/missing --run makeinfo'
MKDIR_P='/bin/mkdir -p'
OBJEXT='o'
OPENMP_CXXFLAGS='-fopenmp'
PACKAGE='RNAforester'
PACKAGE_BUGREPORT='mhoechsm@techfak.uni-bielefeld.de'
PACKAGE_NAME='RNAforester'
PACKAGE_STRING='RNAforester 1.5'
PACKAGE_TARNAME='RNAforester'
PACKAGE_URL=''
PACKAGE_VERSION='1.5'
PATH_SEPARATOR=':'
SET_MAKE=''
SHELL='/bin/sh'
STRIP=''
VERSION='1.5'
ac_ct_CC='gcc'
ac_ct_CXX='g++'
am__EXEEXT_FALSE=''
am__EXEEXT_TRUE='#'
am__fastdepCC_FALSE='#'
am__fastdepCC_TRUE=''
am__fastdepCXX_FALSE='#'
am__fastdepCXX_TRUE=''
am__include='include'
am__isrc=''
am__leading_dot='.'
am__quote=''
am__tar='${AMTAR} chof - "$$tardir"'
am__untar='${AMTAR} xf -'
bindir='${exec_prefix}/bin'
build_alias=''
datadir='${datarootdir}'
datarootdir='${prefix}/share'
docdir='${datarootdir}/doc/${PACKAGE_TARNAME}'
dvidir='${docdir}'
exec_prefix='${prefix}'
host_alias=''
htmldir='${docdir}'
includedir='${prefix}/include'
infodir='${datarootdir}/info'
install_sh='${SHELL} /ubc/cs/research/irmtraud/people/jeffrp/eclipse_projects/Vienna2/RNAforester/install-sh'
libdir='${exec_prefix}/lib64'
libexecdir='${exec_prefix}/lib'
localedir='${datarootdir}/locale'
localstatedir='${prefix}/var'
mandir='${datarootdir}/man'
mkdir_p='/bin/mkdir -p'
oldincludedir='/usr/include'
pdfdir='${docdir}'
prefix='/usr/local'
program_transform_name='s,x,x,'
psdir='${docdir}'
sbindir='${exec_prefix}/sbin'
sharedstatedir='${prefix}/com'
subdirs=' g2-0.70'
sysconfdir='${prefix}/etc'
target_alias=''

## ----------- ##
## confdefs.h. ##
## ----------- ##

/* confdefs.h */
#define PACKAGE_NAME "RNAforester"
#define PACKAGE_TARNAME "RNAforester"
#define PACKAGE_VERSION "1.5"
#define PACKAGE_STRING "RNAforester 1.5"
#define PACKAGE_BUGREPORT "mhoechsm@techfak.uni-bielefeld.de"
#define PACKAGE_URL ""
#define PACKAGE "RNAforester"
#define VERSION "1.5"
#define HAVE_LIBRNA 1
#define HAVE_SYS_TYPES_H 1
#define HAVE_SYS_STAT_H 1
#define HAVE_STDLIB_H 1
#define HAVE_STRING_H 1
#define HAVE_MEMORY_H 1
#define HAVE_STRINGS_H 1
#define HAVE_INTTYPES_H 1
#define HAVE_STDINT_H 1
#define HAVE_UNISTD_H 1
#define HAVE_LIBG2 1

configure: exit 0
