This file contains any messages produced by compilers while
running configure, to aid debugging if configure makes a mistake.

It was created by kinfold configure 1.3, which was
generated by GNU Autoconf 2.68.  Invocation command line was

  $ ./configure --disable-option-checking --prefix=/usr/local --cache-file=/dev/null --srcdir=.

## --------- ##
## Platform. ##
## --------- ##

hostname = zewail
uname -m = x86_64
uname -r = 3.1.10-1.9-default
uname -s = Linux
uname -v = #1 SMP Thu Apr 5 18:48:38 UTC 2012 (4a97ec8)

/usr/bin/uname -p = unknown
/bin/uname -X     = unknown

/bin/arch              = x86_64
/usr/bin/arch -k       = unknown
/usr/convex/getsysinfo = unknown
/usr/bin/hostinfo      = unknown
/bin/machine           = unknown
/usr/bin/oslevel       = unknown
/bin/universe          = unknown

PATH: /cs/local/bin
PATH: /cs/local/generic/bin
PATH: /cs/local/bin/pbm+
PATH: /bin
PATH: /usr/ucb
PATH: /usr/bin
PATH: /ubc/cs/home/j/jeffrp/bin
PATH: /ubc/cs/home/j/jeffrp/bin/ix64linux
PATH: /ubc/cs/home/j/jeffrp/perl5/bin
PATH: /usr/lib64/mpi/gcc/openmpi/bin
PATH: /usr/local/bin
PATH: /usr/bin/X11
PATH: /usr/X11R6/bin
PATH: /usr/games
PATH: /opt/kde3/bin
PATH: /usr/lib/mit/bin
PATH: /usr/lib/mit/sbin
PATH: /usr/lib/qt3/bin
PATH: /usr/sbin
PATH: /usr/lib/lp/postscript
PATH: /home/o/oracle/bin
PATH: /ubc/cs/research/irmtraud/people/jeffrp/bin
PATH: /ubc/cs/research/irmtraud/people/jujubix/bin/src/R-2.13.2/bin


## ----------- ##
## Core tests. ##
## ----------- ##

configure:2046: loading site script /usr/share/site/x86_64-unknown-linux-gnu
| #!/bin/sh
| # Site script for configure. It is resourced via \$CONFIG_SITE environment varaible.
| 
| # If user did not specify libdir, guess the correct target:
| # Use lib64 for 64 bit targets, keep the default for the rest.
| if test "$libdir" = '${exec_prefix}/lib' ; then
| 
| 	# We are trying to guess 32-bit target compilation. It's not as easy as
| 	# it sounds, as there is possible several intermediate combinations.
| 	ac_config_site_32bit_target=NONE
| 
| 	# User defined -m32 in CFLAGS or CXXFLAGS:
| 	# (It's sufficient for 32-bit, but alone may cause mis-behavior of some checks.)
| 	case "$CFLAGS" in
| 		*-m32*)
| 			ac_config_site_32bit_target=YES
| 			;;
| 	esac
| 	case "$CXXFLAGS" in
| 		*-m32*)
| 			ac_config_site_32bit_target=YES
| 			;;
| 	esac
| 
| 	# User explicitly specified counterpart --host:
| 	# (If cross toolchain is installed, generates 32-bit, else generates native.)
| 	case "$host" in
| 			*i[3456]86-* | ppc-* | s390-* )
| 			ac_config_site_32bit_target=YES
| 			;;
| 	esac
| 
| 	# Running with linux32:
| 	# (Changes detected platform, but not the toolchain target.)
| 	case "`/bin/uname -i`" in
| 		x86_64 | ppc64 | s390x )
| 			;;
| 		* )
| 			ac_config_site_32bit_target=YES
| 			;;
| 	esac
| 
| 	if test "x$ac_config_site_32bit_target" = xNONE; then
| 		libdir='${exec_prefix}/lib64'
| 	fi
| fi
| 
| # If user did not specify libexecdir, guess the correct target:
| # Nor FHS nor openSUSE allow prefix/libexec. Let's default to prefix/lib.
| 
| libexecdir='${exec_prefix}/lib'
| 
| # Continue with the standard behavior of configure defined in AC_SITE_LOAD:
| if test "x$prefix" != xNONE; then
| 	ac_site_file1=$prefix/share/config.site
| 	ac_site_file2=$prefix/etc/config.site
| else
| 	ac_site_file1=$ac_default_prefix/share/config.site
| 	ac_site_file2=$ac_default_prefix/etc/config.site
| fi
| for ac_site_file in "$ac_site_file1" "$ac_site_file2"
| do
| 	test "x$ac_site_file" = xNONE && continue
| 	if test /dev/null != "$ac_site_file" && test -r "$ac_site_file"; then
| 		{ $as_echo "/usr/share/site/x86_64-unknown-linux-gnu:${as_lineno-$LINENO}: loading site script $ac_site_file" >&5
| $as_echo "/usr/share/site/x86_64-unknown-linux-gnu: loading site script $ac_site_file" >&6;}
| 		sed 's/^/| /' "$ac_site_file" >&5
| 		. "$ac_site_file" \
| 			|| { { $as_echo "/usr/share/site/x86_64-unknown-linux-gnu:${as_lineno-$LINENO}: error: in \`$ac_pwd':" >&5
| $as_echo "/usr/share/site/x86_64-unknown-linux-gnu: error: in \`$ac_pwd':" >&2;}
| as_fn_error $? "failed to load site script $ac_site_file
| See \`config.log' for more details" "$LINENO" 5; }
| 	fi
| done
configure:2189: checking for a BSD-compatible install
configure:2257: result: /usr/bin/install -c
configure:2268: checking whether build environment is sane
configure:2318: result: yes
configure:2459: checking for a thread-safe mkdir -p
configure:2498: result: /bin/mkdir -p
configure:2511: checking for gawk
configure:2527: found /bin/gawk
configure:2538: result: gawk
configure:2549: checking whether make sets $(MAKE)
configure:2571: result: yes
configure:2652: checking if malloc debugging is wanted
configure:2670: result: no
configure:2724: checking for gcc
configure:2740: found /usr/bin/gcc
configure:2751: result: gcc
configure:2980: checking for C compiler version
configure:2989: gcc --version >&5
gcc (SUSE Linux) 4.6.2
Copyright (C) 2011 Free Software Foundation, Inc.
This is free software; see the source for copying conditions.  There is NO
warranty; not even for MERCHANTABILITY or FITNESS FOR A PARTICULAR PURPOSE.

configure:3000: $? = 0
configure:2989: gcc -v >&5
Using built-in specs.
COLLECT_GCC=gcc
COLLECT_LTO_WRAPPER=/usr/lib64/gcc/x86_64-suse-linux/4.6/lto-wrapper
Target: x86_64-suse-linux
Configured with: ../configure --prefix=/usr --infodir=/usr/share/info --mandir=/usr/share/man --libdir=/usr/lib64 --libexecdir=/usr/lib64 --enable-languages=c,c++,objc,fortran,obj-c++,java,ada --enable-checking=release --with-gxx-include-dir=/usr/include/c++/4.6 --enable-ssp --disable-libssp --disable-plugin --with-bugurl=http://bugs.opensuse.org/ --with-pkgversion='SUSE Linux' --disable-libgcj --disable-libmudflap --with-slibdir=/lib64 --with-system-zlib --enable-__cxa_atexit --enable-libstdcxx-allocator=new --disable-libstdcxx-pch --enable-version-specific-runtime-libs --program-suffix=-4.6 --enable-linux-futex --without-system-libunwind --with-arch-32=i586 --with-tune=generic --build=x86_64-suse-linux
Thread model: posix
gcc version 4.6.2 (SUSE Linux) 
configure:3000: $? = 0
configure:2989: gcc -V >&5
gcc: error: unrecognized option '-V'
gcc: fatal error: no input files
compilation terminated.
configure:3000: $? = 1
configure:2989: gcc -qversion >&5
gcc: error: unrecognized option '-qversion'
gcc: fatal error: no input files
compilation terminated.
configure:3000: $? = 1
configure:3020: checking whether the C compiler works
configure:3042: gcc    conftest.c  >&5
configure:3046: $? = 0
configure:3094: result: yes
configure:3097: checking for C compiler default output file name
configure:3099: result: a.out
configure:3105: checking for suffix of executables
configure:3112: gcc -o conftest    conftest.c  >&5
configure:3116: $? = 0
configure:3138: result: 
configure:3160: checking whether we are cross compiling
configure:3168: gcc -o conftest    conftest.c  >&5
configure:3172: $? = 0
configure:3179: ./conftest
configure:3183: $? = 0
configure:3198: result: no
configure:3203: checking for suffix of object files
configure:3225: gcc -c   conftest.c >&5
configure:3229: $? = 0
configure:3250: result: o
configure:3254: checking whether we are using the GNU C compiler
configure:3273: gcc -c   conftest.c >&5
configure:3273: $? = 0
configure:3282: result: yes
configure:3291: checking whether gcc accepts -g
configure:3311: gcc -c -g  conftest.c >&5
configure:3311: $? = 0
configure:3352: result: yes
configure:3369: checking for gcc option to accept ISO C89
configure:3433: gcc  -c -g -O2  conftest.c >&5
configure:3433: $? = 0
configure:3446: result: none needed
configure:3477: checking for style of include used by make
configure:3505: result: GNU
configure:3530: checking dependency style of gcc
configure:3640: result: gcc3
configure:3668: checking build system type
configure:3682: result: x86_64-unknown-linux-gnu
configure:3702: checking host system type
configure:3715: result: x86_64-unknown-linux-gnu
configure:3740: checking for strdup
configure:3740: gcc -o conftest -g -O2   conftest.c  >&5
conftest.c:34:6: warning: conflicting types for built-in function 'strdup' [enabled by default]
configure:3740: $? = 0
configure:3740: result: yes
configure:3740: checking for memset
configure:3740: gcc -o conftest -g -O2   conftest.c  >&5
conftest.c:35:6: warning: conflicting types for built-in function 'memset' [enabled by default]
configure:3740: $? = 0
configure:3740: result: yes
configure:3740: checking for strchr
configure:3740: gcc -o conftest -g -O2   conftest.c  >&5
conftest.c:36:6: warning: conflicting types for built-in function 'strchr' [enabled by default]
configure:3740: $? = 0
configure:3740: result: yes
configure:3772: checking for gcc option to support OpenMP
configure:3787: gcc -o conftest -g -O2   conftest.c  >&5
conftest.c:16:2: error: unknown type name 'choke'
In file included from conftest.c:18:0:
/usr/lib64/gcc/x86_64-suse-linux/4.6/include/omp.h:34:1: error: expected '=', ',', ';', 'asm' or '__attribute__' before 'typedef'
configure:3787: $? = 1
configure: failed program was:
| /* confdefs.h */
| #define PACKAGE_NAME "kinfold"
| #define PACKAGE_TARNAME "Kinfold"
| #define PACKAGE_VERSION "1.3"
| #define PACKAGE_STRING "kinfold 1.3"
| #define PACKAGE_BUGREPORT "rna@tbi.univie.ac.at"
| #define PACKAGE_URL ""
| #define PACKAGE "Kinfold"
| #define VERSION "1.3"
| #define HAVE_STRDUP 1
| #define HAVE_MEMSET 1
| #define HAVE_STRCHR 1
| /* end confdefs.h.  */
| 
| #ifndef _OPENMP
|  choke me
| #endif
| #include <omp.h>
| int main () { return omp_get_num_threads (); }
| 
configure:3804: gcc -o conftest -g -O2 -fopenmp   conftest.c  >&5
configure:3804: $? = 0
configure:3818: result: -fopenmp
configure:3830: checking for ViennaRNA package
configure:3873: result:  headers in "../H" and library... "../lib"
configure:3883: checking how to run the C preprocessor
configure:3914: gcc -E  -I../H conftest.c
configure:3914: $? = 0
configure:3928: gcc -E  -I../H conftest.c
conftest.c:14:28: fatal error: ac_nonexistent.h: No such file or directory
compilation terminated.
configure:3928: $? = 1
configure: failed program was:
| /* confdefs.h */
| #define PACKAGE_NAME "kinfold"
| #define PACKAGE_TARNAME "Kinfold"
| #define PACKAGE_VERSION "1.3"
| #define PACKAGE_STRING "kinfold 1.3"
| #define PACKAGE_BUGREPORT "rna@tbi.univie.ac.at"
| #define PACKAGE_URL ""
| #define PACKAGE "Kinfold"
| #define VERSION "1.3"
| #define HAVE_STRDUP 1
| #define HAVE_MEMSET 1
| #define HAVE_STRCHR 1
| /* end confdefs.h.  */
| #include <ac_nonexistent.h>
configure:3953: result: gcc -E
configure:3973: gcc -E  -I../H conftest.c
configure:3973: $? = 0
configure:3987: gcc -E  -I../H conftest.c
conftest.c:14:28: fatal error: ac_nonexistent.h: No such file or directory
compilation terminated.
configure:3987: $? = 1
configure: failed program was:
| /* confdefs.h */
| #define PACKAGE_NAME "kinfold"
| #define PACKAGE_TARNAME "Kinfold"
| #define PACKAGE_VERSION "1.3"
| #define PACKAGE_STRING "kinfold 1.3"
| #define PACKAGE_BUGREPORT "rna@tbi.univie.ac.at"
| #define PACKAGE_URL ""
| #define PACKAGE "Kinfold"
| #define VERSION "1.3"
| #define HAVE_STRDUP 1
| #define HAVE_MEMSET 1
| #define HAVE_STRCHR 1
| /* end confdefs.h.  */
| #include <ac_nonexistent.h>
configure:4016: checking for grep that handles long lines and -e
configure:4074: result: /bin/grep
configure:4079: checking for egrep
configure:4141: result: /bin/grep -E
configure:4146: checking for ANSI C header files
configure:4166: gcc -c -g -O2  -I../H conftest.c >&5
configure:4166: $? = 0
configure:4239: gcc -o conftest -g -O2  -I../H -L../lib  conftest.c  >&5
configure:4239: $? = 0
configure:4239: ./conftest
configure:4239: $? = 0
configure:4250: result: yes
configure:4263: checking for sys/types.h
configure:4263: gcc -c -g -O2  -I../H conftest.c >&5
configure:4263: $? = 0
configure:4263: result: yes
configure:4263: checking for sys/stat.h
configure:4263: gcc -c -g -O2  -I../H conftest.c >&5
configure:4263: $? = 0
configure:4263: result: yes
configure:4263: checking for stdlib.h
configure:4263: gcc -c -g -O2  -I../H conftest.c >&5
configure:4263: $? = 0
configure:4263: result: yes
configure:4263: checking for string.h
configure:4263: gcc -c -g -O2  -I../H conftest.c >&5
configure:4263: $? = 0
configure:4263: result: yes
configure:4263: checking for memory.h
configure:4263: gcc -c -g -O2  -I../H conftest.c >&5
configure:4263: $? = 0
configure:4263: result: yes
configure:4263: checking for strings.h
configure:4263: gcc -c -g -O2  -I../H conftest.c >&5
configure:4263: $? = 0
configure:4263: result: yes
configure:4263: checking for inttypes.h
configure:4263: gcc -c -g -O2  -I../H conftest.c >&5
configure:4263: $? = 0
configure:4263: result: yes
configure:4263: checking for stdint.h
configure:4263: gcc -c -g -O2  -I../H conftest.c >&5
configure:4263: $? = 0
configure:4263: result: yes
configure:4263: checking for unistd.h
configure:4263: gcc -c -g -O2  -I../H conftest.c >&5
configure:4263: $? = 0
configure:4263: result: yes
configure:4278: checking for stdlib.h
configure:4278: result: yes
configure:4278: checking for string.h
configure:4278: result: yes
configure:4278: checking for strings.h
configure:4278: result: yes
configure:4278: checking for unistd.h
configure:4278: result: yes
configure:4278: checking fold.h usability
configure:4278: gcc -c -g -O2  -I../H conftest.c >&5
configure:4278: $? = 0
configure:4278: result: yes
configure:4278: checking fold.h presence
configure:4278: gcc -E  -I../H conftest.c
configure:4278: $? = 0
configure:4278: result: yes
configure:4278: checking for fold.h
configure:4278: result: yes
configure:4289: checking for exp in -lm
configure:4314: gcc -o conftest -g -O2  -I../H -L../lib  conftest.c -lm   >&5
conftest.c:36:6: warning: conflicting types for built-in function 'exp' [enabled by default]
configure:4314: $? = 0
configure:4323: result: yes
configure:4336: checking for stdlib.h
configure:4336: result: yes
configure:4346: checking for GNU libc compatible malloc
configure:4370: gcc -o conftest -g -O2  -I../H -L../lib  conftest.c -lm  >&5
configure:4370: $? = 0
configure:4370: ./conftest
configure:4370: $? = 0
configure:4380: result: yes
configure:4403: checking for stdlib.h
configure:4403: result: yes
configure:4413: checking for GNU libc compatible realloc
configure:4437: gcc -o conftest -g -O2  -I../H -L../lib  conftest.c -lm  >&5
configure:4437: $? = 0
configure:4437: ./conftest
configure:4437: $? = 0
configure:4447: result: yes
configure:4471: checking for an ANSI C-conforming const
configure:4536: gcc -c -g -O2  -I../H conftest.c >&5
configure:4536: $? = 0
configure:4543: result: yes
configure:4685: creating ./config.status

## ---------------------- ##
## Running config.status. ##
## ---------------------- ##

This file was extended by kinfold config.status 1.3, which was
generated by GNU Autoconf 2.68.  Invocation command line was

  CONFIG_FILES    = 
  CONFIG_HEADERS  = 
  CONFIG_LINKS    = 
  CONFIG_COMMANDS = 
  $ ./config.status 

on zewail

config.status:883: creating Example/Makefile
config.status:883: creating Makefile
config.status:883: creating config.h
config.status:1064: config.h is unchanged
config.status:1112: executing depfiles commands

## ---------------- ##
## Cache variables. ##
## ---------------- ##

ac_cv_build=x86_64-unknown-linux-gnu
ac_cv_c_compiler_gnu=yes
ac_cv_c_const=yes
ac_cv_env_CC_set=
ac_cv_env_CC_value=
ac_cv_env_CFLAGS_set=
ac_cv_env_CFLAGS_value=
ac_cv_env_CPPFLAGS_set=
ac_cv_env_CPPFLAGS_value=
ac_cv_env_CPP_set=
ac_cv_env_CPP_value=
ac_cv_env_LDFLAGS_set=
ac_cv_env_LDFLAGS_value=
ac_cv_env_LIBS_set=
ac_cv_env_LIBS_value=
ac_cv_env_build_alias_set=
ac_cv_env_build_alias_value=
ac_cv_env_host_alias_set=
ac_cv_env_host_alias_value=
ac_cv_env_target_alias_set=
ac_cv_env_target_alias_value=
ac_cv_func_malloc_0_nonnull=yes
ac_cv_func_memset=yes
ac_cv_func_realloc_0_nonnull=yes
ac_cv_func_strchr=yes
ac_cv_func_strdup=yes
ac_cv_header_fold_h=yes
ac_cv_header_inttypes_h=yes
ac_cv_header_memory_h=yes
ac_cv_header_stdc=yes
ac_cv_header_stdint_h=yes
ac_cv_header_stdlib_h=yes
ac_cv_header_string_h=yes
ac_cv_header_strings_h=yes
ac_cv_header_sys_stat_h=yes
ac_cv_header_sys_types_h=yes
ac_cv_header_unistd_h=yes
ac_cv_host=x86_64-unknown-linux-gnu
ac_cv_lib_m_exp=yes
ac_cv_objext=o
ac_cv_path_EGREP='/bin/grep -E'
ac_cv_path_GREP=/bin/grep
ac_cv_path_install='/usr/bin/install -c'
ac_cv_path_mkdir=/bin/mkdir
ac_cv_prog_AWK=gawk
ac_cv_prog_CPP='gcc -E'
ac_cv_prog_ac_ct_CC=gcc
ac_cv_prog_c_openmp=-fopenmp
ac_cv_prog_cc_c89=
ac_cv_prog_cc_g=yes
ac_cv_prog_make_make_set=yes
am_cv_CC_dependencies_compiler_type=gcc3

## ----------------- ##
## Output variables. ##
## ----------------- ##

ACLOCAL='${SHELL} /ubc/cs/research/irmtraud/people/jeffrp/eclipse_projects/Vienna2/Kinfold/missing --run aclocal-1.11'
AMDEPBACKSLASH='\'
AMDEP_FALSE='#'
AMDEP_TRUE=''
AMTAR='${SHELL} /ubc/cs/research/irmtraud/people/jeffrp/eclipse_projects/Vienna2/Kinfold/missing --run tar'
AUTOCONF='${SHELL} /ubc/cs/research/irmtraud/people/jeffrp/eclipse_projects/Vienna2/Kinfold/missing --run autoconf'
AUTOHEADER='${SHELL} /ubc/cs/research/irmtraud/people/jeffrp/eclipse_projects/Vienna2/Kinfold/missing --run autoheader'
AUTOMAKE='${SHELL} /ubc/cs/research/irmtraud/people/jeffrp/eclipse_projects/Vienna2/Kinfold/missing --run automake-1.11'
AWK='gawk'
CC='gcc'
CCDEPMODE='depmode=gcc3'
CFLAGS='-g -O2'
CPP='gcc -E'
CPPFLAGS=' -I../H'
CYGPATH_W='echo'
DEFS='-DHAVE_CONFIG_H'
DEPDIR='.deps'
ECHO_C=''
ECHO_N='-n'
ECHO_T=''
EGREP='/bin/grep -E'
EXEEXT=''
GREP='/bin/grep'
INSTALL_DATA='${INSTALL} -m 644'
INSTALL_PROGRAM='${INSTALL}'
INSTALL_SCRIPT='${INSTALL}'
INSTALL_STRIP_PROGRAM='$(install_sh) -c -s'
ISODATE='2012-05-22'
LDFLAGS='-L../lib '
LIBOBJS=''
LIBS='-lRNA -lm '
LTLIBOBJS=''
MAKEINFO='${SHELL} /ubc/cs/research/irmtraud/people/jeffrp/eclipse_projects/Vienna2/Kinfold/missing --run makeinfo'
MKDIR_P='/bin/mkdir -p'
OBJEXT='o'
OPENMP_CFLAGS='-fopenmp'
PACKAGE='Kinfold'
PACKAGE_BUGREPORT='rna@tbi.univie.ac.at'
PACKAGE_NAME='kinfold'
PACKAGE_STRING='kinfold 1.3'
PACKAGE_TARNAME='Kinfold'
PACKAGE_URL=''
PACKAGE_VERSION='1.3'
PATH_SEPARATOR=':'
SET_MAKE=''
SHELL='/bin/sh'
STRIP=''
VERSION='1.3'
ac_ct_CC='gcc'
am__EXEEXT_FALSE=''
am__EXEEXT_TRUE='#'
am__fastdepCC_FALSE='#'
am__fastdepCC_TRUE=''
am__include='include'
am__isrc=''
am__leading_dot='.'
am__quote=''
am__tar='${AMTAR} chof - "$$tardir"'
am__untar='${AMTAR} xf -'
bindir='${exec_prefix}/bin'
build='x86_64-unknown-linux-gnu'
build_alias=''
build_cpu='x86_64'
build_os='linux-gnu'
build_vendor='unknown'
datadir='${datarootdir}'
datarootdir='${prefix}/share'
docdir='${datarootdir}/doc/${PACKAGE_TARNAME}'
dvidir='${docdir}'
exec_prefix='${prefix}'
host='x86_64-unknown-linux-gnu'
host_alias=''
host_cpu='x86_64'
host_os='linux-gnu'
host_vendor='unknown'
htmldir='${docdir}'
includedir='${prefix}/include'
infodir='${datarootdir}/info'
install_sh='${SHELL} /ubc/cs/research/irmtraud/people/jeffrp/eclipse_projects/Vienna2/Kinfold/install-sh'
libdir='${exec_prefix}/lib64'
libexecdir='${exec_prefix}/lib'
localedir='${datarootdir}/locale'
localstatedir='${prefix}/var'
mandir='${datarootdir}/man'
mkdir_p='/bin/mkdir -p'
oldincludedir='/usr/include'
pdfdir='${docdir}'
prefix='/usr/local'
program_transform_name='s,x,x,'
psdir='${docdir}'
sbindir='${exec_prefix}/sbin'
sharedstatedir='${prefix}/com'
sysconfdir='${prefix}/etc'
target_alias=''

## ----------- ##
## confdefs.h. ##
## ----------- ##

/* confdefs.h */
#define PACKAGE_NAME "kinfold"
#define PACKAGE_TARNAME "Kinfold"
#define PACKAGE_VERSION "1.3"
#define PACKAGE_STRING "kinfold 1.3"
#define PACKAGE_BUGREPORT "rna@tbi.univie.ac.at"
#define PACKAGE_URL ""
#define PACKAGE "Kinfold"
#define VERSION "1.3"
#define HAVE_STRDUP 1
#define HAVE_MEMSET 1
#define HAVE_STRCHR 1
#define STDC_HEADERS 1
#define HAVE_SYS_TYPES_H 1
#define HAVE_SYS_STAT_H 1
#define HAVE_STDLIB_H 1
#define HAVE_STRING_H 1
#define HAVE_MEMORY_H 1
#define HAVE_STRINGS_H 1
#define HAVE_INTTYPES_H 1
#define HAVE_STDINT_H 1
#define HAVE_UNISTD_H 1
#define HAVE_STDLIB_H 1
#define HAVE_STRING_H 1
#define HAVE_STRINGS_H 1
#define HAVE_UNISTD_H 1
#define HAVE_FOLD_H 1
#define HAVE_LIBM 1
#define HAVE_STDLIB_H 1
#define HAVE_MALLOC 1
#define HAVE_STDLIB_H 1
#define HAVE_REALLOC 1

configure: exit 0
